<?xml version="1.0" encoding="UTF-8"?>
<coverage generated="1767830327673" clover="3.2.0">
  <project timestamp="1767830327673" name="All files">
    <metrics statements="921" coveredstatements="769" conditionals="580" coveredconditionals="361" methods="87" coveredmethods="75" elements="1588" coveredelements="1205" complexity="0" loc="921" ncloc="921" packages="2" files="10" classes="10"/>
    <package name="src">
      <metrics statements="10" coveredstatements="6" conditionals="8" coveredconditionals="4" methods="2" coveredmethods="2"/>
      <file name="debug.ts" path="C:\Projects\comfy-node-organizer\src\debug.ts">
        <metrics statements="10" coveredstatements="6" conditionals="8" coveredconditionals="4" methods="2" coveredmethods="2"/>
        <line num="2" count="1" type="stmt"/>
        <line num="3" count="1" type="stmt"/>
        <line num="9" count="465" type="stmt"/>
        <line num="11" count="465" type="cond" truecount="3" falsecount="1"/>
        <line num="12" count="0" type="stmt"/>
        <line num="13" count="0" type="cond" truecount="0" falsecount="2"/>
        <line num="15" count="465" type="stmt"/>
        <line num="17" count="0" type="stmt"/>
        <line num="23" count="465" type="cond" truecount="1" falsecount="1"/>
        <line num="24" count="0" type="stmt"/>
      </file>
    </package>
    <package name="src.layout">
      <metrics statements="911" coveredstatements="763" conditionals="572" coveredconditionals="357" methods="85" coveredmethods="73"/>
      <file name="bin-pack.ts" path="C:\Projects\comfy-node-organizer\src\layout\bin-pack.ts">
        <metrics statements="66" coveredstatements="42" conditionals="30" coveredconditionals="17" methods="17" coveredmethods="9"/>
        <line num="29" count="144" type="cond" truecount="1" falsecount="1"/>
        <line num="32" count="144" type="cond" truecount="2" falsecount="0"/>
        <line num="34" count="16" type="stmt"/>
        <line num="38" count="128" type="stmt"/>
        <line num="39" count="170" type="stmt"/>
        <line num="40" count="170" type="stmt"/>
        <line num="48" count="128" type="stmt"/>
        <line num="50" count="128" type="cond" truecount="1" falsecount="1"/>
        <line num="52" count="0" type="stmt"/>
        <line num="56" count="128" type="stmt"/>
        <line num="67" count="16" type="stmt"/>
        <line num="68" count="16" type="stmt"/>
        <line num="70" count="16" type="stmt"/>
        <line num="71" count="37" type="stmt"/>
        <line num="72" count="37" type="cond" truecount="1" falsecount="1"/>
        <line num="73" count="37" type="cond" truecount="1" falsecount="1"/>
        <line num="75" count="37" type="stmt"/>
        <line num="82" count="37" type="stmt"/>
        <line num="85" count="16" type="stmt"/>
        <line num="98" count="0" type="stmt"/>
        <line num="99" count="0" type="stmt"/>
        <line num="101" count="0" type="stmt"/>
        <line num="102" count="0" type="stmt"/>
        <line num="104" count="0" type="cond" truecount="0" falsecount="2"/>
        <line num="106" count="0" type="stmt"/>
        <line num="107" count="0" type="stmt"/>
        <line num="109" count="0" type="stmt"/>
        <line num="110" count="0" type="stmt"/>
        <line num="116" count="0" type="stmt"/>
        <line num="121" count="0" type="cond" truecount="0" falsecount="2"/>
        <line num="122" count="0" type="stmt"/>
        <line num="123" count="0" type="stmt"/>
        <line num="125" count="0" type="stmt"/>
        <line num="126" count="0" type="stmt"/>
        <line num="134" count="0" type="stmt"/>
        <line num="135" count="0" type="stmt"/>
        <line num="136" count="0" type="stmt"/>
        <line num="137" count="0" type="stmt"/>
        <line num="140" count="0" type="stmt"/>
        <line num="157" count="128" type="stmt"/>
        <line num="159" count="128" type="stmt"/>
        <line num="161" count="170" type="stmt"/>
        <line num="163" count="170" type="stmt"/>
        <line num="164" count="46" type="stmt"/>
        <line num="168" count="46" type="cond" truecount="1" falsecount="1"/>
        <line num="169" count="46" type="cond" truecount="2" falsecount="0"/>
        <line num="171" count="46" type="cond" truecount="4" falsecount="0"/>
        <line num="172" count="14" type="stmt"/>
        <line num="173" count="14" type="stmt"/>
        <line num="174" count="14" type="stmt"/>
        <line num="175" count="14" type="stmt"/>
        <line num="176" count="14" type="stmt"/>
        <line num="180" count="170" type="cond" truecount="2" falsecount="0"/>
        <line num="182" count="156" type="stmt"/>
        <line num="191" count="128" type="stmt"/>
        <line num="194" count="128" type="stmt"/>
        <line num="195" count="128" type="stmt"/>
        <line num="197" count="128" type="stmt"/>
        <line num="198" count="156" type="stmt"/>
        <line num="199" count="170" type="stmt"/>
        <line num="205" count="156" type="stmt"/>
        <line num="208" count="128" type="stmt"/>
        <line num="215" count="0" type="cond" truecount="0" falsecount="2"/>
        <line num="216" count="0" type="stmt"/>
        <line num="217" count="0" type="stmt"/>
        <line num="224" count="90" type="stmt"/>
      </file>
      <file name="graph-builder.ts" path="C:\Projects\comfy-node-organizer\src\layout\graph-builder.ts">
        <metrics statements="208" coveredstatements="158" conditionals="150" coveredconditionals="89" methods="13" coveredmethods="10"/>
        <line num="30" count="44" type="cond" truecount="2" falsecount="2"/>
        <line num="31" count="0" type="stmt"/>
        <line num="33" count="0" type="cond" truecount="0" falsecount="2"/>
        <line num="35" count="0" type="stmt"/>
        <line num="36" count="0" type="stmt"/>
        <line num="37" count="0" type="cond" truecount="0" falsecount="5"/>
        <line num="38" count="0" type="cond" truecount="0" falsecount="5"/>
        <line num="39" count="0" type="stmt"/>
        <line num="46" count="0" type="stmt"/>
        <line num="58" count="1" type="stmt"/>
        <line num="64" count="240" type="stmt"/>
        <line num="65" count="240" type="stmt"/>
        <line num="66" count="240" type="stmt"/>
        <line num="67" count="240" type="stmt"/>
        <line num="69" count="240" type="stmt"/>
        <line num="70" count="240" type="stmt"/>
        <line num="71" count="240" type="stmt"/>
        <line num="72" count="240" type="stmt"/>
        <line num="75" count="240" type="cond" truecount="4" falsecount="0"/>
        <line num="84" count="22" type="stmt"/>
        <line num="85" count="65" type="stmt"/>
        <line num="86" count="65" type="stmt"/>
        <line num="88" count="65" type="stmt"/>
        <line num="89" count="305" type="cond" truecount="2" falsecount="0"/>
        <line num="90" count="240" type="cond" truecount="2" falsecount="0"/>
        <line num="91" count="20" type="stmt"/>
        <line num="92" count="20" type="cond" truecount="1" falsecount="1"/>
        <line num="93" count="20" type="stmt"/>
        <line num="94" count="20" type="stmt"/>
        <line num="99" count="65" type="stmt"/>
        <line num="100" count="65" type="cond" truecount="2" falsecount="0"/>
        <line num="101" count="20" type="stmt"/>
        <line num="106" count="65" type="stmt"/>
        <line num="107" count="22" type="stmt"/>
        <line num="108" count="45" type="stmt"/>
        <line num="111" count="22" type="stmt"/>
        <line num="112" count="65" type="stmt"/>
        <line num="113" count="65" type="cond" truecount="1" falsecount="1"/>
        <line num="114" count="65" type="stmt"/>
        <line num="115" count="65" type="stmt"/>
        <line num="116" count="65" type="stmt"/>
        <line num="117" count="20" type="stmt"/>
        <line num="126" count="975" type="stmt"/>
        <line num="127" count="975" type="stmt"/>
        <line num="128" count="975" type="stmt"/>
        <line num="129" count="975" type="stmt"/>
        <line num="131" count="975" type="cond" truecount="1" falsecount="1"/>
        <line num="132" count="975" type="cond" truecount="1" falsecount="1"/>
        <line num="134" count="975" type="cond" truecount="4" falsecount="0"/>
        <line num="145" count="22" type="stmt"/>
        <line num="146" count="22" type="stmt"/>
        <line num="147" count="22" type="stmt"/>
        <line num="150" count="22" type="cond" truecount="1" falsecount="1"/>
        <line num="151" count="22" type="stmt"/>
        <line num="153" count="22" type="stmt"/>
        <line num="154" count="251" type="cond" truecount="3" falsecount="1"/>
        <line num="155" count="251" type="stmt"/>
        <line num="160" count="22" type="stmt"/>
        <line num="163" count="22" type="stmt"/>
        <line num="164" count="22" type="cond" truecount="1" falsecount="1"/>
        <line num="165" count="0" type="stmt"/>
        <line num="166" count="0" type="stmt"/>
        <line num="167" count="0" type="stmt"/>
        <line num="168" count="0" type="stmt"/>
        <line num="169" count="0" type="stmt"/>
        <line num="171" count="22" type="cond" truecount="1" falsecount="1"/>
        <line num="172" count="0" type="stmt"/>
        <line num="173" count="0" type="stmt"/>
        <line num="174" count="0" type="stmt"/>
        <line num="175" count="0" type="stmt"/>
        <line num="176" count="0" type="stmt"/>
        <line num="180" count="22" type="stmt"/>
        <line num="181" count="22" type="stmt"/>
        <line num="184" count="22" type="stmt"/>
        <line num="185" count="22" type="stmt"/>
        <line num="187" count="22" type="cond" truecount="3" falsecount="1"/>
        <line num="188" count="0" type="stmt"/>
        <line num="189" count="0" type="stmt"/>
        <line num="193" count="22" type="cond" truecount="1" falsecount="1"/>
        <line num="195" count="22" type="stmt"/>
        <line num="196" count="65" type="cond" truecount="4" falsecount="1"/>
        <line num="198" count="65" type="stmt"/>
        <line num="208" count="65" type="stmt"/>
        <line num="212" count="22" type="stmt"/>
        <line num="216" count="22" type="stmt"/>
        <line num="218" count="22" type="stmt"/>
        <line num="219" count="251" type="stmt"/>
        <line num="220" count="251" type="stmt"/>
        <line num="222" count="251" type="stmt"/>
        <line num="223" count="975" type="cond" truecount="2" falsecount="0"/>
        <line num="224" count="130" type="cond" truecount="2" falsecount="0"/>
        <line num="225" count="120" type="stmt"/>
        <line num="226" count="120" type="stmt"/>
        <line num="231" count="251" type="cond" truecount="2" falsecount="0"/>
        <line num="232" count="110" type="stmt"/>
        <line num="233" count="110" type="stmt"/>
        <line num="238" count="22" type="stmt"/>
        <line num="239" count="65" type="cond" truecount="2" falsecount="0"/>
        <line num="242" count="65" type="stmt"/>
        <line num="249" count="65" type="stmt"/>
        <line num="250" count="22" type="stmt"/>
        <line num="252" count="22" type="stmt"/>
        <line num="253" count="110" type="stmt"/>
        <line num="257" count="32" type="stmt"/>
        <line num="258" count="32" type="stmt"/>
        <line num="259" count="65" type="stmt"/>
        <line num="260" count="65" type="stmt"/>
        <line num="263" count="65" type="stmt"/>
        <line num="264" count="65" type="stmt"/>
        <line num="265" count="65" type="stmt"/>
        <line num="267" count="65" type="stmt"/>
        <line num="268" count="110" type="stmt"/>
        <line num="269" count="110" type="cond" truecount="1" falsecount="1"/>
        <line num="270" count="110" type="stmt"/>
        <line num="271" count="110" type="cond" truecount="1" falsecount="1"/>
        <line num="272" count="110" type="cond" truecount="1" falsecount="1"/>
        <line num="273" count="110" type="cond" truecount="1" falsecount="1"/>
        <line num="274" count="110" type="stmt"/>
        <line num="275" count="110" type="stmt"/>
        <line num="276" count="110" type="stmt"/>
        <line num="279" count="65" type="cond" truecount="4" falsecount="0"/>
        <line num="280" count="60" type="stmt"/>
        <line num="285" count="65" type="stmt"/>
        <line num="286" count="65" type="stmt"/>
        <line num="287" count="20" type="stmt"/>
        <line num="288" count="20" type="stmt"/>
        <line num="290" count="65" type="stmt"/>
        <line num="293" count="65" type="stmt"/>
        <line num="294" count="65" type="stmt"/>
        <line num="304" count="22" type="stmt"/>
        <line num="306" count="22" type="stmt"/>
        <line num="308" count="251" type="cond" truecount="2" falsecount="0"/>
        <line num="309" count="51" type="stmt"/>
        <line num="313" count="200" type="cond" truecount="1" falsecount="1"/>
        <line num="314" count="0" type="stmt"/>
        <line num="317" count="200" type="stmt"/>
        <line num="319" count="200" type="cond" truecount="2" falsecount="0"/>
        <line num="322" count="96" type="stmt"/>
        <line num="324" count="96" type="cond" truecount="2" falsecount="0"/>
        <line num="326" count="45" type="stmt"/>
        <line num="329" count="45" type="stmt"/>
        <line num="347" count="104" type="stmt"/>
        <line num="348" count="104" type="stmt"/>
        <line num="368" count="22" type="stmt"/>
        <line num="369" count="22" type="cond" truecount="1" falsecount="1"/>
        <line num="376" count="22" type="cond" truecount="1" falsecount="1"/>
        <line num="377" count="22" type="stmt"/>
        <line num="378" count="0" type="cond" truecount="0" falsecount="2"/>
        <line num="380" count="0" type="stmt"/>
        <line num="383" count="0" type="stmt"/>
        <line num="386" count="22" type="stmt"/>
        <line num="387" count="276" type="cond" truecount="3" falsecount="1"/>
        <line num="388" count="276" type="cond" truecount="3" falsecount="1"/>
        <line num="390" count="276" type="stmt"/>
        <line num="391" count="276" type="stmt"/>
        <line num="394" count="276" type="cond" truecount="3" falsecount="1"/>
        <line num="395" count="0" type="stmt"/>
        <line num="399" count="276" type="stmt"/>
        <line num="400" count="276" type="stmt"/>
        <line num="402" count="276" type="cond" truecount="2" falsecount="0"/>
        <line num="403" count="146" type="stmt"/>
        <line num="404" count="146" type="stmt"/>
        <line num="406" count="276" type="cond" truecount="2" falsecount="0"/>
        <line num="407" count="84" type="stmt"/>
        <line num="408" count="84" type="stmt"/>
        <line num="412" count="276" type="cond" truecount="4" falsecount="0"/>
        <line num="413" count="60" type="stmt"/>
        <line num="414" count="60" type="stmt"/>
        <line num="415" count="60" type="cond" truecount="2" falsecount="0"/>
        <line num="416" count="24" type="stmt"/>
        <line num="420" count="252" type="stmt"/>
        <line num="421" count="252" type="stmt"/>
        <line num="423" count="252" type="cond" truecount="3" falsecount="1"/>
        <line num="424" count="252" type="cond" truecount="2" falsecount="0"/>
        <line num="425" count="191" type="stmt"/>
        <line num="427" count="252" type="cond" truecount="2" falsecount="0"/>
        <line num="428" count="191" type="stmt"/>
        <line num="435" count="22" type="cond" truecount="1" falsecount="1"/>
        <line num="436" count="0" type="stmt"/>
        <line num="438" count="0" type="stmt"/>
        <line num="440" count="0" type="stmt"/>
        <line num="441" count="0" type="stmt"/>
        <line num="442" count="0" type="cond" truecount="0" falsecount="2"/>
        <line num="443" count="0" type="stmt"/>
        <line num="444" count="0" type="stmt"/>
        <line num="447" count="0" type="stmt"/>
        <line num="448" count="0" type="cond" truecount="0" falsecount="2"/>
        <line num="450" count="0" type="stmt"/>
        <line num="452" count="0" type="stmt"/>
        <line num="453" count="0" type="stmt"/>
        <line num="454" count="0" type="cond" truecount="0" falsecount="2"/>
        <line num="455" count="0" type="stmt"/>
        <line num="456" count="0" type="stmt"/>
        <line num="459" count="0" type="stmt"/>
        <line num="460" count="0" type="cond" truecount="0" falsecount="2"/>
        <line num="463" count="0" type="cond" truecount="0" falsecount="4"/>
        <line num="464" count="0" type="stmt"/>
        <line num="465" count="0" type="stmt"/>
        <line num="466" count="0" type="cond" truecount="0" falsecount="2"/>
        <line num="469" count="0" type="cond" truecount="0" falsecount="2"/>
        <line num="470" count="0" type="stmt"/>
        <line num="472" count="0" type="cond" truecount="0" falsecount="2"/>
        <line num="473" count="0" type="stmt"/>
        <line num="479" count="22" type="stmt"/>
        <line num="497" count="446" type="stmt"/>
        <line num="498" count="446" type="stmt"/>
        <line num="499" count="45" type="stmt"/>
        <line num="501" count="446" type="stmt"/>
      </file>
      <file name="groups.ts" path="C:\Projects\comfy-node-organizer\src\layout\groups.ts">
        <metrics statements="75" coveredstatements="56" conditionals="32" coveredconditionals="18" methods="2" coveredmethods="2"/>
        <line num="5" count="1" type="stmt"/>
        <line num="12" count="22" type="stmt"/>
        <line num="14" count="22" type="cond" truecount="3" falsecount="1"/>
        <line num="15" count="0" type="stmt"/>
        <line num="16" count="0" type="stmt"/>
        <line num="19" count="22" type="stmt"/>
        <line num="20" count="22" type="stmt"/>
        <line num="23" count="22" type="stmt"/>
        <line num="24" count="32" type="stmt"/>
        <line num="25" count="65" type="stmt"/>
        <line num="28" count="65" type="cond" truecount="3" falsecount="1"/>
        <line num="29" count="0" type="stmt"/>
        <line num="30" count="0" type="stmt"/>
        <line num="34" count="65" type="stmt"/>
        <line num="35" count="65" type="stmt"/>
        <line num="36" count="65" type="stmt"/>
        <line num="37" count="65" type="stmt"/>
        <line num="40" count="65" type="stmt"/>
        <line num="41" count="110" type="stmt"/>
        <line num="42" count="110" type="cond" truecount="1" falsecount="1"/>
        <line num="44" count="110" type="cond" truecount="1" falsecount="1"/>
        <line num="45" count="110" type="cond" truecount="1" falsecount="1"/>
        <line num="46" count="110" type="cond" truecount="1" falsecount="1"/>
        <line num="47" count="110" type="cond" truecount="1" falsecount="1"/>
        <line num="49" count="110" type="stmt"/>
        <line num="50" count="110" type="stmt"/>
        <line num="51" count="110" type="stmt"/>
        <line num="52" count="110" type="stmt"/>
        <line num="56" count="65" type="stmt"/>
        <line num="57" count="20" type="stmt"/>
        <line num="58" count="20" type="stmt"/>
        <line num="59" count="20" type="stmt"/>
        <line num="60" count="20" type="stmt"/>
        <line num="61" count="20" type="stmt"/>
        <line num="63" count="20" type="stmt"/>
        <line num="64" count="20" type="stmt"/>
        <line num="65" count="20" type="stmt"/>
        <line num="66" count="20" type="stmt"/>
        <line num="70" count="65" type="cond" truecount="1" falsecount="1"/>
        <line num="71" count="0" type="stmt"/>
        <line num="72" count="0" type="stmt"/>
        <line num="76" count="65" type="stmt"/>
        <line num="77" count="65" type="stmt"/>
        <line num="78" count="65" type="stmt"/>
        <line num="79" count="65" type="stmt"/>
        <line num="80" count="65" type="stmt"/>
        <line num="82" count="65" type="stmt"/>
        <line num="87" count="65" type="stmt"/>
        <line num="89" count="65" type="stmt"/>
        <line num="93" count="22" type="stmt"/>
        <line num="107" count="65" type="cond" truecount="1" falsecount="1"/>
        <line num="108" count="65" type="stmt"/>
        <line num="109" count="65" type="stmt"/>
        <line num="111" count="65" type="cond" truecount="1" falsecount="1"/>
        <line num="112" count="65" type="stmt"/>
        <line num="113" count="65" type="stmt"/>
        <line num="117" count="65" type="stmt"/>
        <line num="121" count="65" type="cond" truecount="1" falsecount="1"/>
        <line num="122" count="0" type="stmt"/>
        <line num="123" count="0" type="stmt"/>
        <line num="125" count="65" type="cond" truecount="1" falsecount="1"/>
        <line num="126" count="0" type="stmt"/>
        <line num="127" count="0" type="stmt"/>
        <line num="131" count="65" type="cond" truecount="1" falsecount="1"/>
        <line num="132" count="0" type="stmt"/>
        <line num="133" count="0" type="stmt"/>
        <line num="134" count="0" type="stmt"/>
        <line num="135" count="0" type="stmt"/>
        <line num="136" count="0" type="stmt"/>
        <line num="140" count="65" type="stmt"/>
        <line num="141" count="65" type="cond" truecount="1" falsecount="1"/>
        <line num="142" count="0" type="stmt"/>
        <line num="143" count="0" type="stmt"/>
        <line num="144" count="0" type="stmt"/>
        <line num="145" count="0" type="stmt"/>
      </file>
      <file name="index.ts" path="C:\Projects\comfy-node-organizer\src\layout\index.ts">
        <metrics statements="23" coveredstatements="22" conditionals="10" coveredconditionals="6" methods="2" coveredmethods="1"/>
        <line num="33" count="23" type="stmt"/>
        <line num="34" count="23" type="stmt"/>
        <line num="37" count="23" type="cond" truecount="1" falsecount="1"/>
        <line num="38" count="23" type="cond" truecount="2" falsecount="0"/>
        <line num="39" count="1" type="stmt"/>
        <line num="48" count="22" type="stmt"/>
        <line num="51" count="22" type="stmt"/>
        <line num="54" count="22" type="stmt"/>
        <line num="57" count="22" type="stmt"/>
        <line num="58" count="22" type="stmt"/>
        <line num="62" count="22" type="stmt"/>
        <line num="65" count="22" type="stmt"/>
        <line num="68" count="22" type="stmt"/>
        <line num="71" count="22" type="stmt"/>
        <line num="75" count="22" type="stmt"/>
        <line num="78" count="22" type="cond" truecount="1" falsecount="1"/>
        <line num="79" count="0" type="stmt"/>
        <line num="82" count="22" type="stmt"/>
        <line num="85" count="22" type="cond" truecount="1" falsecount="1"/>
        <line num="86" count="23" type="cond" truecount="1" falsecount="1"/>
        <line num="87" count="23" type="stmt"/>
        <line num="89" count="23" type="stmt"/>
        <line num="93" count="23" type="stmt"/>
      </file>
      <file name="layer-assign.ts" path="C:\Projects\comfy-node-organizer\src\layout\layer-assign.ts">
        <metrics statements="48" coveredstatements="46" conditionals="18" coveredconditionals="14" methods="5" coveredmethods="5"/>
        <line num="9" count="22" type="stmt"/>
        <line num="12" count="22" type="stmt"/>
        <line num="13" count="22" type="stmt"/>
        <line num="14" count="22" type="stmt"/>
        <line num="17" count="22" type="stmt"/>
        <line num="18" count="149" type="stmt"/>
        <line num="19" count="149" type="cond" truecount="2" falsecount="0"/>
        <line num="20" count="43" type="stmt"/>
        <line num="25" count="22" type="stmt"/>
        <line num="26" count="149" type="stmt"/>
        <line num="27" count="149" type="stmt"/>
        <line num="29" count="149" type="stmt"/>
        <line num="30" count="149" type="stmt"/>
        <line num="31" count="191" type="cond" truecount="1" falsecount="1"/>
        <line num="32" count="191" type="stmt"/>
        <line num="33" count="191" type="cond" truecount="2" falsecount="0"/>
        <line num="34" count="106" type="stmt"/>
        <line num="40" count="22" type="stmt"/>
        <line num="41" count="149" type="cond" truecount="1" falsecount="1"/>
        <line num="42" count="0" type="stmt"/>
        <line num="47" count="22" type="stmt"/>
        <line num="48" count="149" type="stmt"/>
        <line num="50" count="149" type="cond" truecount="2" falsecount="0"/>
        <line num="52" count="43" type="stmt"/>
        <line num="55" count="106" type="stmt"/>
        <line num="56" count="106" type="stmt"/>
        <line num="57" count="191" type="stmt"/>
        <line num="58" count="191" type="cond" truecount="3" falsecount="1"/>
        <line num="59" count="191" type="stmt"/>
        <line num="62" count="106" type="stmt"/>
        <line num="67" count="22" type="stmt"/>
        <line num="68" count="149" type="cond" truecount="1" falsecount="1"/>
        <line num="69" count="0" type="stmt"/>
        <line num="74" count="22" type="stmt"/>
        <line num="75" count="22" type="stmt"/>
        <line num="76" count="149" type="cond" truecount="2" falsecount="0"/>
        <line num="77" count="149" type="stmt"/>
        <line num="78" count="149" type="stmt"/>
        <line num="82" count="134" type="stmt"/>
        <line num="83" count="22" type="stmt"/>
        <line num="85" count="22" type="stmt"/>
        <line num="86" count="108" type="stmt"/>
        <line num="88" count="108" type="stmt"/>
        <line num="89" count="108" type="stmt"/>
        <line num="90" count="149" type="stmt"/>
        <line num="93" count="108" type="stmt"/>
        <line num="97" count="149" type="stmt"/>
        <line num="101" count="22" type="stmt"/>
      </file>
      <file name="node-classifier.ts" path="C:\Projects\comfy-node-organizer\src\layout\node-classifier.ts">
        <metrics statements="32" coveredstatements="24" conditionals="32" coveredconditionals="15" methods="2" coveredmethods="2"/>
        <line num="10" count="22" type="cond" truecount="1" falsecount="1"/>
        <line num="11" count="22" type="stmt"/>
        <line num="12" count="276" type="cond" truecount="1" falsecount="1"/>
        <line num="14" count="0" type="cond" truecount="0" falsecount="2"/>
        <line num="15" count="0" type="stmt"/>
        <line num="16" count="0" type="cond" truecount="0" falsecount="2"/>
        <line num="19" count="0" type="stmt"/>
        <line num="20" count="0" type="cond" truecount="0" falsecount="2"/>
        <line num="33" count="22" type="stmt"/>
        <line num="36" count="22" type="cond" truecount="1" falsecount="1"/>
        <line num="37" count="22" type="stmt"/>
        <line num="38" count="276" type="cond" truecount="1" falsecount="1"/>
        <line num="39" count="276" type="stmt"/>
        <line num="41" count="276" type="cond" truecount="1" falsecount="1"/>
        <line num="42" count="276" type="stmt"/>
        <line num="47" count="22" type="stmt"/>
        <line num="48" count="22" type="stmt"/>
        <line num="49" count="22" type="stmt"/>
        <line num="51" count="22" type="cond" truecount="1" falsecount="1"/>
        <line num="52" count="22" type="stmt"/>
        <line num="53" count="251" type="cond" truecount="3" falsecount="1"/>
        <line num="55" count="251" type="cond" truecount="1" falsecount="1"/>
        <line num="59" count="251" type="cond" truecount="2" falsecount="0"/>
        <line num="61" count="251" type="cond" truecount="1" falsecount="1"/>
        <line num="62" count="0" type="stmt"/>
        <line num="64" count="0" type="cond" truecount="0" falsecount="2"/>
        <line num="65" count="0" type="stmt"/>
        <line num="67" count="251" type="cond" truecount="2" falsecount="0"/>
        <line num="68" count="200" type="stmt"/>
        <line num="70" count="51" type="stmt"/>
        <line num="74" count="22" type="stmt"/>
        <line num="78" count="22" type="stmt"/>
      </file>
      <file name="ordering.ts" path="C:\Projects\comfy-node-organizer\src\layout\ordering.ts">
        <metrics statements="82" coveredstatements="79" conditionals="50" coveredconditionals="33" methods="14" coveredmethods="14"/>
        <line num="9" count="22" type="stmt"/>
        <line num="11" count="22" type="cond" truecount="2" falsecount="0"/>
        <line num="14" count="20" type="stmt"/>
        <line num="15" count="108" type="stmt"/>
        <line num="16" count="108" type="stmt"/>
        <line num="17" count="149" type="stmt"/>
        <line num="22" count="20" type="stmt"/>
        <line num="23" count="20" type="stmt"/>
        <line num="26" count="20" type="stmt"/>
        <line num="28" count="30" type="cond" truecount="2" falsecount="0"/>
        <line num="32" count="30" type="cond" truecount="2" falsecount="0"/>
        <line num="45" count="20" type="stmt"/>
        <line num="46" count="108" type="stmt"/>
        <line num="47" count="108" type="stmt"/>
        <line num="49" count="149" type="stmt"/>
        <line num="50" count="149" type="stmt"/>
        <line num="65" count="20" type="stmt"/>
        <line num="67" count="20" type="stmt"/>
        <line num="68" count="88" type="stmt"/>
        <line num="71" count="88" type="stmt"/>
        <line num="73" count="88" type="stmt"/>
        <line num="74" count="106" type="cond" truecount="1" falsecount="1"/>
        <line num="75" count="106" type="stmt"/>
        <line num="76" count="106" type="stmt"/>
        <line num="78" count="106" type="stmt"/>
        <line num="79" count="191" type="stmt"/>
        <line num="80" count="191" type="cond" truecount="4" falsecount="0"/>
        <line num="82" count="120" type="cond" truecount="1" falsecount="1"/>
        <line num="83" count="120" type="stmt"/>
        <line num="84" count="120" type="stmt"/>
        <line num="88" count="106" type="cond" truecount="1" falsecount="1"/>
        <line num="89" count="106" type="stmt"/>
        <line num="91" count="0" type="cond" truecount="0" falsecount="2"/>
        <line num="94" count="0" type="cond" truecount="0" falsecount="2"/>
        <line num="99" count="106" type="stmt"/>
        <line num="100" count="88" type="stmt"/>
        <line num="101" count="26" type="cond" truecount="1" falsecount="1"/>
        <line num="102" count="26" type="cond" truecount="1" falsecount="1"/>
        <line num="103" count="26" type="stmt"/>
        <line num="104" count="26" type="cond" truecount="2" falsecount="0"/>
        <line num="108" count="88" type="stmt"/>
        <line num="109" count="106" type="stmt"/>
        <line num="113" count="88" type="stmt"/>
        <line num="114" count="88" type="stmt"/>
        <line num="115" count="106" type="stmt"/>
        <line num="116" count="106" type="stmt"/>
        <line num="119" count="106" type="stmt"/>
        <line num="120" count="88" type="cond" truecount="2" falsecount="0"/>
        <line num="123" count="88" type="stmt"/>
        <line num="136" count="10" type="stmt"/>
        <line num="138" count="10" type="stmt"/>
        <line num="139" count="48" type="stmt"/>
        <line num="142" count="48" type="stmt"/>
        <line num="144" count="48" type="stmt"/>
        <line num="145" count="84" type="cond" truecount="1" falsecount="1"/>
        <line num="146" count="84" type="stmt"/>
        <line num="147" count="84" type="stmt"/>
        <line num="149" count="84" type="stmt"/>
        <line num="150" count="126" type="stmt"/>
        <line num="151" count="126" type="cond" truecount="4" falsecount="0"/>
        <line num="153" count="80" type="cond" truecount="1" falsecount="1"/>
        <line num="154" count="80" type="stmt"/>
        <line num="155" count="80" type="stmt"/>
        <line num="159" count="84" type="cond" truecount="2" falsecount="0"/>
        <line num="160" count="66" type="stmt"/>
        <line num="162" count="18" type="cond" truecount="1" falsecount="1"/>
        <line num="165" count="0" type="cond" truecount="0" falsecount="2"/>
        <line num="170" count="84" type="stmt"/>
        <line num="171" count="48" type="stmt"/>
        <line num="172" count="36" type="cond" truecount="1" falsecount="1"/>
        <line num="173" count="36" type="cond" truecount="1" falsecount="1"/>
        <line num="174" count="36" type="stmt"/>
        <line num="175" count="36" type="cond" truecount="2" falsecount="0"/>
        <line num="179" count="48" type="stmt"/>
        <line num="180" count="84" type="stmt"/>
        <line num="184" count="48" type="stmt"/>
        <line num="185" count="48" type="stmt"/>
        <line num="186" count="84" type="stmt"/>
        <line num="187" count="84" type="stmt"/>
        <line num="190" count="84" type="stmt"/>
        <line num="191" count="48" type="cond" truecount="1" falsecount="1"/>
        <line num="194" count="48" type="stmt"/>
      </file>
      <file name="positioning.ts" path="C:\Projects\comfy-node-organizer\src\layout\positioning.ts">
        <metrics statements="376" coveredstatements="335" conditionals="250" coveredconditionals="165" methods="30" coveredmethods="30"/>
        <line num="24" count="1" type="stmt"/>
        <line num="30" count="44" type="stmt"/>
        <line num="32" count="44" type="cond" truecount="5" falsecount="0"/>
        <line num="33" count="12" type="stmt"/>
        <line num="36" count="32" type="stmt"/>
        <line num="37" count="32" type="stmt"/>
        <line num="38" count="102" type="stmt"/>
        <line num="39" count="102" type="cond" truecount="1" falsecount="1"/>
        <line num="40" count="102" type="cond" truecount="1" falsecount="1"/>
        <line num="43" count="32" type="stmt"/>
        <line num="51" count="22" type="stmt"/>
        <line num="52" count="22" type="stmt"/>
        <line num="54" count="22" type="stmt"/>
        <line num="55" count="22" type="stmt"/>
        <line num="56" count="108" type="stmt"/>
        <line num="57" count="108" type="stmt"/>
        <line num="67" count="22" type="stmt"/>
        <line num="68" count="22" type="stmt"/>
        <line num="71" count="22" type="stmt"/>
        <line num="72" count="22" type="stmt"/>
        <line num="73" count="108" type="stmt"/>
        <line num="74" count="149" type="stmt"/>
        <line num="79" count="22" type="stmt"/>
        <line num="80" count="22" type="stmt"/>
        <line num="81" count="108" type="stmt"/>
        <line num="82" count="108" type="stmt"/>
        <line num="86" count="22" type="stmt"/>
        <line num="87" count="108" type="stmt"/>
        <line num="88" count="149" type="cond" truecount="1" falsecount="1"/>
        <line num="89" count="149" type="stmt"/>
        <line num="100" count="22" type="stmt"/>
        <line num="103" count="22" type="stmt"/>
        <line num="105" count="22" type="stmt"/>
        <line num="107" count="149" type="stmt"/>
        <line num="108" count="149" type="stmt"/>
        <line num="110" count="108" type="stmt"/>
        <line num="111" count="108" type="stmt"/>
        <line num="114" count="108" type="stmt"/>
        <line num="115" count="45" type="stmt"/>
        <line num="116" count="45" type="stmt"/>
        <line num="117" count="45" type="stmt"/>
        <line num="118" count="45" type="stmt"/>
        <line num="122" count="108" type="cond" truecount="2" falsecount="0"/>
        <line num="124" count="80" type="stmt"/>
        <line num="125" count="80" type="stmt"/>
        <line num="126" count="104" type="stmt"/>
        <line num="130" count="104" type="stmt"/>
        <line num="131" count="80" type="stmt"/>
        <line num="133" count="80" type="stmt"/>
        <line num="136" count="80" type="stmt"/>
        <line num="137" count="90" type="stmt"/>
        <line num="138" count="90" type="stmt"/>
        <line num="141" count="90" type="stmt"/>
        <line num="142" count="8" type="cond" truecount="2" falsecount="2"/>
        <line num="143" count="0" type="stmt"/>
        <line num="147" count="90" type="stmt"/>
        <line num="148" count="132" type="stmt"/>
        <line num="149" count="104" type="cond" truecount="1" falsecount="1"/>
        <line num="150" count="104" type="stmt"/>
        <line num="151" count="104" type="stmt"/>
        <line num="152" count="104" type="stmt"/>
        <line num="158" count="80" type="stmt"/>
        <line num="159" count="80" type="cond" truecount="2" falsecount="0"/>
        <line num="160" count="14" type="stmt"/>
        <line num="165" count="22" type="stmt"/>
        <line num="173" count="22" type="stmt"/>
        <line num="175" count="22" type="cond" truecount="5" falsecount="0"/>
        <line num="176" count="6" type="stmt"/>
        <line num="180" count="16" type="stmt"/>
        <line num="181" count="16" type="stmt"/>
        <line num="182" count="51" type="cond" truecount="2" falsecount="0"/>
        <line num="183" count="14" type="stmt"/>
        <line num="185" count="37" type="stmt"/>
        <line num="188" count="16" type="cond" truecount="1" falsecount="1"/>
        <line num="189" count="0" type="stmt"/>
        <line num="190" count="0" type="stmt"/>
        <line num="194" count="16" type="stmt"/>
        <line num="195" count="16" type="stmt"/>
        <line num="196" count="37" type="stmt"/>
        <line num="197" count="37" type="cond" truecount="1" falsecount="1"/>
        <line num="198" count="37" type="stmt"/>
        <line num="206" count="16" type="stmt"/>
        <line num="212" count="16" type="stmt"/>
        <line num="213" count="16" type="stmt"/>
        <line num="215" count="16" type="stmt"/>
        <line num="216" count="37" type="stmt"/>
        <line num="217" count="37" type="stmt"/>
        <line num="218" count="37" type="cond" truecount="3" falsecount="1"/>
        <line num="220" count="37" type="cond" truecount="3" falsecount="1"/>
        <line num="221" count="0" type="stmt"/>
        <line num="223" count="37" type="stmt"/>
        <line num="224" count="37" type="stmt"/>
        <line num="229" count="16" type="stmt"/>
        <line num="240" count="22" type="stmt"/>
        <line num="243" count="22" type="stmt"/>
        <line num="244" count="149" type="cond" truecount="2" falsecount="0"/>
        <line num="246" count="45" type="stmt"/>
        <line num="250" count="104" type="cond" truecount="2" falsecount="2"/>
        <line num="251" count="0" type="stmt"/>
        <line num="252" count="0" type="stmt"/>
        <line num="253" count="0" type="stmt"/>
        <line num="256" count="0" type="stmt"/>
        <line num="259" count="104" type="stmt"/>
        <line num="262" count="104" type="cond" truecount="3" falsecount="1"/>
        <line num="263" count="0" type="stmt"/>
        <line num="267" count="104" type="cond" truecount="1" falsecount="1"/>
        <line num="268" count="104" type="stmt"/>
        <line num="269" count="104" type="stmt"/>
        <line num="274" count="22" type="cond" truecount="4" falsecount="1"/>
        <line num="276" count="65" type="stmt"/>
        <line num="278" count="22" type="stmt"/>
        <line num="279" count="45" type="stmt"/>
        <line num="280" count="45" type="cond" truecount="1" falsecount="1"/>
        <line num="282" count="45" type="stmt"/>
        <line num="283" count="45" type="cond" truecount="1" falsecount="1"/>
        <line num="286" count="45" type="stmt"/>
        <line num="287" count="45" type="stmt"/>
        <line num="289" count="45" type="stmt"/>
        <line num="294" count="22" type="stmt"/>
        <line num="297" count="22" type="cond" truecount="3" falsecount="2"/>
        <line num="299" count="0" type="stmt"/>
        <line num="300" count="0" type="stmt"/>
        <line num="302" count="0" type="stmt"/>
        <line num="303" count="0" type="cond" truecount="0" falsecount="2"/>
        <line num="304" count="0" type="stmt"/>
        <line num="306" count="0" type="cond" truecount="0" falsecount="2"/>
        <line num="307" count="0" type="stmt"/>
        <line num="312" count="0" type="stmt"/>
        <line num="313" count="0" type="stmt"/>
        <line num="314" count="0" type="stmt"/>
        <line num="318" count="0" type="stmt"/>
        <line num="321" count="0" type="stmt"/>
        <line num="322" count="0" type="stmt"/>
        <line num="323" count="0" type="stmt"/>
        <line num="324" count="0" type="stmt"/>
        <line num="325" count="0" type="cond" truecount="0" falsecount="5"/>
        <line num="326" count="0" type="stmt"/>
        <line num="327" count="0" type="stmt"/>
        <line num="332" count="0" type="stmt"/>
        <line num="346" count="65" type="stmt"/>
        <line num="349" count="65" type="stmt"/>
        <line num="350" count="65" type="stmt"/>
        <line num="351" count="110" type="stmt"/>
        <line num="352" count="110" type="cond" truecount="1" falsecount="1"/>
        <line num="354" count="110" type="stmt"/>
        <line num="355" count="152" type="cond" truecount="2" falsecount="0"/>
        <line num="356" count="128" type="stmt"/>
        <line num="357" count="146" type="stmt"/>
        <line num="364" count="65" type="stmt"/>
        <line num="365" count="110" type="stmt"/>
        <line num="366" count="110" type="cond" truecount="1" falsecount="1"/>
        <line num="368" count="110" type="stmt"/>
        <line num="369" count="92" type="cond" truecount="4" falsecount="0"/>
        <line num="370" count="84" type="stmt"/>
        <line num="371" count="84" type="cond" truecount="4" falsecount="0"/>
        <line num="372" count="24" type="stmt"/>
        <line num="378" count="65" type="stmt"/>
        <line num="391" count="12" type="stmt"/>
        <line num="392" count="12" type="stmt"/>
        <line num="394" count="12" type="stmt"/>
        <line num="395" count="44" type="stmt"/>
        <line num="396" count="44" type="stmt"/>
        <line num="399" count="12" type="stmt"/>
        <line num="400" count="24" type="stmt"/>
        <line num="401" count="24" type="cond" truecount="1" falsecount="1"/>
        <line num="405" count="12" type="stmt"/>
        <line num="406" count="12" type="stmt"/>
        <line num="409" count="12" type="stmt"/>
        <line num="410" count="44" type="cond" truecount="3" falsecount="1"/>
        <line num="411" count="20" type="stmt"/>
        <line num="412" count="20" type="stmt"/>
        <line num="416" count="12" type="stmt"/>
        <line num="417" count="44" type="stmt"/>
        <line num="418" count="44" type="cond" truecount="1" falsecount="1"/>
        <line num="420" count="44" type="cond" truecount="1" falsecount="1"/>
        <line num="422" count="24" type="cond" truecount="2" falsecount="0"/>
        <line num="423" count="24" type="stmt"/>
        <line num="426" count="24" type="cond" truecount="1" falsecount="1"/>
        <line num="427" count="24" type="stmt"/>
        <line num="428" count="24" type="cond" truecount="1" falsecount="1"/>
        <line num="429" count="24" type="stmt"/>
        <line num="435" count="12" type="stmt"/>
        <line num="436" count="44" type="cond" truecount="1" falsecount="1"/>
        <line num="437" count="0" type="stmt"/>
        <line num="442" count="12" type="stmt"/>
        <line num="443" count="28" type="stmt"/>
        <line num="445" count="12" type="stmt"/>
        <line num="446" count="44" type="stmt"/>
        <line num="447" count="44" type="cond" truecount="1" falsecount="1"/>
        <line num="448" count="44" type="cond" truecount="1" falsecount="1"/>
        <line num="449" count="44" type="stmt"/>
        <line num="453" count="12" type="stmt"/>
        <line num="469" count="65" type="stmt"/>
        <line num="470" count="65" type="stmt"/>
        <line num="471" count="110" type="stmt"/>
        <line num="472" count="110" type="cond" truecount="1" falsecount="1"/>
        <line num="473" count="110" type="cond" truecount="3" falsecount="1"/>
        <line num="474" count="110" type="stmt"/>
        <line num="478" count="65" type="cond" truecount="3" falsecount="1"/>
        <line num="479" count="0" type="stmt"/>
        <line num="482" count="65" type="stmt"/>
        <line num="485" count="65" type="stmt"/>
        <line num="487" count="65" type="stmt"/>
        <line num="489" count="65" type="cond" truecount="2" falsecount="0"/>
        <line num="490" count="60" type="cond" truecount="2" falsecount="0"/>
        <line num="492" count="12" type="stmt"/>
        <line num="494" count="12" type="stmt"/>
        <line num="495" count="12" type="stmt"/>
        <line num="496" count="28" type="stmt"/>
        <line num="497" count="28" type="cond" truecount="1" falsecount="1"/>
        <line num="500" count="28" type="cond" truecount="2" falsecount="2"/>
        <line num="502" count="28" type="stmt"/>
        <line num="503" count="28" type="stmt"/>
        <line num="505" count="28" type="stmt"/>
        <line num="506" count="44" type="cond" truecount="1" falsecount="1"/>
        <line num="507" count="44" type="stmt"/>
        <line num="508" count="44" type="stmt"/>
        <line num="509" count="44" type="stmt"/>
        <line num="512" count="44" type="cond" truecount="1" falsecount="1"/>
        <line num="513" count="44" type="cond" truecount="1" falsecount="1"/>
        <line num="516" count="28" type="stmt"/>
        <line num="517" count="28" type="stmt"/>
        <line num="522" count="48" type="cond" truecount="2" falsecount="2"/>
        <line num="525" count="48" type="stmt"/>
        <line num="526" count="48" type="stmt"/>
        <line num="527" count="66" type="stmt"/>
        <line num="534" count="66" type="stmt"/>
        <line num="535" count="48" type="stmt"/>
        <line num="537" count="48" type="stmt"/>
        <line num="538" count="48" type="stmt"/>
        <line num="539" count="66" type="stmt"/>
        <line num="540" count="66" type="stmt"/>
        <line num="541" count="66" type="stmt"/>
        <line num="542" count="66" type="cond" truecount="1" falsecount="1"/>
        <line num="543" count="66" type="stmt"/>
        <line num="544" count="66" type="stmt"/>
        <line num="545" count="66" type="stmt"/>
        <line num="546" count="66" type="cond" truecount="1" falsecount="1"/>
        <line num="549" count="66" type="stmt"/>
        <line num="551" count="48" type="stmt"/>
        <line num="556" count="65" type="stmt"/>
        <line num="558" count="20" type="stmt"/>
        <line num="559" count="20" type="stmt"/>
        <line num="562" count="20" type="stmt"/>
        <line num="565" count="20" type="cond" truecount="1" falsecount="1"/>
        <line num="566" count="20" type="stmt"/>
        <line num="567" count="20" type="stmt"/>
        <line num="568" count="20" type="stmt"/>
        <line num="571" count="20" type="stmt"/>
        <line num="574" count="65" type="stmt"/>
        <line num="583" count="188" type="cond" truecount="1" falsecount="1"/>
        <line num="585" count="188" type="stmt"/>
        <line num="586" count="188" type="stmt"/>
        <line num="588" count="188" type="stmt"/>
        <line num="589" count="253" type="stmt"/>
        <line num="590" count="253" type="stmt"/>
        <line num="593" count="188" type="cond" truecount="1" falsecount="1"/>
        <line num="594" count="188" type="stmt"/>
        <line num="603" count="22" type="stmt"/>
        <line num="607" count="22" type="stmt"/>
        <line num="609" count="22" type="stmt"/>
        <line num="610" count="149" type="stmt"/>
        <line num="612" count="108" type="cond" truecount="2" falsecount="0"/>
        <line num="614" count="28" type="stmt"/>
        <line num="617" count="80" type="stmt"/>
        <line num="618" count="80" type="cond" truecount="1" falsecount="1"/>
        <line num="620" count="80" type="stmt"/>
        <line num="621" count="80" type="stmt"/>
        <line num="625" count="22" type="cond" truecount="2" falsecount="0"/>
        <line num="628" count="20" type="stmt"/>
        <line num="629" count="108" type="cond" truecount="1" falsecount="1"/>
        <line num="631" count="108" type="stmt"/>
        <line num="632" count="108" type="cond" truecount="1" falsecount="1"/>
        <line num="634" count="108" type="stmt"/>
        <line num="635" count="108" type="stmt"/>
        <line num="637" count="108" type="stmt"/>
        <line num="638" count="149" type="stmt"/>
        <line num="648" count="22" type="stmt"/>
        <line num="649" count="22" type="stmt"/>
        <line num="651" count="22" type="cond" truecount="1" falsecount="1"/>
        <line num="654" count="22" type="cond" truecount="1" falsecount="1"/>
        <line num="655" count="65" type="cond" truecount="2" falsecount="0"/>
        <line num="656" count="45" type="stmt"/>
        <line num="670" count="22" type="stmt"/>
        <line num="671" count="251" type="cond" truecount="2" falsecount="0"/>
        <line num="672" count="141" type="cond" truecount="3" falsecount="1"/>
        <line num="674" count="141" type="cond" truecount="1" falsecount="1"/>
        <line num="675" count="251" type="stmt"/>
        <line num="687" count="22" type="stmt"/>
        <line num="700" count="49" type="cond" truecount="5" falsecount="0"/>
        <line num="702" count="17" type="cond" truecount="1" falsecount="1"/>
        <line num="703" count="17" type="stmt"/>
        <line num="704" count="17" type="stmt"/>
        <line num="707" count="17" type="stmt"/>
        <line num="708" count="46" type="stmt"/>
        <line num="709" count="46" type="cond" truecount="1" falsecount="1"/>
        <line num="710" count="46" type="stmt"/>
        <line num="711" count="46" type="stmt"/>
        <line num="715" count="17" type="stmt"/>
        <line num="716" count="32" type="cond" truecount="3" falsecount="1"/>
        <line num="717" count="32" type="stmt"/>
        <line num="718" count="32" type="stmt"/>
        <line num="733" count="21" type="stmt"/>
        <line num="734" count="21" type="stmt"/>
        <line num="735" count="21" type="stmt"/>
        <line num="737" count="21" type="stmt"/>
        <line num="738" count="21" type="cond" truecount="2" falsecount="0"/>
        <line num="739" count="30" type="stmt"/>
        <line num="740" count="30" type="stmt"/>
        <line num="743" count="547" type="cond" truecount="2" falsecount="0"/>
        <line num="745" count="30" type="stmt"/>
        <line num="746" count="286" type="stmt"/>
        <line num="748" count="286" type="stmt"/>
        <line num="749" count="1355" type="stmt"/>
        <line num="753" count="1355" type="cond" truecount="2" falsecount="0"/>
        <line num="755" count="1355" type="cond" truecount="2" falsecount="0"/>
        <line num="758" count="939" type="stmt"/>
        <line num="759" count="939" type="cond" truecount="2" falsecount="0"/>
        <line num="761" count="49" type="stmt"/>
        <line num="762" count="49" type="stmt"/>
        <line num="763" count="49" type="stmt"/>
        <line num="764" count="49" type="stmt"/>
        <line num="765" count="49" type="stmt"/>
        <line num="766" count="49" type="stmt"/>
        <line num="772" count="21" type="cond" truecount="2" falsecount="0"/>
        <line num="773" count="9" type="stmt"/>
        <line num="775" count="21" type="stmt"/>
        <line num="789" count="21" type="stmt"/>
        <line num="790" count="21" type="stmt"/>
        <line num="791" count="21" type="stmt"/>
        <line num="793" count="21" type="stmt"/>
        <line num="794" count="21" type="cond" truecount="2" falsecount="0"/>
        <line num="795" count="21" type="stmt"/>
        <line num="796" count="21" type="stmt"/>
        <line num="799" count="433" type="cond" truecount="2" falsecount="0"/>
        <line num="801" count="21" type="stmt"/>
        <line num="802" count="185" type="stmt"/>
        <line num="804" count="185" type="stmt"/>
        <line num="805" count="811" type="stmt"/>
        <line num="809" count="811" type="cond" truecount="2" falsecount="0"/>
        <line num="811" count="811" type="cond" truecount="2" falsecount="0"/>
        <line num="814" count="74" type="stmt"/>
        <line num="815" count="74" type="cond" truecount="1" falsecount="1"/>
        <line num="817" count="0" type="stmt"/>
        <line num="818" count="0" type="stmt"/>
        <line num="819" count="0" type="stmt"/>
        <line num="820" count="0" type="stmt"/>
        <line num="821" count="0" type="stmt"/>
        <line num="822" count="0" type="stmt"/>
        <line num="828" count="21" type="cond" truecount="1" falsecount="1"/>
        <line num="829" count="0" type="stmt"/>
        <line num="831" count="21" type="stmt"/>
        <line num="844" count="5" type="stmt"/>
        <line num="845" count="5" type="stmt"/>
        <line num="846" count="5" type="cond" truecount="1" falsecount="1"/>
        <line num="847" count="5" type="stmt"/>
        <line num="848" count="5" type="stmt"/>
        <line num="852" count="5" type="stmt"/>
        <line num="853" count="0" type="cond" truecount="0" falsecount="2"/>
        <line num="854" count="0" type="stmt"/>
        <line num="855" count="0" type="stmt"/>
        <line num="857" count="0" type="stmt"/>
        <line num="870" count="17" type="stmt"/>
        <line num="871" count="5" type="cond" truecount="1" falsecount="1"/>
        <line num="872" count="5" type="stmt"/>
        <line num="873" count="5" type="stmt"/>
        <line num="875" count="5" type="stmt"/>
        <line num="885" count="22" type="stmt"/>
        <line num="886" count="22" type="cond" truecount="1" falsecount="1"/>
        <line num="888" count="22" type="stmt"/>
        <line num="889" count="22" type="cond" truecount="2" falsecount="0"/>
        <line num="890" count="1" type="stmt"/>
        <line num="891" count="1" type="stmt"/>
        <line num="895" count="21" type="stmt"/>
        <line num="898" count="21" type="stmt"/>
        <line num="900" count="21" type="stmt"/>
      </file>
      <file name="types.ts" path="C:\Projects\comfy-node-organizer\src\layout\types.ts">
        <metrics statements="1" coveredstatements="1" conditionals="0" coveredconditionals="0" methods="0" coveredmethods="0"/>
        <line num="180" count="1" type="stmt"/>
      </file>
    </package>
  </project>
</coverage>
