<?xml version="1.0" encoding="UTF-8"?>
<coverage generated="1767836506126" clover="3.2.0">
  <project timestamp="1767836506126" name="All files">
    <metrics statements="948" coveredstatements="794" conditionals="598" coveredconditionals="371" methods="90" coveredmethods="78" elements="1636" coveredelements="1243" complexity="0" loc="948" ncloc="948" packages="2" files="11" classes="11"/>
    <package name="src">
      <metrics statements="10" coveredstatements="6" conditionals="8" coveredconditionals="4" methods="2" coveredmethods="2"/>
      <file name="debug.ts" path="C:\Projects\comfy-node-organizer\src\debug.ts">
        <metrics statements="10" coveredstatements="6" conditionals="8" coveredconditionals="4" methods="2" coveredmethods="2"/>
        <line num="2" count="1" type="stmt"/>
        <line num="3" count="1" type="stmt"/>
        <line num="9" count="624" type="stmt"/>
        <line num="11" count="624" type="cond" truecount="3" falsecount="1"/>
        <line num="12" count="0" type="stmt"/>
        <line num="13" count="0" type="cond" truecount="0" falsecount="2"/>
        <line num="15" count="624" type="stmt"/>
        <line num="17" count="0" type="stmt"/>
        <line num="23" count="624" type="cond" truecount="1" falsecount="1"/>
        <line num="24" count="0" type="stmt"/>
      </file>
    </package>
    <package name="src.layout">
      <metrics statements="938" coveredstatements="788" conditionals="590" coveredconditionals="367" methods="88" coveredmethods="76"/>
      <file name="bin-pack.ts" path="C:\Projects\comfy-node-organizer\src\layout\bin-pack.ts">
        <metrics statements="66" coveredstatements="42" conditionals="30" coveredconditionals="17" methods="17" coveredmethods="9"/>
        <line num="29" count="205" type="cond" truecount="1" falsecount="1"/>
        <line num="32" count="205" type="cond" truecount="2" falsecount="0"/>
        <line num="34" count="23" type="stmt"/>
        <line num="38" count="182" type="stmt"/>
        <line num="39" count="245" type="stmt"/>
        <line num="40" count="245" type="stmt"/>
        <line num="48" count="182" type="stmt"/>
        <line num="50" count="182" type="cond" truecount="1" falsecount="1"/>
        <line num="52" count="0" type="stmt"/>
        <line num="56" count="182" type="stmt"/>
        <line num="67" count="23" type="stmt"/>
        <line num="68" count="23" type="stmt"/>
        <line num="70" count="23" type="stmt"/>
        <line num="71" count="52" type="stmt"/>
        <line num="72" count="52" type="cond" truecount="1" falsecount="1"/>
        <line num="73" count="52" type="cond" truecount="1" falsecount="1"/>
        <line num="75" count="52" type="stmt"/>
        <line num="82" count="52" type="stmt"/>
        <line num="85" count="23" type="stmt"/>
        <line num="98" count="0" type="stmt"/>
        <line num="99" count="0" type="stmt"/>
        <line num="101" count="0" type="stmt"/>
        <line num="102" count="0" type="stmt"/>
        <line num="104" count="0" type="cond" truecount="0" falsecount="2"/>
        <line num="106" count="0" type="stmt"/>
        <line num="107" count="0" type="stmt"/>
        <line num="109" count="0" type="stmt"/>
        <line num="110" count="0" type="stmt"/>
        <line num="116" count="0" type="stmt"/>
        <line num="121" count="0" type="cond" truecount="0" falsecount="2"/>
        <line num="122" count="0" type="stmt"/>
        <line num="123" count="0" type="stmt"/>
        <line num="125" count="0" type="stmt"/>
        <line num="126" count="0" type="stmt"/>
        <line num="134" count="0" type="stmt"/>
        <line num="135" count="0" type="stmt"/>
        <line num="136" count="0" type="stmt"/>
        <line num="137" count="0" type="stmt"/>
        <line num="140" count="0" type="stmt"/>
        <line num="157" count="182" type="stmt"/>
        <line num="159" count="182" type="stmt"/>
        <line num="161" count="245" type="stmt"/>
        <line num="163" count="245" type="stmt"/>
        <line num="164" count="70" type="stmt"/>
        <line num="168" count="70" type="cond" truecount="1" falsecount="1"/>
        <line num="169" count="70" type="cond" truecount="2" falsecount="0"/>
        <line num="171" count="70" type="cond" truecount="4" falsecount="0"/>
        <line num="172" count="21" type="stmt"/>
        <line num="173" count="21" type="stmt"/>
        <line num="174" count="21" type="stmt"/>
        <line num="175" count="21" type="stmt"/>
        <line num="176" count="21" type="stmt"/>
        <line num="180" count="245" type="cond" truecount="2" falsecount="0"/>
        <line num="182" count="224" type="stmt"/>
        <line num="191" count="182" type="stmt"/>
        <line num="194" count="182" type="stmt"/>
        <line num="195" count="182" type="stmt"/>
        <line num="197" count="182" type="stmt"/>
        <line num="198" count="224" type="stmt"/>
        <line num="199" count="245" type="stmt"/>
        <line num="205" count="224" type="stmt"/>
        <line num="208" count="182" type="stmt"/>
        <line num="215" count="0" type="cond" truecount="0" falsecount="2"/>
        <line num="216" count="0" type="stmt"/>
        <line num="217" count="0" type="stmt"/>
        <line num="224" count="126" type="stmt"/>
      </file>
      <file name="graph-builder.ts" path="C:\Projects\comfy-node-organizer\src\layout\graph-builder.ts">
        <metrics statements="228" coveredstatements="178" conditionals="162" coveredconditionals="97" methods="16" coveredmethods="13"/>
        <line num="31" count="60" type="cond" truecount="2" falsecount="2"/>
        <line num="32" count="0" type="stmt"/>
        <line num="34" count="0" type="cond" truecount="0" falsecount="2"/>
        <line num="36" count="0" type="stmt"/>
        <line num="37" count="0" type="stmt"/>
        <line num="38" count="0" type="cond" truecount="0" falsecount="5"/>
        <line num="39" count="0" type="cond" truecount="0" falsecount="5"/>
        <line num="40" count="0" type="stmt"/>
        <line num="47" count="0" type="stmt"/>
        <line num="59" count="1" type="stmt"/>
        <line num="65" count="364" type="stmt"/>
        <line num="66" count="364" type="stmt"/>
        <line num="67" count="364" type="stmt"/>
        <line num="68" count="364" type="stmt"/>
        <line num="70" count="364" type="stmt"/>
        <line num="71" count="364" type="stmt"/>
        <line num="72" count="364" type="stmt"/>
        <line num="73" count="364" type="stmt"/>
        <line num="76" count="364" type="cond" truecount="4" falsecount="0"/>
        <line num="85" count="30" type="stmt"/>
        <line num="86" count="98" type="stmt"/>
        <line num="87" count="98" type="stmt"/>
        <line num="89" count="98" type="stmt"/>
        <line num="90" count="462" type="cond" truecount="2" falsecount="0"/>
        <line num="91" count="364" type="cond" truecount="2" falsecount="0"/>
        <line num="92" count="28" type="stmt"/>
        <line num="93" count="28" type="cond" truecount="1" falsecount="1"/>
        <line num="94" count="28" type="stmt"/>
        <line num="95" count="28" type="stmt"/>
        <line num="100" count="98" type="stmt"/>
        <line num="101" count="98" type="cond" truecount="2" falsecount="0"/>
        <line num="102" count="28" type="stmt"/>
        <line num="107" count="98" type="stmt"/>
        <line num="108" count="30" type="stmt"/>
        <line num="109" count="70" type="stmt"/>
        <line num="112" count="30" type="stmt"/>
        <line num="113" count="98" type="stmt"/>
        <line num="114" count="98" type="cond" truecount="1" falsecount="1"/>
        <line num="115" count="98" type="stmt"/>
        <line num="116" count="98" type="stmt"/>
        <line num="117" count="98" type="stmt"/>
        <line num="118" count="28" type="stmt"/>
        <line num="127" count="1533" type="stmt"/>
        <line num="128" count="1533" type="stmt"/>
        <line num="129" count="1533" type="stmt"/>
        <line num="130" count="1533" type="stmt"/>
        <line num="132" count="1533" type="cond" truecount="1" falsecount="1"/>
        <line num="133" count="1533" type="cond" truecount="1" falsecount="1"/>
        <line num="135" count="1533" type="cond" truecount="4" falsecount="0"/>
        <line num="146" count="30" type="stmt"/>
        <line num="147" count="30" type="stmt"/>
        <line num="148" count="30" type="stmt"/>
        <line num="151" count="30" type="cond" truecount="1" falsecount="1"/>
        <line num="152" count="30" type="stmt"/>
        <line num="154" count="30" type="stmt"/>
        <line num="155" count="374" type="cond" truecount="3" falsecount="1"/>
        <line num="156" count="374" type="stmt"/>
        <line num="161" count="30" type="stmt"/>
        <line num="164" count="30" type="stmt"/>
        <line num="165" count="30" type="cond" truecount="1" falsecount="1"/>
        <line num="166" count="0" type="stmt"/>
        <line num="167" count="0" type="stmt"/>
        <line num="168" count="0" type="stmt"/>
        <line num="169" count="0" type="stmt"/>
        <line num="170" count="0" type="stmt"/>
        <line num="172" count="30" type="cond" truecount="1" falsecount="1"/>
        <line num="173" count="0" type="stmt"/>
        <line num="174" count="0" type="stmt"/>
        <line num="175" count="0" type="stmt"/>
        <line num="176" count="0" type="stmt"/>
        <line num="177" count="0" type="stmt"/>
        <line num="181" count="30" type="stmt"/>
        <line num="182" count="30" type="stmt"/>
        <line num="185" count="30" type="stmt"/>
        <line num="186" count="30" type="stmt"/>
        <line num="188" count="30" type="cond" truecount="3" falsecount="1"/>
        <line num="189" count="0" type="stmt"/>
        <line num="190" count="0" type="stmt"/>
        <line num="194" count="30" type="cond" truecount="1" falsecount="1"/>
        <line num="196" count="30" type="stmt"/>
        <line num="197" count="98" type="cond" truecount="4" falsecount="1"/>
        <line num="199" count="98" type="stmt"/>
        <line num="209" count="98" type="stmt"/>
        <line num="213" count="30" type="stmt"/>
        <line num="218" count="30" type="stmt"/>
        <line num="220" count="30" type="stmt"/>
        <line num="221" count="374" type="stmt"/>
        <line num="222" count="374" type="stmt"/>
        <line num="224" count="374" type="stmt"/>
        <line num="225" count="1533" type="cond" truecount="2" falsecount="0"/>
        <line num="226" count="203" type="cond" truecount="2" falsecount="0"/>
        <line num="227" count="189" type="stmt"/>
        <line num="228" count="189" type="stmt"/>
        <line num="233" count="374" type="cond" truecount="2" falsecount="0"/>
        <line num="234" count="175" type="stmt"/>
        <line num="235" count="175" type="stmt"/>
        <line num="240" count="30" type="stmt"/>
        <line num="241" count="98" type="cond" truecount="2" falsecount="0"/>
        <line num="244" count="98" type="stmt"/>
        <line num="251" count="98" type="stmt"/>
        <line num="252" count="30" type="stmt"/>
        <line num="254" count="30" type="stmt"/>
        <line num="255" count="161" type="stmt"/>
        <line num="259" count="44" type="stmt"/>
        <line num="260" count="44" type="stmt"/>
        <line num="262" count="98" type="stmt"/>
        <line num="268" count="98" type="stmt"/>
        <line num="269" count="98" type="stmt"/>
        <line num="273" count="98" type="stmt"/>
        <line num="274" count="98" type="stmt"/>
        <line num="275" count="28" type="stmt"/>
        <line num="276" count="28" type="stmt"/>
        <line num="278" count="98" type="cond" truecount="4" falsecount="0"/>
        <line num="279" count="14" type="stmt"/>
        <line num="281" count="98" type="stmt"/>
        <line num="284" count="98" type="stmt"/>
        <line num="285" count="98" type="stmt"/>
        <line num="295" count="30" type="stmt"/>
        <line num="297" count="30" type="stmt"/>
        <line num="299" count="374" type="cond" truecount="2" falsecount="0"/>
        <line num="300" count="73" type="stmt"/>
        <line num="304" count="301" type="cond" truecount="1" falsecount="1"/>
        <line num="305" count="0" type="stmt"/>
        <line num="308" count="301" type="stmt"/>
        <line num="310" count="301" type="cond" truecount="2" falsecount="0"/>
        <line num="313" count="154" type="stmt"/>
        <line num="315" count="154" type="cond" truecount="2" falsecount="0"/>
        <line num="317" count="70" type="stmt"/>
        <line num="320" count="70" type="stmt"/>
        <line num="338" count="147" type="stmt"/>
        <line num="339" count="147" type="stmt"/>
        <line num="359" count="30" type="stmt"/>
        <line num="360" count="30" type="cond" truecount="1" falsecount="1"/>
        <line num="367" count="30" type="cond" truecount="1" falsecount="1"/>
        <line num="368" count="30" type="stmt"/>
        <line num="369" count="0" type="cond" truecount="0" falsecount="2"/>
        <line num="371" count="0" type="stmt"/>
        <line num="374" count="0" type="stmt"/>
        <line num="377" count="30" type="stmt"/>
        <line num="378" count="420" type="cond" truecount="3" falsecount="1"/>
        <line num="379" count="420" type="cond" truecount="3" falsecount="1"/>
        <line num="381" count="420" type="stmt"/>
        <line num="382" count="420" type="stmt"/>
        <line num="385" count="420" type="cond" truecount="3" falsecount="1"/>
        <line num="386" count="0" type="stmt"/>
        <line num="390" count="420" type="stmt"/>
        <line num="391" count="420" type="stmt"/>
        <line num="393" count="420" type="cond" truecount="2" falsecount="0"/>
        <line num="394" count="231" type="stmt"/>
        <line num="395" count="231" type="stmt"/>
        <line num="397" count="420" type="cond" truecount="2" falsecount="0"/>
        <line num="398" count="140" type="stmt"/>
        <line num="399" count="140" type="stmt"/>
        <line num="403" count="420" type="cond" truecount="4" falsecount="0"/>
        <line num="404" count="98" type="stmt"/>
        <line num="405" count="98" type="stmt"/>
        <line num="406" count="98" type="cond" truecount="2" falsecount="0"/>
        <line num="407" count="42" type="stmt"/>
        <line num="411" count="378" type="stmt"/>
        <line num="412" count="378" type="stmt"/>
        <line num="414" count="378" type="cond" truecount="3" falsecount="1"/>
        <line num="415" count="378" type="cond" truecount="2" falsecount="0"/>
        <line num="416" count="280" type="stmt"/>
        <line num="418" count="378" type="cond" truecount="2" falsecount="0"/>
        <line num="419" count="280" type="stmt"/>
        <line num="426" count="30" type="cond" truecount="1" falsecount="1"/>
        <line num="427" count="0" type="stmt"/>
        <line num="429" count="0" type="stmt"/>
        <line num="431" count="0" type="stmt"/>
        <line num="432" count="0" type="stmt"/>
        <line num="433" count="0" type="cond" truecount="0" falsecount="2"/>
        <line num="434" count="0" type="stmt"/>
        <line num="435" count="0" type="stmt"/>
        <line num="438" count="0" type="stmt"/>
        <line num="439" count="0" type="cond" truecount="0" falsecount="2"/>
        <line num="441" count="0" type="stmt"/>
        <line num="443" count="0" type="stmt"/>
        <line num="444" count="0" type="stmt"/>
        <line num="445" count="0" type="cond" truecount="0" falsecount="2"/>
        <line num="446" count="0" type="stmt"/>
        <line num="447" count="0" type="stmt"/>
        <line num="450" count="0" type="stmt"/>
        <line num="451" count="0" type="cond" truecount="0" falsecount="2"/>
        <line num="454" count="0" type="cond" truecount="0" falsecount="4"/>
        <line num="455" count="0" type="stmt"/>
        <line num="456" count="0" type="stmt"/>
        <line num="457" count="0" type="cond" truecount="0" falsecount="2"/>
        <line num="460" count="0" type="cond" truecount="0" falsecount="2"/>
        <line num="461" count="0" type="stmt"/>
        <line num="463" count="0" type="cond" truecount="0" falsecount="2"/>
        <line num="464" count="0" type="stmt"/>
        <line num="470" count="30" type="stmt"/>
        <line num="494" count="98" type="stmt"/>
        <line num="495" count="175" type="stmt"/>
        <line num="496" count="175" type="stmt"/>
        <line num="498" count="98" type="cond" truecount="2" falsecount="0"/>
        <line num="499" count="7" type="stmt"/>
        <line num="503" count="91" type="stmt"/>
        <line num="505" count="91" type="cond" truecount="2" falsecount="0"/>
        <line num="507" count="21" type="stmt"/>
        <line num="508" count="21" type="stmt"/>
        <line num="509" count="21" type="stmt"/>
        <line num="511" count="21" type="stmt"/>
        <line num="512" count="49" type="cond" truecount="1" falsecount="1"/>
        <line num="514" count="49" type="stmt"/>
        <line num="515" count="49" type="stmt"/>
        <line num="517" count="49" type="stmt"/>
        <line num="518" count="77" type="cond" truecount="1" falsecount="1"/>
        <line num="519" count="77" type="cond" truecount="1" falsecount="1"/>
        <line num="523" count="49" type="cond" truecount="1" falsecount="1"/>
        <line num="524" count="49" type="stmt"/>
        <line num="527" count="49" type="stmt"/>
        <line num="528" count="49" type="stmt"/>
        <line num="532" count="21" type="cond" truecount="1" falsecount="1"/>
        <line num="533" count="21" type="stmt"/>
        <line num="536" count="21" type="stmt"/>
        <line num="539" count="70" type="stmt"/>
        <line num="540" count="70" type="stmt"/>
        <line num="542" count="70" type="stmt"/>
        <line num="543" count="98" type="cond" truecount="1" falsecount="1"/>
        <line num="544" count="98" type="cond" truecount="1" falsecount="1"/>
        <line num="548" count="70" type="cond" truecount="1" falsecount="1"/>
        <line num="549" count="70" type="stmt"/>
        <line num="552" count="70" type="stmt"/>
        <line num="560" count="721" type="stmt"/>
        <line num="561" count="721" type="stmt"/>
        <line num="562" count="63" type="stmt"/>
        <line num="564" count="721" type="stmt"/>
      </file>
      <file name="groups.ts" path="C:\Projects\comfy-node-organizer\src\layout\groups.ts">
        <metrics statements="75" coveredstatements="56" conditionals="32" coveredconditionals="18" methods="2" coveredmethods="2"/>
        <line num="5" count="1" type="stmt"/>
        <line num="12" count="30" type="stmt"/>
        <line num="14" count="30" type="cond" truecount="3" falsecount="1"/>
        <line num="15" count="0" type="stmt"/>
        <line num="16" count="0" type="stmt"/>
        <line num="19" count="30" type="stmt"/>
        <line num="20" count="30" type="stmt"/>
        <line num="23" count="30" type="stmt"/>
        <line num="24" count="44" type="stmt"/>
        <line num="25" count="98" type="stmt"/>
        <line num="28" count="98" type="cond" truecount="3" falsecount="1"/>
        <line num="29" count="0" type="stmt"/>
        <line num="30" count="0" type="stmt"/>
        <line num="34" count="98" type="stmt"/>
        <line num="35" count="98" type="stmt"/>
        <line num="36" count="98" type="stmt"/>
        <line num="37" count="98" type="stmt"/>
        <line num="40" count="98" type="stmt"/>
        <line num="41" count="175" type="stmt"/>
        <line num="42" count="175" type="cond" truecount="1" falsecount="1"/>
        <line num="44" count="175" type="cond" truecount="1" falsecount="1"/>
        <line num="45" count="175" type="cond" truecount="1" falsecount="1"/>
        <line num="46" count="175" type="cond" truecount="1" falsecount="1"/>
        <line num="47" count="175" type="cond" truecount="1" falsecount="1"/>
        <line num="49" count="175" type="stmt"/>
        <line num="50" count="175" type="stmt"/>
        <line num="51" count="175" type="stmt"/>
        <line num="52" count="175" type="stmt"/>
        <line num="56" count="98" type="stmt"/>
        <line num="57" count="28" type="stmt"/>
        <line num="58" count="28" type="stmt"/>
        <line num="59" count="28" type="stmt"/>
        <line num="60" count="28" type="stmt"/>
        <line num="61" count="28" type="stmt"/>
        <line num="63" count="28" type="stmt"/>
        <line num="64" count="28" type="stmt"/>
        <line num="65" count="28" type="stmt"/>
        <line num="66" count="28" type="stmt"/>
        <line num="70" count="98" type="cond" truecount="1" falsecount="1"/>
        <line num="71" count="0" type="stmt"/>
        <line num="72" count="0" type="stmt"/>
        <line num="76" count="98" type="stmt"/>
        <line num="77" count="98" type="stmt"/>
        <line num="78" count="98" type="stmt"/>
        <line num="79" count="98" type="stmt"/>
        <line num="80" count="98" type="stmt"/>
        <line num="82" count="98" type="stmt"/>
        <line num="87" count="98" type="stmt"/>
        <line num="89" count="98" type="stmt"/>
        <line num="93" count="30" type="stmt"/>
        <line num="107" count="98" type="cond" truecount="1" falsecount="1"/>
        <line num="108" count="98" type="stmt"/>
        <line num="109" count="98" type="stmt"/>
        <line num="111" count="98" type="cond" truecount="1" falsecount="1"/>
        <line num="112" count="98" type="stmt"/>
        <line num="113" count="98" type="stmt"/>
        <line num="117" count="98" type="stmt"/>
        <line num="121" count="98" type="cond" truecount="1" falsecount="1"/>
        <line num="122" count="0" type="stmt"/>
        <line num="123" count="0" type="stmt"/>
        <line num="125" count="98" type="cond" truecount="1" falsecount="1"/>
        <line num="126" count="0" type="stmt"/>
        <line num="127" count="0" type="stmt"/>
        <line num="131" count="98" type="cond" truecount="1" falsecount="1"/>
        <line num="132" count="0" type="stmt"/>
        <line num="133" count="0" type="stmt"/>
        <line num="134" count="0" type="stmt"/>
        <line num="135" count="0" type="stmt"/>
        <line num="136" count="0" type="stmt"/>
        <line num="140" count="98" type="stmt"/>
        <line num="141" count="98" type="cond" truecount="1" falsecount="1"/>
        <line num="142" count="0" type="stmt"/>
        <line num="143" count="0" type="stmt"/>
        <line num="144" count="0" type="stmt"/>
        <line num="145" count="0" type="stmt"/>
      </file>
      <file name="index.ts" path="C:\Projects\comfy-node-organizer\src\layout\index.ts">
        <metrics statements="23" coveredstatements="22" conditionals="10" coveredconditionals="6" methods="2" coveredmethods="1"/>
        <line num="33" count="31" type="stmt"/>
        <line num="34" count="31" type="stmt"/>
        <line num="37" count="31" type="cond" truecount="1" falsecount="1"/>
        <line num="38" count="31" type="cond" truecount="2" falsecount="0"/>
        <line num="39" count="1" type="stmt"/>
        <line num="48" count="30" type="stmt"/>
        <line num="51" count="30" type="stmt"/>
        <line num="54" count="30" type="stmt"/>
        <line num="57" count="30" type="stmt"/>
        <line num="58" count="30" type="stmt"/>
        <line num="62" count="30" type="stmt"/>
        <line num="65" count="30" type="stmt"/>
        <line num="68" count="30" type="stmt"/>
        <line num="71" count="30" type="stmt"/>
        <line num="75" count="30" type="stmt"/>
        <line num="78" count="30" type="cond" truecount="1" falsecount="1"/>
        <line num="79" count="0" type="stmt"/>
        <line num="82" count="30" type="stmt"/>
        <line num="85" count="30" type="cond" truecount="1" falsecount="1"/>
        <line num="86" count="31" type="cond" truecount="1" falsecount="1"/>
        <line num="87" count="31" type="stmt"/>
        <line num="89" count="31" type="stmt"/>
        <line num="93" count="31" type="stmt"/>
      </file>
      <file name="layer-assign.ts" path="C:\Projects\comfy-node-organizer\src\layout\layer-assign.ts">
        <metrics statements="48" coveredstatements="46" conditionals="18" coveredconditionals="14" methods="5" coveredmethods="5"/>
        <line num="9" count="30" type="stmt"/>
        <line num="12" count="30" type="stmt"/>
        <line num="13" count="30" type="stmt"/>
        <line num="14" count="30" type="stmt"/>
        <line num="17" count="30" type="stmt"/>
        <line num="18" count="217" type="stmt"/>
        <line num="19" count="217" type="cond" truecount="2" falsecount="0"/>
        <line num="20" count="63" type="stmt"/>
        <line num="25" count="30" type="stmt"/>
        <line num="26" count="217" type="stmt"/>
        <line num="27" count="217" type="stmt"/>
        <line num="29" count="217" type="stmt"/>
        <line num="30" count="217" type="stmt"/>
        <line num="31" count="280" type="cond" truecount="1" falsecount="1"/>
        <line num="32" count="280" type="stmt"/>
        <line num="33" count="280" type="cond" truecount="2" falsecount="0"/>
        <line num="34" count="154" type="stmt"/>
        <line num="40" count="30" type="stmt"/>
        <line num="41" count="217" type="cond" truecount="1" falsecount="1"/>
        <line num="42" count="0" type="stmt"/>
        <line num="47" count="30" type="stmt"/>
        <line num="48" count="217" type="stmt"/>
        <line num="50" count="217" type="cond" truecount="2" falsecount="0"/>
        <line num="52" count="63" type="stmt"/>
        <line num="55" count="154" type="stmt"/>
        <line num="56" count="154" type="stmt"/>
        <line num="57" count="280" type="stmt"/>
        <line num="58" count="280" type="cond" truecount="3" falsecount="1"/>
        <line num="59" count="280" type="stmt"/>
        <line num="62" count="154" type="stmt"/>
        <line num="67" count="30" type="stmt"/>
        <line num="68" count="217" type="cond" truecount="1" falsecount="1"/>
        <line num="69" count="0" type="stmt"/>
        <line num="74" count="30" type="stmt"/>
        <line num="75" count="30" type="stmt"/>
        <line num="76" count="217" type="cond" truecount="2" falsecount="0"/>
        <line num="77" count="217" type="stmt"/>
        <line num="78" count="217" type="stmt"/>
        <line num="82" count="196" type="stmt"/>
        <line num="83" count="30" type="stmt"/>
        <line num="85" count="30" type="stmt"/>
        <line num="86" count="154" type="stmt"/>
        <line num="88" count="154" type="stmt"/>
        <line num="89" count="154" type="stmt"/>
        <line num="90" count="217" type="stmt"/>
        <line num="93" count="154" type="stmt"/>
        <line num="97" count="217" type="stmt"/>
        <line num="101" count="30" type="stmt"/>
      </file>
      <file name="layout-utils.ts" path="C:\Projects\comfy-node-organizer\src\layout\layout-utils.ts">
        <metrics statements="53" coveredstatements="52" conditionals="36" coveredconditionals="25" methods="3" coveredmethods="3"/>
        <line num="11" count="189" type="stmt"/>
        <line num="14" count="189" type="stmt"/>
        <line num="15" count="189" type="stmt"/>
        <line num="16" count="350" type="stmt"/>
        <line num="17" count="350" type="cond" truecount="1" falsecount="1"/>
        <line num="19" count="350" type="stmt"/>
        <line num="20" count="490" type="cond" truecount="2" falsecount="0"/>
        <line num="21" count="406" type="stmt"/>
        <line num="22" count="462" type="stmt"/>
        <line num="29" count="189" type="stmt"/>
        <line num="30" count="350" type="stmt"/>
        <line num="31" count="350" type="cond" truecount="1" falsecount="1"/>
        <line num="33" count="350" type="stmt"/>
        <line num="34" count="308" type="cond" truecount="4" falsecount="0"/>
        <line num="35" count="280" type="stmt"/>
        <line num="36" count="280" type="cond" truecount="4" falsecount="0"/>
        <line num="37" count="84" type="stmt"/>
        <line num="43" count="189" type="stmt"/>
        <line num="56" count="42" type="stmt"/>
        <line num="57" count="42" type="stmt"/>
        <line num="59" count="42" type="stmt"/>
        <line num="60" count="154" type="stmt"/>
        <line num="61" count="154" type="stmt"/>
        <line num="64" count="42" type="stmt"/>
        <line num="65" count="84" type="stmt"/>
        <line num="66" count="84" type="cond" truecount="1" falsecount="1"/>
        <line num="70" count="42" type="stmt"/>
        <line num="71" count="42" type="stmt"/>
        <line num="74" count="42" type="stmt"/>
        <line num="75" count="154" type="cond" truecount="3" falsecount="1"/>
        <line num="76" count="70" type="stmt"/>
        <line num="77" count="70" type="stmt"/>
        <line num="81" count="42" type="stmt"/>
        <line num="82" count="154" type="stmt"/>
        <line num="83" count="154" type="cond" truecount="1" falsecount="1"/>
        <line num="85" count="154" type="cond" truecount="1" falsecount="1"/>
        <line num="87" count="84" type="cond" truecount="2" falsecount="0"/>
        <line num="88" count="84" type="stmt"/>
        <line num="91" count="84" type="cond" truecount="1" falsecount="1"/>
        <line num="92" count="84" type="stmt"/>
        <line num="93" count="84" type="cond" truecount="1" falsecount="1"/>
        <line num="94" count="84" type="stmt"/>
        <line num="100" count="42" type="stmt"/>
        <line num="101" count="154" type="cond" truecount="1" falsecount="1"/>
        <line num="102" count="0" type="stmt"/>
        <line num="107" count="42" type="stmt"/>
        <line num="108" count="98" type="stmt"/>
        <line num="110" count="42" type="stmt"/>
        <line num="111" count="154" type="stmt"/>
        <line num="112" count="154" type="cond" truecount="1" falsecount="1"/>
        <line num="113" count="154" type="cond" truecount="1" falsecount="1"/>
        <line num="114" count="154" type="stmt"/>
        <line num="118" count="42" type="stmt"/>
      </file>
      <file name="node-classifier.ts" path="C:\Projects\comfy-node-organizer\src\layout\node-classifier.ts">
        <metrics statements="32" coveredstatements="24" conditionals="32" coveredconditionals="15" methods="2" coveredmethods="2"/>
        <line num="10" count="30" type="cond" truecount="1" falsecount="1"/>
        <line num="11" count="30" type="stmt"/>
        <line num="12" count="420" type="cond" truecount="1" falsecount="1"/>
        <line num="14" count="0" type="cond" truecount="0" falsecount="2"/>
        <line num="15" count="0" type="stmt"/>
        <line num="16" count="0" type="cond" truecount="0" falsecount="2"/>
        <line num="19" count="0" type="stmt"/>
        <line num="20" count="0" type="cond" truecount="0" falsecount="2"/>
        <line num="33" count="30" type="stmt"/>
        <line num="36" count="30" type="cond" truecount="1" falsecount="1"/>
        <line num="37" count="30" type="stmt"/>
        <line num="38" count="420" type="cond" truecount="1" falsecount="1"/>
        <line num="39" count="420" type="stmt"/>
        <line num="41" count="420" type="cond" truecount="1" falsecount="1"/>
        <line num="42" count="420" type="stmt"/>
        <line num="47" count="30" type="stmt"/>
        <line num="48" count="30" type="stmt"/>
        <line num="49" count="30" type="stmt"/>
        <line num="51" count="30" type="cond" truecount="1" falsecount="1"/>
        <line num="52" count="30" type="stmt"/>
        <line num="53" count="374" type="cond" truecount="3" falsecount="1"/>
        <line num="55" count="374" type="cond" truecount="1" falsecount="1"/>
        <line num="59" count="374" type="cond" truecount="2" falsecount="0"/>
        <line num="61" count="374" type="cond" truecount="1" falsecount="1"/>
        <line num="62" count="0" type="stmt"/>
        <line num="64" count="0" type="cond" truecount="0" falsecount="2"/>
        <line num="65" count="0" type="stmt"/>
        <line num="67" count="374" type="cond" truecount="2" falsecount="0"/>
        <line num="68" count="301" type="stmt"/>
        <line num="70" count="73" type="stmt"/>
        <line num="74" count="30" type="stmt"/>
        <line num="78" count="30" type="stmt"/>
      </file>
      <file name="ordering.ts" path="C:\Projects\comfy-node-organizer\src\layout\ordering.ts">
        <metrics statements="82" coveredstatements="79" conditionals="50" coveredconditionals="33" methods="14" coveredmethods="14"/>
        <line num="9" count="30" type="stmt"/>
        <line num="11" count="30" type="cond" truecount="2" falsecount="0"/>
        <line num="14" count="28" type="stmt"/>
        <line num="15" count="154" type="stmt"/>
        <line num="16" count="154" type="stmt"/>
        <line num="17" count="217" type="stmt"/>
        <line num="22" count="28" type="stmt"/>
        <line num="23" count="28" type="stmt"/>
        <line num="26" count="28" type="stmt"/>
        <line num="28" count="42" type="cond" truecount="2" falsecount="0"/>
        <line num="32" count="42" type="cond" truecount="2" falsecount="0"/>
        <line num="45" count="28" type="stmt"/>
        <line num="46" count="154" type="stmt"/>
        <line num="47" count="154" type="stmt"/>
        <line num="49" count="217" type="stmt"/>
        <line num="50" count="217" type="stmt"/>
        <line num="65" count="28" type="stmt"/>
        <line num="67" count="28" type="stmt"/>
        <line num="68" count="126" type="stmt"/>
        <line num="71" count="126" type="stmt"/>
        <line num="73" count="126" type="stmt"/>
        <line num="74" count="154" type="cond" truecount="1" falsecount="1"/>
        <line num="75" count="154" type="stmt"/>
        <line num="76" count="154" type="stmt"/>
        <line num="78" count="154" type="stmt"/>
        <line num="79" count="280" type="stmt"/>
        <line num="80" count="280" type="cond" truecount="4" falsecount="0"/>
        <line num="82" count="175" type="cond" truecount="1" falsecount="1"/>
        <line num="83" count="175" type="stmt"/>
        <line num="84" count="175" type="stmt"/>
        <line num="88" count="154" type="cond" truecount="1" falsecount="1"/>
        <line num="89" count="154" type="stmt"/>
        <line num="91" count="0" type="cond" truecount="0" falsecount="2"/>
        <line num="94" count="0" type="cond" truecount="0" falsecount="2"/>
        <line num="99" count="154" type="stmt"/>
        <line num="100" count="126" type="stmt"/>
        <line num="101" count="42" type="cond" truecount="1" falsecount="1"/>
        <line num="102" count="42" type="cond" truecount="1" falsecount="1"/>
        <line num="103" count="42" type="stmt"/>
        <line num="104" count="42" type="cond" truecount="2" falsecount="0"/>
        <line num="108" count="126" type="stmt"/>
        <line num="109" count="154" type="stmt"/>
        <line num="113" count="126" type="stmt"/>
        <line num="114" count="126" type="stmt"/>
        <line num="115" count="154" type="stmt"/>
        <line num="116" count="154" type="stmt"/>
        <line num="119" count="154" type="stmt"/>
        <line num="120" count="126" type="cond" truecount="2" falsecount="0"/>
        <line num="123" count="126" type="stmt"/>
        <line num="136" count="14" type="stmt"/>
        <line num="138" count="14" type="stmt"/>
        <line num="139" count="70" type="stmt"/>
        <line num="142" count="70" type="stmt"/>
        <line num="144" count="70" type="stmt"/>
        <line num="145" count="126" type="cond" truecount="1" falsecount="1"/>
        <line num="146" count="126" type="stmt"/>
        <line num="147" count="126" type="stmt"/>
        <line num="149" count="126" type="stmt"/>
        <line num="150" count="189" type="stmt"/>
        <line num="151" count="189" type="cond" truecount="4" falsecount="0"/>
        <line num="153" count="119" type="cond" truecount="1" falsecount="1"/>
        <line num="154" count="119" type="stmt"/>
        <line num="155" count="119" type="stmt"/>
        <line num="159" count="126" type="cond" truecount="2" falsecount="0"/>
        <line num="160" count="98" type="stmt"/>
        <line num="162" count="28" type="cond" truecount="1" falsecount="1"/>
        <line num="165" count="0" type="cond" truecount="0" falsecount="2"/>
        <line num="170" count="126" type="stmt"/>
        <line num="171" count="70" type="stmt"/>
        <line num="172" count="56" type="cond" truecount="1" falsecount="1"/>
        <line num="173" count="56" type="cond" truecount="1" falsecount="1"/>
        <line num="174" count="56" type="stmt"/>
        <line num="175" count="56" type="cond" truecount="2" falsecount="0"/>
        <line num="179" count="70" type="stmt"/>
        <line num="180" count="126" type="stmt"/>
        <line num="184" count="70" type="stmt"/>
        <line num="185" count="70" type="stmt"/>
        <line num="186" count="126" type="stmt"/>
        <line num="187" count="126" type="stmt"/>
        <line num="190" count="126" type="stmt"/>
        <line num="191" count="70" type="cond" truecount="1" falsecount="1"/>
        <line num="194" count="70" type="stmt"/>
      </file>
      <file name="positioning.ts" path="C:\Projects\comfy-node-organizer\src\layout\positioning.ts">
        <metrics statements="330" coveredstatements="288" conditionals="220" coveredconditionals="142" methods="27" coveredmethods="27"/>
        <line num="27" count="1" type="stmt"/>
        <line num="33" count="60" type="stmt"/>
        <line num="35" count="60" type="cond" truecount="5" falsecount="0"/>
        <line num="36" count="14" type="stmt"/>
        <line num="39" count="46" type="stmt"/>
        <line num="40" count="46" type="stmt"/>
        <line num="41" count="146" type="stmt"/>
        <line num="42" count="146" type="cond" truecount="1" falsecount="1"/>
        <line num="43" count="146" type="cond" truecount="1" falsecount="1"/>
        <line num="46" count="46" type="stmt"/>
        <line num="54" count="30" type="stmt"/>
        <line num="55" count="30" type="stmt"/>
        <line num="57" count="30" type="stmt"/>
        <line num="58" count="30" type="stmt"/>
        <line num="59" count="154" type="stmt"/>
        <line num="60" count="154" type="stmt"/>
        <line num="70" count="30" type="stmt"/>
        <line num="71" count="30" type="stmt"/>
        <line num="74" count="30" type="stmt"/>
        <line num="75" count="30" type="stmt"/>
        <line num="76" count="154" type="stmt"/>
        <line num="77" count="217" type="stmt"/>
        <line num="82" count="30" type="stmt"/>
        <line num="83" count="30" type="stmt"/>
        <line num="84" count="154" type="stmt"/>
        <line num="85" count="154" type="stmt"/>
        <line num="89" count="30" type="stmt"/>
        <line num="90" count="154" type="stmt"/>
        <line num="91" count="217" type="cond" truecount="1" falsecount="1"/>
        <line num="92" count="217" type="stmt"/>
        <line num="103" count="30" type="stmt"/>
        <line num="106" count="30" type="stmt"/>
        <line num="108" count="30" type="stmt"/>
        <line num="110" count="217" type="stmt"/>
        <line num="111" count="217" type="stmt"/>
        <line num="113" count="154" type="stmt"/>
        <line num="114" count="154" type="stmt"/>
        <line num="117" count="154" type="stmt"/>
        <line num="118" count="70" type="stmt"/>
        <line num="119" count="70" type="stmt"/>
        <line num="120" count="70" type="stmt"/>
        <line num="121" count="70" type="stmt"/>
        <line num="125" count="154" type="cond" truecount="2" falsecount="0"/>
        <line num="127" count="112" type="stmt"/>
        <line num="128" count="112" type="stmt"/>
        <line num="129" count="147" type="stmt"/>
        <line num="133" count="147" type="stmt"/>
        <line num="134" count="112" type="stmt"/>
        <line num="136" count="112" type="stmt"/>
        <line num="139" count="112" type="stmt"/>
        <line num="140" count="126" type="stmt"/>
        <line num="141" count="126" type="stmt"/>
        <line num="144" count="126" type="stmt"/>
        <line num="145" count="14" type="cond" truecount="2" falsecount="2"/>
        <line num="146" count="0" type="stmt"/>
        <line num="150" count="126" type="stmt"/>
        <line num="151" count="189" type="stmt"/>
        <line num="152" count="147" type="cond" truecount="1" falsecount="1"/>
        <line num="153" count="147" type="stmt"/>
        <line num="154" count="147" type="stmt"/>
        <line num="155" count="147" type="stmt"/>
        <line num="161" count="112" type="stmt"/>
        <line num="162" count="112" type="cond" truecount="2" falsecount="0"/>
        <line num="163" count="14" type="stmt"/>
        <line num="168" count="30" type="stmt"/>
        <line num="176" count="30" type="stmt"/>
        <line num="178" count="30" type="cond" truecount="5" falsecount="0"/>
        <line num="179" count="7" type="stmt"/>
        <line num="183" count="23" type="stmt"/>
        <line num="184" count="23" type="stmt"/>
        <line num="185" count="73" type="cond" truecount="2" falsecount="0"/>
        <line num="186" count="21" type="stmt"/>
        <line num="188" count="52" type="stmt"/>
        <line num="191" count="23" type="cond" truecount="1" falsecount="1"/>
        <line num="192" count="0" type="stmt"/>
        <line num="193" count="0" type="stmt"/>
        <line num="197" count="23" type="stmt"/>
        <line num="198" count="23" type="stmt"/>
        <line num="199" count="52" type="stmt"/>
        <line num="200" count="52" type="cond" truecount="1" falsecount="1"/>
        <line num="201" count="52" type="stmt"/>
        <line num="209" count="23" type="stmt"/>
        <line num="215" count="23" type="stmt"/>
        <line num="216" count="23" type="stmt"/>
        <line num="218" count="23" type="stmt"/>
        <line num="219" count="52" type="stmt"/>
        <line num="220" count="52" type="stmt"/>
        <line num="221" count="52" type="cond" truecount="3" falsecount="1"/>
        <line num="223" count="52" type="cond" truecount="3" falsecount="1"/>
        <line num="224" count="0" type="stmt"/>
        <line num="226" count="52" type="stmt"/>
        <line num="227" count="52" type="stmt"/>
        <line num="232" count="23" type="stmt"/>
        <line num="243" count="30" type="stmt"/>
        <line num="246" count="30" type="stmt"/>
        <line num="247" count="217" type="cond" truecount="2" falsecount="0"/>
        <line num="249" count="70" type="stmt"/>
        <line num="253" count="147" type="cond" truecount="2" falsecount="2"/>
        <line num="254" count="0" type="stmt"/>
        <line num="255" count="0" type="stmt"/>
        <line num="256" count="0" type="stmt"/>
        <line num="259" count="0" type="stmt"/>
        <line num="262" count="147" type="stmt"/>
        <line num="265" count="147" type="cond" truecount="3" falsecount="1"/>
        <line num="266" count="0" type="stmt"/>
        <line num="270" count="147" type="cond" truecount="1" falsecount="1"/>
        <line num="271" count="147" type="stmt"/>
        <line num="272" count="147" type="stmt"/>
        <line num="277" count="30" type="cond" truecount="4" falsecount="1"/>
        <line num="279" count="98" type="stmt"/>
        <line num="281" count="30" type="stmt"/>
        <line num="282" count="70" type="stmt"/>
        <line num="283" count="70" type="cond" truecount="1" falsecount="1"/>
        <line num="285" count="70" type="stmt"/>
        <line num="286" count="70" type="cond" truecount="1" falsecount="1"/>
        <line num="289" count="70" type="stmt"/>
        <line num="290" count="70" type="stmt"/>
        <line num="292" count="70" type="stmt"/>
        <line num="297" count="30" type="stmt"/>
        <line num="300" count="30" type="cond" truecount="3" falsecount="2"/>
        <line num="302" count="0" type="stmt"/>
        <line num="303" count="0" type="stmt"/>
        <line num="305" count="0" type="stmt"/>
        <line num="306" count="0" type="cond" truecount="0" falsecount="2"/>
        <line num="307" count="0" type="stmt"/>
        <line num="309" count="0" type="cond" truecount="0" falsecount="2"/>
        <line num="310" count="0" type="stmt"/>
        <line num="315" count="0" type="stmt"/>
        <line num="316" count="0" type="stmt"/>
        <line num="317" count="0" type="stmt"/>
        <line num="321" count="0" type="stmt"/>
        <line num="324" count="0" type="stmt"/>
        <line num="325" count="0" type="stmt"/>
        <line num="326" count="0" type="stmt"/>
        <line num="327" count="0" type="stmt"/>
        <line num="328" count="0" type="cond" truecount="0" falsecount="5"/>
        <line num="329" count="0" type="stmt"/>
        <line num="330" count="0" type="stmt"/>
        <line num="335" count="0" type="stmt"/>
        <line num="354" count="98" type="stmt"/>
        <line num="355" count="98" type="stmt"/>
        <line num="356" count="175" type="stmt"/>
        <line num="357" count="175" type="cond" truecount="1" falsecount="1"/>
        <line num="358" count="175" type="cond" truecount="3" falsecount="1"/>
        <line num="359" count="175" type="stmt"/>
        <line num="363" count="98" type="cond" truecount="3" falsecount="1"/>
        <line num="364" count="0" type="stmt"/>
        <line num="367" count="98" type="stmt"/>
        <line num="370" count="98" type="stmt"/>
        <line num="372" count="98" type="stmt"/>
        <line num="374" count="98" type="cond" truecount="2" falsecount="0"/>
        <line num="375" count="91" type="cond" truecount="2" falsecount="0"/>
        <line num="377" count="21" type="stmt"/>
        <line num="379" count="21" type="stmt"/>
        <line num="380" count="21" type="stmt"/>
        <line num="381" count="49" type="stmt"/>
        <line num="382" count="49" type="cond" truecount="1" falsecount="1"/>
        <line num="385" count="49" type="cond" truecount="2" falsecount="2"/>
        <line num="387" count="49" type="stmt"/>
        <line num="388" count="49" type="stmt"/>
        <line num="390" count="49" type="stmt"/>
        <line num="391" count="77" type="cond" truecount="1" falsecount="1"/>
        <line num="392" count="77" type="stmt"/>
        <line num="393" count="77" type="stmt"/>
        <line num="394" count="77" type="stmt"/>
        <line num="397" count="77" type="cond" truecount="1" falsecount="1"/>
        <line num="398" count="77" type="cond" truecount="1" falsecount="1"/>
        <line num="401" count="49" type="stmt"/>
        <line num="402" count="49" type="stmt"/>
        <line num="407" count="70" type="cond" truecount="2" falsecount="2"/>
        <line num="410" count="70" type="stmt"/>
        <line num="411" count="70" type="stmt"/>
        <line num="412" count="98" type="stmt"/>
        <line num="419" count="98" type="stmt"/>
        <line num="420" count="70" type="stmt"/>
        <line num="422" count="70" type="stmt"/>
        <line num="423" count="70" type="stmt"/>
        <line num="424" count="98" type="stmt"/>
        <line num="425" count="98" type="stmt"/>
        <line num="426" count="98" type="stmt"/>
        <line num="427" count="98" type="cond" truecount="1" falsecount="1"/>
        <line num="428" count="98" type="stmt"/>
        <line num="429" count="98" type="stmt"/>
        <line num="430" count="98" type="stmt"/>
        <line num="431" count="98" type="cond" truecount="1" falsecount="1"/>
        <line num="434" count="98" type="stmt"/>
        <line num="436" count="70" type="stmt"/>
        <line num="441" count="98" type="stmt"/>
        <line num="443" count="28" type="stmt"/>
        <line num="444" count="28" type="stmt"/>
        <line num="447" count="28" type="stmt"/>
        <line num="450" count="28" type="cond" truecount="1" falsecount="1"/>
        <line num="451" count="28" type="stmt"/>
        <line num="452" count="28" type="stmt"/>
        <line num="453" count="28" type="stmt"/>
        <line num="456" count="28" type="stmt"/>
        <line num="459" count="98" type="stmt"/>
        <line num="468" count="266" type="cond" truecount="1" falsecount="1"/>
        <line num="470" count="266" type="stmt"/>
        <line num="471" count="266" type="stmt"/>
        <line num="473" count="266" type="stmt"/>
        <line num="474" count="364" type="stmt"/>
        <line num="475" count="364" type="stmt"/>
        <line num="478" count="266" type="cond" truecount="1" falsecount="1"/>
        <line num="479" count="266" type="stmt"/>
        <line num="488" count="30" type="stmt"/>
        <line num="492" count="30" type="stmt"/>
        <line num="494" count="30" type="stmt"/>
        <line num="495" count="217" type="stmt"/>
        <line num="497" count="154" type="cond" truecount="2" falsecount="0"/>
        <line num="499" count="42" type="stmt"/>
        <line num="502" count="112" type="stmt"/>
        <line num="503" count="112" type="cond" truecount="1" falsecount="1"/>
        <line num="505" count="112" type="stmt"/>
        <line num="506" count="112" type="stmt"/>
        <line num="510" count="30" type="cond" truecount="2" falsecount="0"/>
        <line num="513" count="28" type="stmt"/>
        <line num="514" count="154" type="cond" truecount="1" falsecount="1"/>
        <line num="516" count="154" type="stmt"/>
        <line num="517" count="154" type="cond" truecount="1" falsecount="1"/>
        <line num="519" count="154" type="stmt"/>
        <line num="520" count="154" type="stmt"/>
        <line num="522" count="154" type="stmt"/>
        <line num="523" count="217" type="stmt"/>
        <line num="533" count="30" type="stmt"/>
        <line num="534" count="30" type="stmt"/>
        <line num="536" count="30" type="cond" truecount="1" falsecount="1"/>
        <line num="539" count="30" type="cond" truecount="1" falsecount="1"/>
        <line num="540" count="98" type="cond" truecount="2" falsecount="0"/>
        <line num="541" count="70" type="cond" truecount="1" falsecount="1"/>
        <line num="542" count="98" type="cond" truecount="1" falsecount="1"/>
        <line num="543" count="98" type="stmt"/>
        <line num="559" count="30" type="stmt"/>
        <line num="560" count="374" type="cond" truecount="2" falsecount="0"/>
        <line num="561" count="199" type="cond" truecount="3" falsecount="1"/>
        <line num="563" count="199" type="cond" truecount="1" falsecount="1"/>
        <line num="564" count="374" type="cond" truecount="1" falsecount="1"/>
        <line num="565" count="374" type="cond" truecount="1" falsecount="1"/>
        <line num="566" count="374" type="stmt"/>
        <line num="580" count="30" type="stmt"/>
        <line num="594" count="29" type="stmt"/>
        <line num="595" count="29" type="stmt"/>
        <line num="596" count="29" type="stmt"/>
        <line num="598" count="29" type="stmt"/>
        <line num="599" count="29" type="cond" truecount="2" falsecount="0"/>
        <line num="600" count="36" type="stmt"/>
        <line num="601" count="36" type="stmt"/>
        <line num="604" count="624" type="cond" truecount="3" falsecount="0"/>
        <line num="606" count="36" type="stmt"/>
        <line num="607" count="331" type="stmt"/>
        <line num="609" count="331" type="stmt"/>
        <line num="610" count="1485" type="stmt"/>
        <line num="614" count="1485" type="cond" truecount="2" falsecount="0"/>
        <line num="616" count="1485" type="cond" truecount="2" falsecount="0"/>
        <line num="619" count="1141" type="stmt"/>
        <line num="620" count="1141" type="cond" truecount="2" falsecount="0"/>
        <line num="622" count="7" type="stmt"/>
        <line num="623" count="7" type="stmt"/>
        <line num="624" count="7" type="stmt"/>
        <line num="625" count="7" type="stmt"/>
        <line num="626" count="7" type="stmt"/>
        <line num="632" count="29" type="cond" truecount="2" falsecount="0"/>
        <line num="633" count="7" type="stmt"/>
        <line num="635" count="29" type="stmt"/>
        <line num="649" count="29" type="stmt"/>
        <line num="650" count="29" type="stmt"/>
        <line num="651" count="29" type="stmt"/>
        <line num="653" count="29" type="stmt"/>
        <line num="654" count="29" type="cond" truecount="2" falsecount="0"/>
        <line num="655" count="29" type="stmt"/>
        <line num="656" count="29" type="stmt"/>
        <line num="659" count="624" type="cond" truecount="3" falsecount="0"/>
        <line num="661" count="29" type="stmt"/>
        <line num="662" count="268" type="stmt"/>
        <line num="664" count="268" type="stmt"/>
        <line num="665" count="1233" type="stmt"/>
        <line num="669" count="1233" type="cond" truecount="2" falsecount="0"/>
        <line num="671" count="1233" type="cond" truecount="2" falsecount="0"/>
        <line num="674" count="106" type="stmt"/>
        <line num="675" count="106" type="cond" truecount="1" falsecount="1"/>
        <line num="677" count="0" type="stmt"/>
        <line num="678" count="0" type="stmt"/>
        <line num="679" count="0" type="stmt"/>
        <line num="680" count="0" type="stmt"/>
        <line num="681" count="0" type="stmt"/>
        <line num="687" count="29" type="cond" truecount="1" falsecount="1"/>
        <line num="688" count="0" type="stmt"/>
        <line num="690" count="29" type="stmt"/>
        <line num="703" count="7" type="stmt"/>
        <line num="704" count="7" type="stmt"/>
        <line num="705" count="7" type="cond" truecount="1" falsecount="1"/>
        <line num="706" count="7" type="stmt"/>
        <line num="707" count="7" type="stmt"/>
        <line num="711" count="7" type="stmt"/>
        <line num="712" count="0" type="cond" truecount="0" falsecount="2"/>
        <line num="713" count="0" type="stmt"/>
        <line num="714" count="0" type="stmt"/>
        <line num="716" count="0" type="stmt"/>
        <line num="729" count="7" type="stmt"/>
        <line num="730" count="7" type="cond" truecount="1" falsecount="1"/>
        <line num="731" count="7" type="stmt"/>
        <line num="732" count="7" type="stmt"/>
        <line num="734" count="7" type="stmt"/>
        <line num="746" count="29" type="stmt"/>
        <line num="747" count="268" type="stmt"/>
        <line num="748" count="268" type="stmt"/>
        <line num="751" count="268" type="cond" truecount="4" falsecount="0"/>
        <line num="753" count="7" type="cond" truecount="4" falsecount="1"/>
        <line num="755" count="7" type="cond" truecount="1" falsecount="1"/>
        <line num="756" count="7" type="stmt"/>
        <line num="757" count="7" type="stmt"/>
        <line num="760" count="7" type="stmt"/>
        <line num="761" count="14" type="stmt"/>
        <line num="762" count="14" type="cond" truecount="1" falsecount="1"/>
        <line num="763" count="14" type="stmt"/>
        <line num="764" count="14" type="stmt"/>
        <line num="768" count="7" type="stmt"/>
        <line num="769" count="0" type="cond" truecount="0" falsecount="4"/>
        <line num="771" count="0" type="stmt"/>
        <line num="772" count="0" type="stmt"/>
        <line num="784" count="30" type="stmt"/>
        <line num="785" count="30" type="cond" truecount="1" falsecount="1"/>
        <line num="787" count="30" type="stmt"/>
        <line num="788" count="30" type="cond" truecount="2" falsecount="0"/>
        <line num="789" count="1" type="stmt"/>
        <line num="790" count="1" type="stmt"/>
        <line num="794" count="29" type="stmt"/>
        <line num="797" count="29" type="stmt"/>
        <line num="800" count="29" type="stmt"/>
        <line num="802" count="29" type="stmt"/>
      </file>
      <file name="types.ts" path="C:\Projects\comfy-node-organizer\src\layout\types.ts">
        <metrics statements="1" coveredstatements="1" conditionals="0" coveredconditionals="0" methods="0" coveredmethods="0"/>
        <line num="180" count="1" type="stmt"/>
      </file>
    </package>
  </project>
</coverage>
