{"C:\\Projects\\comfy-node-organizer\\src\\debug.ts": {"path":"C:\\Projects\\comfy-node-organizer\\src\\debug.ts","statementMap":{"0":{"start":{"line":2,"column":24},"end":{"line":2,"column":null}},"1":{"start":{"line":3,"column":21},"end":{"line":5,"column":null}},"2":{"start":{"line":9,"column":2},"end":{"line":18,"column":null}},"3":{"start":{"line":11,"column":4},"end":{"line":14,"column":null}},"4":{"start":{"line":12,"column":19},"end":{"line":12,"column":null}},"5":{"start":{"line":13,"column":6},"end":{"line":13,"column":null}},"6":{"start":{"line":15,"column":4},"end":{"line":15,"column":null}},"7":{"start":{"line":17,"column":4},"end":{"line":17,"column":null}},"8":{"start":{"line":23,"column":2},"end":{"line":25,"column":null}},"9":{"start":{"line":24,"column":4},"end":{"line":24,"column":null}}},"fnMap":{"0":{"name":"isDebugEnabled","decl":{"start":{"line":8,"column":16},"end":{"line":8,"column":42}},"loc":{"start":{"line":8,"column":42},"end":{"line":19,"column":null}},"line":8},"1":{"name":"debugLog","decl":{"start":{"line":22,"column":16},"end":{"line":22,"column":25}},"loc":{"start":{"line":22,"column":68},"end":{"line":26,"column":null}},"line":22}},"branchMap":{"0":{"loc":{"start":{"line":11,"column":4},"end":{"line":14,"column":null}},"type":"if","locations":[{"start":{"line":11,"column":4},"end":{"line":14,"column":null}},{"start":{},"end":{}}],"line":11},"1":{"loc":{"start":{"line":11,"column":8},"end":{"line":11,"column":66}},"type":"binary-expr","locations":[{"start":{"line":11,"column":8},"end":{"line":11,"column":45}},{"start":{"line":11,"column":45},"end":{"line":11,"column":66}}],"line":11},"2":{"loc":{"start":{"line":13,"column":13},"end":{"line":13,"column":null}},"type":"binary-expr","locations":[{"start":{"line":13,"column":13},"end":{"line":13,"column":89}},{"start":{"line":13,"column":89},"end":{"line":13,"column":null}}],"line":13},"3":{"loc":{"start":{"line":23,"column":2},"end":{"line":25,"column":null}},"type":"if","locations":[{"start":{"line":23,"column":2},"end":{"line":25,"column":null}},{"start":{},"end":{}}],"line":23}},"s":{"0":1,"1":1,"2":624,"3":624,"4":0,"5":0,"6":624,"7":0,"8":624,"9":0},"f":{"0":624,"1":624},"b":{"0":[0,624],"1":[624,624],"2":[0,0],"3":[0,624]},"meta":{"lastBranch":4,"lastFunction":2,"lastStatement":10,"seen":{"s:2:24:2:Infinity":0,"s:3:21:5:Infinity":1,"f:8:16:8:42":0,"s:9:2:18:Infinity":2,"b:11:4:14:Infinity:undefined:undefined:undefined:undefined":0,"s:11:4:14:Infinity":3,"b:11:8:11:45:11:45:11:66":1,"s:12:19:12:Infinity":4,"s:13:6:13:Infinity":5,"b:13:13:13:89:13:89:13:Infinity":2,"s:15:4:15:Infinity":6,"s:17:4:17:Infinity":7,"f:22:16:22:25":1,"b:23:2:25:Infinity:undefined:undefined:undefined:undefined":3,"s:23:2:25:Infinity":8,"s:24:4:24:Infinity":9}}}
,"C:\\Projects\\comfy-node-organizer\\src\\layout\\bin-pack.ts": {"path":"C:\\Projects\\comfy-node-organizer\\src\\layout\\bin-pack.ts","statementMap":{"0":{"start":{"line":29,"column":2},"end":{"line":29,"column":null}},"1":{"start":{"line":29,"column":28},"end":{"line":29,"column":null}},"2":{"start":{"line":32,"column":2},"end":{"line":35,"column":null}},"3":{"start":{"line":34,"column":4},"end":{"line":34,"column":null}},"4":{"start":{"line":38,"column":32},"end":{"line":45,"column":null}},"5":{"start":{"line":39,"column":17},"end":{"line":39,"column":null}},"6":{"start":{"line":40,"column":4},"end":{"line":44,"column":null}},"7":{"start":{"line":48,"column":2},"end":{"line":48,"column":null}},"8":{"start":{"line":48,"column":27},"end":{"line":48,"column":46}},"9":{"start":{"line":50,"column":2},"end":{"line":53,"column":null}},"10":{"start":{"line":52,"column":4},"end":{"line":52,"column":null}},"11":{"start":{"line":56,"column":2},"end":{"line":56,"column":null}},"12":{"start":{"line":67,"column":28},"end":{"line":67,"column":null}},"13":{"start":{"line":68,"column":16},"end":{"line":68,"column":null}},"14":{"start":{"line":70,"column":2},"end":{"line":83,"column":null}},"15":{"start":{"line":71,"column":17},"end":{"line":71,"column":null}},"16":{"start":{"line":72,"column":19},"end":{"line":72,"column":null}},"17":{"start":{"line":73,"column":18},"end":{"line":73,"column":null}},"18":{"start":{"line":75,"column":4},"end":{"line":80,"column":null}},"19":{"start":{"line":82,"column":4},"end":{"line":82,"column":null}},"20":{"start":{"line":85,"column":2},"end":{"line":85,"column":null}},"21":{"start":{"line":98,"column":28},"end":{"line":98,"column":null}},"22":{"start":{"line":99,"column":31},"end":{"line":99,"column":null}},"23":{"start":{"line":101,"column":2},"end":{"line":118,"column":null}},"24":{"start":{"line":102,"column":4},"end":{"line":102,"column":null}},"25":{"start":{"line":104,"column":4},"end":{"line":117,"column":null}},"26":{"start":{"line":106,"column":24},"end":{"line":106,"column":null}},"27":{"start":{"line":106,"column":58},"end":{"line":106,"column":66}},"28":{"start":{"line":107,"column":23},"end":{"line":107,"column":null}},"29":{"start":{"line":107,"column":53},"end":{"line":107,"column":68}},"30":{"start":{"line":109,"column":6},"end":{"line":114,"column":null}},"31":{"start":{"line":110,"column":37},"end":{"line":110,"column":41}},"32":{"start":{"line":116,"column":6},"end":{"line":116,"column":null}},"33":{"start":{"line":121,"column":2},"end":{"line":131,"column":null}},"34":{"start":{"line":122,"column":22},"end":{"line":122,"column":null}},"35":{"start":{"line":122,"column":56},"end":{"line":122,"column":64}},"36":{"start":{"line":123,"column":21},"end":{"line":123,"column":null}},"37":{"start":{"line":123,"column":51},"end":{"line":123,"column":66}},"38":{"start":{"line":125,"column":4},"end":{"line":130,"column":null}},"39":{"start":{"line":126,"column":35},"end":{"line":126,"column":39}},"40":{"start":{"line":134,"column":16},"end":{"line":134,"column":null}},"41":{"start":{"line":135,"column":2},"end":{"line":138,"column":null}},"42":{"start":{"line":136,"column":4},"end":{"line":136,"column":null}},"43":{"start":{"line":137,"column":4},"end":{"line":137,"column":null}},"44":{"start":{"line":140,"column":2},"end":{"line":140,"column":null}},"45":{"start":{"line":157,"column":7},"end":{"line":157,"column":null}},"46":{"start":{"line":159,"column":2},"end":{"line":188,"column":null}},"47":{"start":{"line":161,"column":17},"end":{"line":161,"column":null}},"48":{"start":{"line":163,"column":4},"end":{"line":178,"column":null}},"49":{"start":{"line":164,"column":23},"end":{"line":164,"column":null}},"50":{"start":{"line":168,"column":26},"end":{"line":168,"column":null}},"51":{"start":{"line":169,"column":31},"end":{"line":169,"column":null}},"52":{"start":{"line":171,"column":6},"end":{"line":177,"column":null}},"53":{"start":{"line":172,"column":8},"end":{"line":172,"column":null}},"54":{"start":{"line":173,"column":8},"end":{"line":173,"column":null}},"55":{"start":{"line":174,"column":8},"end":{"line":174,"column":null}},"56":{"start":{"line":175,"column":8},"end":{"line":175,"column":null}},"57":{"start":{"line":176,"column":8},"end":{"line":176,"column":null}},"58":{"start":{"line":180,"column":4},"end":{"line":187,"column":null}},"59":{"start":{"line":182,"column":6},"end":{"line":186,"column":null}},"60":{"start":{"line":191,"column":2},"end":{"line":191,"column":null}},"61":{"start":{"line":191,"column":22},"end":{"line":191,"column":41}},"62":{"start":{"line":194,"column":30},"end":{"line":194,"column":null}},"63":{"start":{"line":195,"column":16},"end":{"line":195,"column":null}},"64":{"start":{"line":197,"column":2},"end":{"line":206,"column":null}},"65":{"start":{"line":198,"column":4},"end":{"line":203,"column":null}},"66":{"start":{"line":199,"column":34},"end":{"line":199,"column":38}},"67":{"start":{"line":205,"column":4},"end":{"line":205,"column":null}},"68":{"start":{"line":208,"column":2},"end":{"line":208,"column":null}},"69":{"start":{"line":215,"column":2},"end":{"line":215,"column":null}},"70":{"start":{"line":215,"column":25},"end":{"line":215,"column":null}},"71":{"start":{"line":216,"column":18},"end":{"line":216,"column":null}},"72":{"start":{"line":217,"column":2},"end":{"line":217,"column":null}},"73":{"start":{"line":224,"column":2},"end":{"line":224,"column":null}},"74":{"start":{"line":224,"column":40},"end":{"line":224,"column":47}}},"fnMap":{"0":{"name":"packNodesIntoRows","decl":{"start":{"line":24,"column":16},"end":{"line":24,"column":null}},"loc":{"start":{"line":28,"column":15},"end":{"line":57,"column":null}},"line":28},"1":{"name":"(anonymous_1)","decl":{"start":{"line":38,"column":44},"end":{"line":38,"column":45}},"loc":{"start":{"line":38,"column":52},"end":{"line":45,"column":3}},"line":38},"2":{"name":"(anonymous_2)","decl":{"start":{"line":48,"column":17},"end":{"line":48,"column":18}},"loc":{"start":{"line":48,"column":27},"end":{"line":48,"column":46}},"line":48},"3":{"name":"packVertically","decl":{"start":{"line":62,"column":9},"end":{"line":62,"column":null}},"loc":{"start":{"line":66,"column":15},"end":{"line":86,"column":null}},"line":66},"4":{"name":"packFixedColumns","decl":{"start":{"line":92,"column":9},"end":{"line":92,"column":null}},"loc":{"start":{"line":96,"column":15},"end":{"line":141,"column":null}},"line":96},"5":{"name":"(anonymous_5)","decl":{"start":{"line":106,"column":51},"end":{"line":106,"column":52}},"loc":{"start":{"line":106,"column":58},"end":{"line":106,"column":66}},"line":106},"6":{"name":"(anonymous_6)","decl":{"start":{"line":107,"column":41},"end":{"line":107,"column":42}},"loc":{"start":{"line":107,"column":53},"end":{"line":107,"column":68}},"line":107},"7":{"name":"(anonymous_7)","decl":{"start":{"line":110,"column":30},"end":{"line":110,"column":31}},"loc":{"start":{"line":110,"column":37},"end":{"line":110,"column":41}},"line":110},"8":{"name":"(anonymous_8)","decl":{"start":{"line":122,"column":49},"end":{"line":122,"column":50}},"loc":{"start":{"line":122,"column":56},"end":{"line":122,"column":64}},"line":122},"9":{"name":"(anonymous_9)","decl":{"start":{"line":123,"column":39},"end":{"line":123,"column":40}},"loc":{"start":{"line":123,"column":51},"end":{"line":123,"column":66}},"line":123},"10":{"name":"(anonymous_10)","decl":{"start":{"line":126,"column":28},"end":{"line":126,"column":29}},"loc":{"start":{"line":126,"column":35},"end":{"line":126,"column":39}},"line":126},"11":{"name":"packByWidth","decl":{"start":{"line":147,"column":9},"end":{"line":147,"column":null}},"loc":{"start":{"line":152,"column":15},"end":{"line":209,"column":null}},"line":152},"12":{"name":"(anonymous_12)","decl":{"start":{"line":191,"column":12},"end":{"line":191,"column":13}},"loc":{"start":{"line":191,"column":22},"end":{"line":191,"column":41}},"line":191},"13":{"name":"(anonymous_13)","decl":{"start":{"line":199,"column":27},"end":{"line":199,"column":28}},"loc":{"start":{"line":199,"column":34},"end":{"line":199,"column":38}},"line":199},"14":{"name":"getPackedHeight","decl":{"start":{"line":214,"column":16},"end":{"line":214,"column":32}},"loc":{"start":{"line":214,"column":59},"end":{"line":218,"column":null}},"line":214},"15":{"name":"getPackedWidth","decl":{"start":{"line":223,"column":16},"end":{"line":223,"column":31}},"loc":{"start":{"line":223,"column":58},"end":{"line":225,"column":null}},"line":223},"16":{"name":"(anonymous_16)","decl":{"start":{"line":224,"column":33},"end":{"line":224,"column":34}},"loc":{"start":{"line":224,"column":40},"end":{"line":224,"column":47}},"line":224}},"branchMap":{"0":{"loc":{"start":{"line":29,"column":2},"end":{"line":29,"column":null}},"type":"if","locations":[{"start":{"line":29,"column":2},"end":{"line":29,"column":null}},{"start":{},"end":{}}],"line":29},"1":{"loc":{"start":{"line":32,"column":2},"end":{"line":35,"column":null}},"type":"if","locations":[{"start":{"line":32,"column":2},"end":{"line":35,"column":null}},{"start":{},"end":{}}],"line":32},"2":{"loc":{"start":{"line":42,"column":13},"end":{"line":42,"column":null}},"type":"binary-expr","locations":[{"start":{"line":42,"column":13},"end":{"line":42,"column":28}},{"start":{"line":42,"column":28},"end":{"line":42,"column":null}}],"line":42},"3":{"loc":{"start":{"line":43,"column":14},"end":{"line":43,"column":null}},"type":"binary-expr","locations":[{"start":{"line":43,"column":14},"end":{"line":43,"column":30}},{"start":{"line":43,"column":30},"end":{"line":43,"column":null}}],"line":43},"4":{"loc":{"start":{"line":50,"column":2},"end":{"line":53,"column":null}},"type":"if","locations":[{"start":{"line":50,"column":2},"end":{"line":53,"column":null}},{"start":{},"end":{}}],"line":50},"5":{"loc":{"start":{"line":72,"column":19},"end":{"line":72,"column":null}},"type":"binary-expr","locations":[{"start":{"line":72,"column":19},"end":{"line":72,"column":35}},{"start":{"line":72,"column":35},"end":{"line":72,"column":null}}],"line":72},"6":{"loc":{"start":{"line":73,"column":18},"end":{"line":73,"column":null}},"type":"binary-expr","locations":[{"start":{"line":73,"column":18},"end":{"line":73,"column":33}},{"start":{"line":73,"column":33},"end":{"line":73,"column":null}}],"line":73},"7":{"loc":{"start":{"line":104,"column":4},"end":{"line":117,"column":null}},"type":"if","locations":[{"start":{"line":104,"column":4},"end":{"line":117,"column":null}},{"start":{},"end":{}}],"line":104},"8":{"loc":{"start":{"line":121,"column":2},"end":{"line":131,"column":null}},"type":"if","locations":[{"start":{"line":121,"column":2},"end":{"line":131,"column":null}},{"start":{},"end":{}}],"line":121},"9":{"loc":{"start":{"line":168,"column":26},"end":{"line":168,"column":null}},"type":"cond-expr","locations":[{"start":{"line":168,"column":43},"end":{"line":168,"column":70}},{"start":{"line":168,"column":70},"end":{"line":168,"column":null}}],"line":168},"10":{"loc":{"start":{"line":169,"column":31},"end":{"line":169,"column":null}},"type":"binary-expr","locations":[{"start":{"line":169,"column":31},"end":{"line":169,"column":53}},{"start":{"line":169,"column":53},"end":{"line":169,"column":null}}],"line":169},"11":{"loc":{"start":{"line":171,"column":6},"end":{"line":177,"column":null}},"type":"if","locations":[{"start":{"line":171,"column":6},"end":{"line":177,"column":null}},{"start":{},"end":{}}],"line":171},"12":{"loc":{"start":{"line":171,"column":10},"end":{"line":171,"column":55}},"type":"binary-expr","locations":[{"start":{"line":171,"column":10},"end":{"line":171,"column":37}},{"start":{"line":171,"column":37},"end":{"line":171,"column":55}}],"line":171},"13":{"loc":{"start":{"line":180,"column":4},"end":{"line":187,"column":null}},"type":"if","locations":[{"start":{"line":180,"column":4},"end":{"line":187,"column":null}},{"start":{},"end":{}}],"line":180},"14":{"loc":{"start":{"line":215,"column":2},"end":{"line":215,"column":null}},"type":"if","locations":[{"start":{"line":215,"column":2},"end":{"line":215,"column":null}},{"start":{},"end":{}}],"line":215}},"s":{"0":205,"1":0,"2":205,"3":23,"4":182,"5":245,"6":245,"7":182,"8":77,"9":182,"10":0,"11":182,"12":23,"13":23,"14":23,"15":52,"16":52,"17":52,"18":52,"19":52,"20":23,"21":0,"22":0,"23":0,"24":0,"25":0,"26":0,"27":0,"28":0,"29":0,"30":0,"31":0,"32":0,"33":0,"34":0,"35":0,"36":0,"37":0,"38":0,"39":0,"40":0,"41":0,"42":0,"43":0,"44":0,"45":182,"46":182,"47":245,"48":245,"49":70,"50":70,"51":70,"52":70,"53":21,"54":21,"55":21,"56":21,"57":21,"58":245,"59":224,"60":182,"61":42,"62":182,"63":182,"64":182,"65":224,"66":245,"67":224,"68":182,"69":0,"70":0,"71":0,"72":0,"73":112,"74":126},"f":{"0":205,"1":245,"2":77,"3":23,"4":0,"5":0,"6":0,"7":0,"8":0,"9":0,"10":0,"11":182,"12":42,"13":245,"14":0,"15":112,"16":126},"b":{"0":[0,205],"1":[23,182],"2":[245,0],"3":[245,0],"4":[0,182],"5":[52,0],"6":[52,0],"7":[0,0],"8":[0,0],"9":[70,0],"10":[70,56],"11":[21,49],"12":[70,35],"13":[224,21],"14":[0,0]},"meta":{"lastBranch":15,"lastFunction":17,"lastStatement":75,"seen":{"f:24:16:24:Infinity":0,"b:29:2:29:Infinity:undefined:undefined:undefined:undefined":0,"s:29:2:29:Infinity":0,"s:29:28:29:Infinity":1,"b:32:2:35:Infinity:undefined:undefined:undefined:undefined":1,"s:32:2:35:Infinity":2,"s:34:4:34:Infinity":3,"s:38:32:45:Infinity":4,"f:38:44:38:45":1,"s:39:17:39:Infinity":5,"s:40:4:44:Infinity":6,"b:42:13:42:28:42:28:42:Infinity":2,"b:43:14:43:30:43:30:43:Infinity":3,"s:48:2:48:Infinity":7,"f:48:17:48:18":2,"s:48:27:48:46":8,"b:50:2:53:Infinity:undefined:undefined:undefined:undefined":4,"s:50:2:53:Infinity":9,"s:52:4:52:Infinity":10,"s:56:2:56:Infinity":11,"f:62:9:62:Infinity":3,"s:67:28:67:Infinity":12,"s:68:16:68:Infinity":13,"s:70:2:83:Infinity":14,"s:71:17:71:Infinity":15,"s:72:19:72:Infinity":16,"b:72:19:72:35:72:35:72:Infinity":5,"s:73:18:73:Infinity":17,"b:73:18:73:33:73:33:73:Infinity":6,"s:75:4:80:Infinity":18,"s:82:4:82:Infinity":19,"s:85:2:85:Infinity":20,"f:92:9:92:Infinity":4,"s:98:28:98:Infinity":21,"s:99:31:99:Infinity":22,"s:101:2:118:Infinity":23,"s:102:4:102:Infinity":24,"b:104:4:117:Infinity:undefined:undefined:undefined:undefined":7,"s:104:4:117:Infinity":25,"s:106:24:106:Infinity":26,"f:106:51:106:52":5,"s:106:58:106:66":27,"s:107:23:107:Infinity":28,"f:107:41:107:42":6,"s:107:53:107:68":29,"s:109:6:114:Infinity":30,"f:110:30:110:31":7,"s:110:37:110:41":31,"s:116:6:116:Infinity":32,"b:121:2:131:Infinity:undefined:undefined:undefined:undefined":8,"s:121:2:131:Infinity":33,"s:122:22:122:Infinity":34,"f:122:49:122:50":8,"s:122:56:122:64":35,"s:123:21:123:Infinity":36,"f:123:39:123:40":9,"s:123:51:123:66":37,"s:125:4:130:Infinity":38,"f:126:28:126:29":10,"s:126:35:126:39":39,"s:134:16:134:Infinity":40,"s:135:2:138:Infinity":41,"s:136:4:136:Infinity":42,"s:137:4:137:Infinity":43,"s:140:2:140:Infinity":44,"f:147:9:147:Infinity":11,"s:157:7:157:Infinity":45,"s:159:2:188:Infinity":46,"s:161:17:161:Infinity":47,"s:163:4:178:Infinity":48,"s:164:23:164:Infinity":49,"s:168:26:168:Infinity":50,"b:168:43:168:70:168:70:168:Infinity":9,"s:169:31:169:Infinity":51,"b:169:31:169:53:169:53:169:Infinity":10,"b:171:6:177:Infinity:undefined:undefined:undefined:undefined":11,"s:171:6:177:Infinity":52,"b:171:10:171:37:171:37:171:55":12,"s:172:8:172:Infinity":53,"s:173:8:173:Infinity":54,"s:174:8:174:Infinity":55,"s:175:8:175:Infinity":56,"s:176:8:176:Infinity":57,"b:180:4:187:Infinity:undefined:undefined:undefined:undefined":13,"s:180:4:187:Infinity":58,"s:182:6:186:Infinity":59,"s:191:2:191:Infinity":60,"f:191:12:191:13":12,"s:191:22:191:41":61,"s:194:30:194:Infinity":62,"s:195:16:195:Infinity":63,"s:197:2:206:Infinity":64,"s:198:4:203:Infinity":65,"f:199:27:199:28":13,"s:199:34:199:38":66,"s:205:4:205:Infinity":67,"s:208:2:208:Infinity":68,"f:214:16:214:32":14,"b:215:2:215:Infinity:undefined:undefined:undefined:undefined":14,"s:215:2:215:Infinity":69,"s:215:25:215:Infinity":70,"s:216:18:216:Infinity":71,"s:217:2:217:Infinity":72,"f:223:16:223:31":15,"s:224:2:224:Infinity":73,"f:224:33:224:34":16,"s:224:40:224:47":74}}}
,"C:\\Projects\\comfy-node-organizer\\src\\layout\\graph-builder.ts": {"path":"C:\\Projects\\comfy-node-organizer\\src\\layout\\graph-builder.ts","statementMap":{"0":{"start":{"line":31,"column":2},"end":{"line":31,"column":null}},"1":{"start":{"line":31,"column":39},"end":{"line":31,"column":null}},"2":{"start":{"line":32,"column":20},"end":{"line":32,"column":null}},"3":{"start":{"line":34,"column":2},"end":{"line":34,"column":null}},"4":{"start":{"line":34,"column":40},"end":{"line":34,"column":null}},"5":{"start":{"line":36,"column":14},"end":{"line":36,"column":null}},"6":{"start":{"line":37,"column":15},"end":{"line":37,"column":null}},"7":{"start":{"line":38,"column":2},"end":{"line":38,"column":null}},"8":{"start":{"line":38,"column":72},"end":{"line":38,"column":null}},"9":{"start":{"line":39,"column":2},"end":{"line":39,"column":null}},"10":{"start":{"line":39,"column":75},"end":{"line":39,"column":null}},"11":{"start":{"line":40,"column":2},"end":{"line":40,"column":null}},"12":{"start":{"line":47,"column":2},"end":{"line":55,"column":null}},"13":{"start":{"line":59,"column":27},"end":{"line":59,"column":null}},"14":{"start":{"line":65,"column":13},"end":{"line":65,"column":null}},"15":{"start":{"line":66,"column":13},"end":{"line":66,"column":null}},"16":{"start":{"line":67,"column":13},"end":{"line":67,"column":null}},"17":{"start":{"line":68,"column":13},"end":{"line":68,"column":null}},"18":{"start":{"line":70,"column":13},"end":{"line":70,"column":null}},"19":{"start":{"line":71,"column":13},"end":{"line":71,"column":null}},"20":{"start":{"line":72,"column":13},"end":{"line":72,"column":null}},"21":{"start":{"line":73,"column":13},"end":{"line":73,"column":null}},"22":{"start":{"line":76,"column":2},"end":{"line":76,"column":null}},"23":{"start":{"line":85,"column":2},"end":{"line":104,"column":null}},"24":{"start":{"line":86,"column":41},"end":{"line":86,"column":null}},"25":{"start":{"line":87,"column":19},"end":{"line":87,"column":null}},"26":{"start":{"line":89,"column":4},"end":{"line":98,"column":null}},"27":{"start":{"line":90,"column":6},"end":{"line":90,"column":null}},"28":{"start":{"line":90,"column":27},"end":{"line":90,"column":null}},"29":{"start":{"line":91,"column":6},"end":{"line":97,"column":null}},"30":{"start":{"line":92,"column":21},"end":{"line":92,"column":null}},"31":{"start":{"line":93,"column":8},"end":{"line":96,"column":null}},"32":{"start":{"line":94,"column":10},"end":{"line":94,"column":null}},"33":{"start":{"line":95,"column":10},"end":{"line":95,"column":null}},"34":{"start":{"line":100,"column":4},"end":{"line":100,"column":null}},"35":{"start":{"line":101,"column":4},"end":{"line":103,"column":null}},"36":{"start":{"line":102,"column":6},"end":{"line":102,"column":null}},"37":{"start":{"line":107,"column":16},"end":{"line":107,"column":null}},"38":{"start":{"line":107,"column":43},"end":{"line":107,"column":57}},"39":{"start":{"line":108,"column":62},"end":{"line":110,"column":null}},"40":{"start":{"line":109,"column":12},"end":{"line":109,"column":null}},"41":{"start":{"line":112,"column":2},"end":{"line":120,"column":null}},"42":{"start":{"line":113,"column":17},"end":{"line":113,"column":null}},"43":{"start":{"line":114,"column":4},"end":{"line":114,"column":null}},"44":{"start":{"line":114,"column":15},"end":{"line":114,"column":null}},"45":{"start":{"line":115,"column":29},"end":{"line":115,"column":null}},"46":{"start":{"line":116,"column":4},"end":{"line":116,"column":null}},"47":{"start":{"line":117,"column":4},"end":{"line":119,"column":null}},"48":{"start":{"line":118,"column":6},"end":{"line":118,"column":null}},"49":{"start":{"line":127,"column":13},"end":{"line":127,"column":null}},"50":{"start":{"line":128,"column":13},"end":{"line":128,"column":null}},"51":{"start":{"line":129,"column":13},"end":{"line":129,"column":null}},"52":{"start":{"line":130,"column":13},"end":{"line":130,"column":null}},"53":{"start":{"line":132,"column":13},"end":{"line":132,"column":null}},"54":{"start":{"line":133,"column":13},"end":{"line":133,"column":null}},"55":{"start":{"line":135,"column":2},"end":{"line":135,"column":null}},"56":{"start":{"line":146,"column":35},"end":{"line":146,"column":null}},"57":{"start":{"line":147,"column":16},"end":{"line":147,"column":null}},"58":{"start":{"line":148,"column":32},"end":{"line":148,"column":null}},"59":{"start":{"line":151,"column":21},"end":{"line":151,"column":null}},"60":{"start":{"line":152,"column":19},"end":{"line":152,"column":null}},"61":{"start":{"line":154,"column":2},"end":{"line":157,"column":null}},"62":{"start":{"line":155,"column":4},"end":{"line":155,"column":null}},"63":{"start":{"line":155,"column":40},"end":{"line":155,"column":null}},"64":{"start":{"line":156,"column":4},"end":{"line":156,"column":null}},"65":{"start":{"line":161,"column":18},"end":{"line":161,"column":null}},"66":{"start":{"line":164,"column":19},"end":{"line":164,"column":null}},"67":{"start":{"line":165,"column":2},"end":{"line":171,"column":null}},"68":{"start":{"line":166,"column":22},"end":{"line":166,"column":null}},"69":{"start":{"line":167,"column":28},"end":{"line":167,"column":null}},"70":{"start":{"line":168,"column":4},"end":{"line":168,"column":null}},"71":{"start":{"line":169,"column":4},"end":{"line":169,"column":null}},"72":{"start":{"line":170,"column":4},"end":{"line":170,"column":null}},"73":{"start":{"line":172,"column":2},"end":{"line":178,"column":null}},"74":{"start":{"line":173,"column":23},"end":{"line":173,"column":null}},"75":{"start":{"line":174,"column":29},"end":{"line":174,"column":null}},"76":{"start":{"line":175,"column":4},"end":{"line":175,"column":null}},"77":{"start":{"line":176,"column":4},"end":{"line":176,"column":null}},"78":{"start":{"line":177,"column":4},"end":{"line":177,"column":null}},"79":{"start":{"line":181,"column":8},"end":{"line":181,"column":null}},"80":{"start":{"line":182,"column":28},"end":{"line":182,"column":null}},"81":{"start":{"line":185,"column":38},"end":{"line":185,"column":null}},"82":{"start":{"line":186,"column":28},"end":{"line":186,"column":null}},"83":{"start":{"line":188,"column":2},"end":{"line":191,"column":null}},"84":{"start":{"line":189,"column":4},"end":{"line":189,"column":null}},"85":{"start":{"line":190,"column":4},"end":{"line":190,"column":null}},"86":{"start":{"line":194,"column":22},"end":{"line":194,"column":null}},"87":{"start":{"line":196,"column":2},"end":{"line":210,"column":null}},"88":{"start":{"line":197,"column":4},"end":{"line":197,"column":null}},"89":{"start":{"line":197,"column":45},"end":{"line":197,"column":null}},"90":{"start":{"line":199,"column":37},"end":{"line":207,"column":null}},"91":{"start":{"line":209,"column":4},"end":{"line":209,"column":null}},"92":{"start":{"line":213,"column":2},"end":{"line":213,"column":null}},"93":{"start":{"line":218,"column":22},"end":{"line":218,"column":null}},"94":{"start":{"line":220,"column":2},"end":{"line":237,"column":null}},"95":{"start":{"line":221,"column":40},"end":{"line":221,"column":null}},"96":{"start":{"line":222,"column":19},"end":{"line":222,"column":null}},"97":{"start":{"line":224,"column":4},"end":{"line":231,"column":null}},"98":{"start":{"line":225,"column":6},"end":{"line":230,"column":null}},"99":{"start":{"line":226,"column":8},"end":{"line":229,"column":null}},"100":{"start":{"line":227,"column":10},"end":{"line":227,"column":null}},"101":{"start":{"line":228,"column":10},"end":{"line":228,"column":null}},"102":{"start":{"line":233,"column":4},"end":{"line":236,"column":null}},"103":{"start":{"line":234,"column":6},"end":{"line":234,"column":null}},"104":{"start":{"line":235,"column":6},"end":{"line":235,"column":null}},"105":{"start":{"line":240,"column":2},"end":{"line":247,"column":null}},"106":{"start":{"line":241,"column":23},"end":{"line":243,"column":null}},"107":{"start":{"line":244,"column":4},"end":{"line":246,"column":null}},"108":{"start":{"line":251,"column":19},"end":{"line":251,"column":null}},"109":{"start":{"line":251,"column":52},"end":{"line":251,"column":59}},"110":{"start":{"line":252,"column":41},"end":{"line":252,"column":null}},"111":{"start":{"line":254,"column":2},"end":{"line":256,"column":null}},"112":{"start":{"line":254,"column":15},"end":{"line":254,"column":18}},"113":{"start":{"line":255,"column":4},"end":{"line":255,"column":null}},"114":{"start":{"line":255,"column":44},"end":{"line":255,"column":57}},"115":{"start":{"line":259,"column":2},"end":{"line":288,"column":null}},"116":{"start":{"line":259,"column":19},"end":{"line":259,"column":29}},"117":{"start":{"line":260,"column":4},"end":{"line":287,"column":null}},"118":{"start":{"line":262,"column":59},"end":{"line":266,"column":null}},"119":{"start":{"line":268,"column":23},"end":{"line":268,"column":null}},"120":{"start":{"line":269,"column":24},"end":{"line":269,"column":null}},"121":{"start":{"line":273,"column":30},"end":{"line":273,"column":null}},"122":{"start":{"line":274,"column":6},"end":{"line":277,"column":null}},"123":{"start":{"line":275,"column":8},"end":{"line":275,"column":null}},"124":{"start":{"line":276,"column":8},"end":{"line":276,"column":null}},"125":{"start":{"line":278,"column":6},"end":{"line":280,"column":null}},"126":{"start":{"line":279,"column":8},"end":{"line":279,"column":null}},"127":{"start":{"line":281,"column":6},"end":{"line":281,"column":null}},"128":{"start":{"line":284,"column":6},"end":{"line":284,"column":null}},"129":{"start":{"line":285,"column":6},"end":{"line":286,"column":null}},"130":{"start":{"line":295,"column":31},"end":{"line":295,"column":null}},"131":{"start":{"line":297,"column":2},"end":{"line":354,"column":null}},"132":{"start":{"line":299,"column":4},"end":{"line":301,"column":null}},"133":{"start":{"line":300,"column":6},"end":{"line":300,"column":null}},"134":{"start":{"line":304,"column":4},"end":{"line":306,"column":null}},"135":{"start":{"line":305,"column":6},"end":{"line":305,"column":null}},"136":{"start":{"line":308,"column":18},"end":{"line":308,"column":null}},"137":{"start":{"line":310,"column":4},"end":{"line":353,"column":null}},"138":{"start":{"line":313,"column":28},"end":{"line":313,"column":null}},"139":{"start":{"line":315,"column":6},"end":{"line":334,"column":null}},"140":{"start":{"line":317,"column":8},"end":{"line":317,"column":null}},"141":{"start":{"line":320,"column":8},"end":{"line":333,"column":null}},"142":{"start":{"line":338,"column":28},"end":{"line":338,"column":null}},"143":{"start":{"line":339,"column":6},"end":{"line":352,"column":null}},"144":{"start":{"line":359,"column":16},"end":{"line":359,"column":null}},"145":{"start":{"line":360,"column":2},"end":{"line":423,"column":null}},"146":{"start":{"line":367,"column":4},"end":{"line":375,"column":null}},"147":{"start":{"line":368,"column":6},"end":{"line":368,"column":null}},"148":{"start":{"line":369,"column":4},"end":{"line":375,"column":null}},"149":{"start":{"line":371,"column":6},"end":{"line":371,"column":null}},"150":{"start":{"line":371,"column":43},"end":{"line":371,"column":61}},"151":{"start":{"line":374,"column":6},"end":{"line":374,"column":null}},"152":{"start":{"line":374,"column":58},"end":{"line":374,"column":81}},"153":{"start":{"line":377,"column":4},"end":{"line":422,"column":null}},"154":{"start":{"line":378,"column":6},"end":{"line":378,"column":null}},"155":{"start":{"line":378,"column":45},"end":{"line":378,"column":null}},"156":{"start":{"line":379,"column":6},"end":{"line":379,"column":null}},"157":{"start":{"line":379,"column":84},"end":{"line":379,"column":null}},"158":{"start":{"line":381,"column":21},"end":{"line":381,"column":null}},"159":{"start":{"line":382,"column":21},"end":{"line":382,"column":null}},"160":{"start":{"line":385,"column":6},"end":{"line":387,"column":null}},"161":{"start":{"line":386,"column":8},"end":{"line":386,"column":null}},"162":{"start":{"line":390,"column":26},"end":{"line":390,"column":null}},"163":{"start":{"line":391,"column":26},"end":{"line":391,"column":null}},"164":{"start":{"line":393,"column":6},"end":{"line":396,"column":null}},"165":{"start":{"line":394,"column":25},"end":{"line":394,"column":null}},"166":{"start":{"line":395,"column":8},"end":{"line":395,"column":null}},"167":{"start":{"line":397,"column":6},"end":{"line":400,"column":null}},"168":{"start":{"line":398,"column":25},"end":{"line":398,"column":null}},"169":{"start":{"line":399,"column":8},"end":{"line":399,"column":null}},"170":{"start":{"line":403,"column":6},"end":{"line":409,"column":null}},"171":{"start":{"line":404,"column":26},"end":{"line":404,"column":null}},"172":{"start":{"line":405,"column":26},"end":{"line":405,"column":null}},"173":{"start":{"line":406,"column":8},"end":{"line":408,"column":null}},"174":{"start":{"line":407,"column":10},"end":{"line":407,"column":null}},"175":{"start":{"line":411,"column":25},"end":{"line":411,"column":null}},"176":{"start":{"line":412,"column":25},"end":{"line":412,"column":null}},"177":{"start":{"line":414,"column":6},"end":{"line":421,"column":null}},"178":{"start":{"line":415,"column":8},"end":{"line":417,"column":null}},"179":{"start":{"line":416,"column":10},"end":{"line":416,"column":null}},"180":{"start":{"line":418,"column":8},"end":{"line":420,"column":null}},"181":{"start":{"line":419,"column":10},"end":{"line":419,"column":null}},"182":{"start":{"line":426,"column":2},"end":{"line":468,"column":null}},"183":{"start":{"line":427,"column":10},"end":{"line":427,"column":null}},"184":{"start":{"line":429,"column":4},"end":{"line":467,"column":null}},"185":{"start":{"line":431,"column":26},"end":{"line":431,"column":null}},"186":{"start":{"line":432,"column":30},"end":{"line":432,"column":null}},"187":{"start":{"line":433,"column":6},"end":{"line":436,"column":null}},"188":{"start":{"line":434,"column":25},"end":{"line":434,"column":null}},"189":{"start":{"line":435,"column":8},"end":{"line":435,"column":null}},"190":{"start":{"line":438,"column":25},"end":{"line":438,"column":null}},"191":{"start":{"line":439,"column":6},"end":{"line":439,"column":null}},"192":{"start":{"line":439,"column":23},"end":{"line":439,"column":null}},"193":{"start":{"line":441,"column":6},"end":{"line":466,"column":null}},"194":{"start":{"line":443,"column":28},"end":{"line":443,"column":null}},"195":{"start":{"line":444,"column":32},"end":{"line":444,"column":null}},"196":{"start":{"line":445,"column":8},"end":{"line":448,"column":null}},"197":{"start":{"line":446,"column":27},"end":{"line":446,"column":null}},"198":{"start":{"line":447,"column":10},"end":{"line":447,"column":null}},"199":{"start":{"line":450,"column":27},"end":{"line":450,"column":null}},"200":{"start":{"line":451,"column":8},"end":{"line":451,"column":null}},"201":{"start":{"line":451,"column":25},"end":{"line":451,"column":null}},"202":{"start":{"line":454,"column":8},"end":{"line":458,"column":null}},"203":{"start":{"line":455,"column":28},"end":{"line":455,"column":null}},"204":{"start":{"line":456,"column":28},"end":{"line":456,"column":null}},"205":{"start":{"line":457,"column":10},"end":{"line":457,"column":null}},"206":{"start":{"line":457,"column":39},"end":{"line":457,"column":null}},"207":{"start":{"line":460,"column":8},"end":{"line":462,"column":null}},"208":{"start":{"line":461,"column":10},"end":{"line":461,"column":null}},"209":{"start":{"line":463,"column":8},"end":{"line":465,"column":null}},"210":{"start":{"line":464,"column":10},"end":{"line":464,"column":null}},"211":{"start":{"line":470,"column":2},"end":{"line":481,"column":null}},"212":{"start":{"line":494,"column":22},"end":{"line":496,"column":null}},"213":{"start":{"line":495,"column":17},"end":{"line":495,"column":33}},"214":{"start":{"line":496,"column":36},"end":{"line":496,"column":51}},"215":{"start":{"line":498,"column":2},"end":{"line":500,"column":null}},"216":{"start":{"line":499,"column":4},"end":{"line":499,"column":null}},"217":{"start":{"line":503,"column":8},"end":{"line":503,"column":null}},"218":{"start":{"line":505,"column":2},"end":{"line":553,"column":null}},"219":{"start":{"line":507,"column":10},"end":{"line":507,"column":null}},"220":{"start":{"line":508,"column":21},"end":{"line":508,"column":null}},"221":{"start":{"line":509,"column":20},"end":{"line":509,"column":null}},"222":{"start":{"line":511,"column":4},"end":{"line":529,"column":null}},"223":{"start":{"line":512,"column":6},"end":{"line":512,"column":null}},"224":{"start":{"line":512,"column":30},"end":{"line":512,"column":null}},"225":{"start":{"line":514,"column":26},"end":{"line":514,"column":null}},"226":{"start":{"line":515,"column":24},"end":{"line":515,"column":null}},"227":{"start":{"line":517,"column":6},"end":{"line":520,"column":null}},"228":{"start":{"line":518,"column":8},"end":{"line":518,"column":null}},"229":{"start":{"line":519,"column":8},"end":{"line":519,"column":null}},"230":{"start":{"line":523,"column":6},"end":{"line":525,"column":null}},"231":{"start":{"line":524,"column":8},"end":{"line":524,"column":null}},"232":{"start":{"line":527,"column":6},"end":{"line":527,"column":null}},"233":{"start":{"line":528,"column":6},"end":{"line":528,"column":null}},"234":{"start":{"line":532,"column":4},"end":{"line":534,"column":null}},"235":{"start":{"line":533,"column":6},"end":{"line":533,"column":null}},"236":{"start":{"line":536,"column":4},"end":{"line":536,"column":null}},"237":{"start":{"line":539,"column":19},"end":{"line":539,"column":null}},"238":{"start":{"line":540,"column":22},"end":{"line":540,"column":null}},"239":{"start":{"line":542,"column":4},"end":{"line":545,"column":null}},"240":{"start":{"line":543,"column":6},"end":{"line":543,"column":null}},"241":{"start":{"line":544,"column":6},"end":{"line":544,"column":null}},"242":{"start":{"line":548,"column":4},"end":{"line":550,"column":null}},"243":{"start":{"line":549,"column":6},"end":{"line":549,"column":null}},"244":{"start":{"line":552,"column":4},"end":{"line":552,"column":null}},"245":{"start":{"line":560,"column":16},"end":{"line":560,"column":null}},"246":{"start":{"line":561,"column":2},"end":{"line":563,"column":null}},"247":{"start":{"line":562,"column":4},"end":{"line":562,"column":null}},"248":{"start":{"line":564,"column":2},"end":{"line":564,"column":null}}},"fnMap":{"0":{"name":"isValidIONode","decl":{"start":{"line":30,"column":9},"end":{"line":30,"column":23}},"loc":{"start":{"line":30,"column":59},"end":{"line":41,"column":null}},"line":30},"1":{"name":"ioNodeToLGraphNode","decl":{"start":{"line":46,"column":9},"end":{"line":46,"column":28}},"loc":{"start":{"line":46,"column":89},"end":{"line":56,"column":null}},"line":46},"2":{"name":"groupContainsGroup","decl":{"start":{"line":64,"column":9},"end":{"line":64,"column":28}},"loc":{"start":{"line":64,"column":77},"end":{"line":77,"column":null}},"line":64},"3":{"name":"buildGroupHierarchy","decl":{"start":{"line":83,"column":9},"end":{"line":83,"column":29}},"loc":{"start":{"line":83,"column":64},"end":{"line":121,"column":null}},"line":83},"4":{"name":"(anonymous_4)","decl":{"start":{"line":107,"column":36},"end":{"line":107,"column":37}},"loc":{"start":{"line":107,"column":43},"end":{"line":107,"column":57}},"line":107},"5":{"name":"(anonymous_5)","decl":{"start":{"line":109,"column":4},"end":{"line":109,"column":5}},"loc":{"start":{"line":109,"column":12},"end":{"line":109,"column":null}},"line":109},"6":{"name":"nodeInsideGroup","decl":{"start":{"line":126,"column":9},"end":{"line":126,"column":25}},"loc":{"start":{"line":126,"column":72},"end":{"line":136,"column":null}},"line":126},"7":{"name":"buildLayoutGraph","decl":{"start":{"line":142,"column":16},"end":{"line":142,"column":null}},"loc":{"start":{"line":145,"column":15},"end":{"line":482,"column":null}},"line":145},"8":{"name":"(anonymous_8)","decl":{"start":{"line":251,"column":45},"end":{"line":251,"column":46}},"loc":{"start":{"line":251,"column":52},"end":{"line":251,"column":59}},"line":251},"9":{"name":"(anonymous_9)","decl":{"start":{"line":255,"column":37},"end":{"line":255,"column":38}},"loc":{"start":{"line":255,"column":44},"end":{"line":255,"column":57}},"line":255},"10":{"name":"(anonymous_10)","decl":{"start":{"line":371,"column":30},"end":{"line":371,"column":31}},"loc":{"start":{"line":371,"column":43},"end":{"line":371,"column":61}},"line":371},"11":{"name":"(anonymous_11)","decl":{"start":{"line":374,"column":46},"end":{"line":374,"column":47}},"loc":{"start":{"line":374,"column":58},"end":{"line":374,"column":81}},"line":374},"12":{"name":"calculateGroupMemberDimensions","decl":{"start":{"line":489,"column":9},"end":{"line":489,"column":null}},"loc":{"start":{"line":493,"column":37},"end":{"line":554,"column":null}},"line":493},"13":{"name":"(anonymous_13)","decl":{"start":{"line":495,"column":9},"end":{"line":495,"column":10}},"loc":{"start":{"line":495,"column":17},"end":{"line":495,"column":33}},"line":495},"14":{"name":"(anonymous_14)","decl":{"start":{"line":496,"column":12},"end":{"line":496,"column":13}},"loc":{"start":{"line":496,"column":36},"end":{"line":496,"column":51}},"line":496},"15":{"name":"getTopLevelGroup","decl":{"start":{"line":559,"column":9},"end":{"line":559,"column":26}},"loc":{"start":{"line":559,"column":59},"end":{"line":565,"column":null}},"line":559}},"branchMap":{"0":{"loc":{"start":{"line":31,"column":2},"end":{"line":31,"column":null}},"type":"if","locations":[{"start":{"line":31,"column":2},"end":{"line":31,"column":null}},{"start":{},"end":{}}],"line":31},"1":{"loc":{"start":{"line":31,"column":6},"end":{"line":31,"column":39}},"type":"binary-expr","locations":[{"start":{"line":31,"column":6},"end":{"line":31,"column":14}},{"start":{"line":31,"column":14},"end":{"line":31,"column":39}}],"line":31},"2":{"loc":{"start":{"line":34,"column":2},"end":{"line":34,"column":null}},"type":"if","locations":[{"start":{"line":34,"column":2},"end":{"line":34,"column":null}},{"start":{},"end":{}}],"line":34},"3":{"loc":{"start":{"line":38,"column":2},"end":{"line":38,"column":null}},"type":"if","locations":[{"start":{"line":38,"column":2},"end":{"line":38,"column":null}},{"start":{},"end":{}}],"line":38},"4":{"loc":{"start":{"line":38,"column":6},"end":{"line":38,"column":72}},"type":"binary-expr","locations":[{"start":{"line":38,"column":6},"end":{"line":38,"column":14}},{"start":{"line":38,"column":14},"end":{"line":38,"column":44}},{"start":{"line":38,"column":44},"end":{"line":38,"column":72}}],"line":38},"5":{"loc":{"start":{"line":39,"column":2},"end":{"line":39,"column":null}},"type":"if","locations":[{"start":{"line":39,"column":2},"end":{"line":39,"column":null}},{"start":{},"end":{}}],"line":39},"6":{"loc":{"start":{"line":39,"column":6},"end":{"line":39,"column":75}},"type":"binary-expr","locations":[{"start":{"line":39,"column":6},"end":{"line":39,"column":15}},{"start":{"line":39,"column":15},"end":{"line":39,"column":46}},{"start":{"line":39,"column":46},"end":{"line":39,"column":75}}],"line":39},"7":{"loc":{"start":{"line":50,"column":11},"end":{"line":50,"column":null}},"type":"cond-expr","locations":[{"start":{"line":50,"column":30},"end":{"line":50,"column":40}},{"start":{"line":50,"column":40},"end":{"line":50,"column":null}}],"line":50},"8":{"loc":{"start":{"line":76,"column":9},"end":{"line":76,"column":null}},"type":"binary-expr","locations":[{"start":{"line":76,"column":9},"end":{"line":76,"column":21}},{"start":{"line":76,"column":21},"end":{"line":76,"column":33}},{"start":{"line":76,"column":33},"end":{"line":76,"column":55}},{"start":{"line":76,"column":55},"end":{"line":76,"column":null}}],"line":76},"9":{"loc":{"start":{"line":90,"column":6},"end":{"line":90,"column":null}},"type":"if","locations":[{"start":{"line":90,"column":6},"end":{"line":90,"column":null}},{"start":{},"end":{}}],"line":90},"10":{"loc":{"start":{"line":91,"column":6},"end":{"line":97,"column":null}},"type":"if","locations":[{"start":{"line":91,"column":6},"end":{"line":97,"column":null}},{"start":{},"end":{}}],"line":91},"11":{"loc":{"start":{"line":93,"column":8},"end":{"line":96,"column":null}},"type":"if","locations":[{"start":{"line":93,"column":8},"end":{"line":96,"column":null}},{"start":{},"end":{}}],"line":93},"12":{"loc":{"start":{"line":101,"column":4},"end":{"line":103,"column":null}},"type":"if","locations":[{"start":{"line":101,"column":4},"end":{"line":103,"column":null}},{"start":{},"end":{}}],"line":101},"13":{"loc":{"start":{"line":114,"column":4},"end":{"line":114,"column":null}},"type":"if","locations":[{"start":{"line":114,"column":4},"end":{"line":114,"column":null}},{"start":{},"end":{}}],"line":114},"14":{"loc":{"start":{"line":132,"column":13},"end":{"line":132,"column":null}},"type":"binary-expr","locations":[{"start":{"line":132,"column":13},"end":{"line":132,"column":30}},{"start":{"line":132,"column":30},"end":{"line":132,"column":null}}],"line":132},"15":{"loc":{"start":{"line":133,"column":13},"end":{"line":133,"column":null}},"type":"binary-expr","locations":[{"start":{"line":133,"column":13},"end":{"line":133,"column":30}},{"start":{"line":133,"column":30},"end":{"line":133,"column":null}}],"line":133},"16":{"loc":{"start":{"line":135,"column":9},"end":{"line":135,"column":null}},"type":"binary-expr","locations":[{"start":{"line":135,"column":9},"end":{"line":135,"column":21}},{"start":{"line":135,"column":21},"end":{"line":135,"column":37}},{"start":{"line":135,"column":37},"end":{"line":135,"column":49}},{"start":{"line":135,"column":49},"end":{"line":135,"column":null}}],"line":135},"17":{"loc":{"start":{"line":144,"column":2},"end":{"line":144,"column":null}},"type":"default-arg","locations":[{"start":{"line":144,"column":34},"end":{"line":144,"column":null}}],"line":144},"18":{"loc":{"start":{"line":151,"column":21},"end":{"line":151,"column":null}},"type":"binary-expr","locations":[{"start":{"line":151,"column":21},"end":{"line":151,"column":37}},{"start":{"line":151,"column":37},"end":{"line":151,"column":null}}],"line":151},"19":{"loc":{"start":{"line":155,"column":4},"end":{"line":155,"column":null}},"type":"if","locations":[{"start":{"line":155,"column":4},"end":{"line":155,"column":null}},{"start":{},"end":{}}],"line":155},"20":{"loc":{"start":{"line":155,"column":8},"end":{"line":155,"column":40}},"type":"binary-expr","locations":[{"start":{"line":155,"column":8},"end":{"line":155,"column":17}},{"start":{"line":155,"column":17},"end":{"line":155,"column":40}}],"line":155},"21":{"loc":{"start":{"line":165,"column":2},"end":{"line":171,"column":null}},"type":"if","locations":[{"start":{"line":165,"column":2},"end":{"line":171,"column":null}},{"start":{},"end":{}}],"line":165},"22":{"loc":{"start":{"line":172,"column":2},"end":{"line":178,"column":null}},"type":"if","locations":[{"start":{"line":172,"column":2},"end":{"line":178,"column":null}},{"start":{},"end":{}}],"line":172},"23":{"loc":{"start":{"line":188,"column":2},"end":{"line":191,"column":null}},"type":"if","locations":[{"start":{"line":188,"column":2},"end":{"line":191,"column":null}},{"start":{},"end":{}}],"line":188},"24":{"loc":{"start":{"line":188,"column":6},"end":{"line":188,"column":67}},"type":"binary-expr","locations":[{"start":{"line":188,"column":6},"end":{"line":188,"column":37}},{"start":{"line":188,"column":37},"end":{"line":188,"column":67}}],"line":188},"25":{"loc":{"start":{"line":194,"column":22},"end":{"line":194,"column":null}},"type":"binary-expr","locations":[{"start":{"line":194,"column":22},"end":{"line":194,"column":39}},{"start":{"line":194,"column":39},"end":{"line":194,"column":null}}],"line":194},"26":{"loc":{"start":{"line":197,"column":4},"end":{"line":197,"column":null}},"type":"if","locations":[{"start":{"line":197,"column":4},"end":{"line":197,"column":null}},{"start":{},"end":{}}],"line":197},"27":{"loc":{"start":{"line":197,"column":8},"end":{"line":197,"column":45}},"type":"binary-expr","locations":[{"start":{"line":197,"column":8},"end":{"line":197,"column":18}},{"start":{"line":197,"column":18},"end":{"line":197,"column":32}},{"start":{"line":197,"column":32},"end":{"line":197,"column":45}}],"line":197},"28":{"loc":{"start":{"line":225,"column":6},"end":{"line":230,"column":null}},"type":"if","locations":[{"start":{"line":225,"column":6},"end":{"line":230,"column":null}},{"start":{},"end":{}}],"line":225},"29":{"loc":{"start":{"line":226,"column":8},"end":{"line":229,"column":null}},"type":"if","locations":[{"start":{"line":226,"column":8},"end":{"line":229,"column":null}},{"start":{},"end":{}}],"line":226},"30":{"loc":{"start":{"line":233,"column":4},"end":{"line":236,"column":null}},"type":"if","locations":[{"start":{"line":233,"column":4},"end":{"line":236,"column":null}},{"start":{},"end":{}}],"line":233},"31":{"loc":{"start":{"line":241,"column":23},"end":{"line":243,"column":null}},"type":"cond-expr","locations":[{"start":{"line":242,"column":8},"end":{"line":242,"column":null}},{"start":{"line":243,"column":8},"end":{"line":243,"column":null}}],"line":241},"32":{"loc":{"start":{"line":278,"column":6},"end":{"line":280,"column":null}},"type":"if","locations":[{"start":{"line":278,"column":6},"end":{"line":280,"column":null}},{"start":{},"end":{}}],"line":278},"33":{"loc":{"start":{"line":278,"column":10},"end":{"line":278,"column":53}},"type":"binary-expr","locations":[{"start":{"line":278,"column":10},"end":{"line":278,"column":30}},{"start":{"line":278,"column":30},"end":{"line":278,"column":53}}],"line":278},"34":{"loc":{"start":{"line":299,"column":4},"end":{"line":301,"column":null}},"type":"if","locations":[{"start":{"line":299,"column":4},"end":{"line":301,"column":null}},{"start":{},"end":{}}],"line":299},"35":{"loc":{"start":{"line":304,"column":4},"end":{"line":306,"column":null}},"type":"if","locations":[{"start":{"line":304,"column":4},"end":{"line":306,"column":null}},{"start":{},"end":{}}],"line":304},"36":{"loc":{"start":{"line":310,"column":4},"end":{"line":353,"column":null}},"type":"if","locations":[{"start":{"line":310,"column":4},"end":{"line":353,"column":null}},{"start":{"line":336,"column":11},"end":{"line":353,"column":null}}],"line":310},"37":{"loc":{"start":{"line":315,"column":6},"end":{"line":334,"column":null}},"type":"if","locations":[{"start":{"line":315,"column":6},"end":{"line":334,"column":null}},{"start":{},"end":{}}],"line":315},"38":{"loc":{"start":{"line":346,"column":15},"end":{"line":346,"column":null}},"type":"binary-expr","locations":[{"start":{"line":346,"column":15},"end":{"line":346,"column":33}},{"start":{"line":346,"column":33},"end":{"line":346,"column":null}}],"line":346},"39":{"loc":{"start":{"line":347,"column":16},"end":{"line":347,"column":null}},"type":"binary-expr","locations":[{"start":{"line":347,"column":16},"end":{"line":347,"column":34}},{"start":{"line":347,"column":34},"end":{"line":347,"column":null}}],"line":347},"40":{"loc":{"start":{"line":360,"column":2},"end":{"line":423,"column":null}},"type":"if","locations":[{"start":{"line":360,"column":2},"end":{"line":423,"column":null}},{"start":{},"end":{}}],"line":360},"41":{"loc":{"start":{"line":367,"column":4},"end":{"line":375,"column":null}},"type":"if","locations":[{"start":{"line":367,"column":4},"end":{"line":375,"column":null}},{"start":{"line":369,"column":4},"end":{"line":375,"column":null}}],"line":367},"42":{"loc":{"start":{"line":369,"column":4},"end":{"line":375,"column":null}},"type":"if","locations":[{"start":{"line":369,"column":4},"end":{"line":375,"column":null}},{"start":{"line":372,"column":11},"end":{"line":375,"column":null}}],"line":369},"43":{"loc":{"start":{"line":378,"column":6},"end":{"line":378,"column":null}},"type":"if","locations":[{"start":{"line":378,"column":6},"end":{"line":378,"column":null}},{"start":{},"end":{}}],"line":378},"44":{"loc":{"start":{"line":378,"column":10},"end":{"line":378,"column":45}},"type":"binary-expr","locations":[{"start":{"line":378,"column":10},"end":{"line":378,"column":19}},{"start":{"line":378,"column":19},"end":{"line":378,"column":45}}],"line":378},"45":{"loc":{"start":{"line":379,"column":6},"end":{"line":379,"column":null}},"type":"if","locations":[{"start":{"line":379,"column":6},"end":{"line":379,"column":null}},{"start":{},"end":{}}],"line":379},"46":{"loc":{"start":{"line":379,"column":10},"end":{"line":379,"column":84}},"type":"binary-expr","locations":[{"start":{"line":379,"column":10},"end":{"line":379,"column":48}},{"start":{"line":379,"column":48},"end":{"line":379,"column":84}}],"line":379},"47":{"loc":{"start":{"line":385,"column":6},"end":{"line":387,"column":null}},"type":"if","locations":[{"start":{"line":385,"column":6},"end":{"line":387,"column":null}},{"start":{},"end":{}}],"line":385},"48":{"loc":{"start":{"line":385,"column":10},"end":{"line":385,"column":82}},"type":"binary-expr","locations":[{"start":{"line":385,"column":10},"end":{"line":385,"column":47}},{"start":{"line":385,"column":47},"end":{"line":385,"column":82}}],"line":385},"49":{"loc":{"start":{"line":393,"column":6},"end":{"line":396,"column":null}},"type":"if","locations":[{"start":{"line":393,"column":6},"end":{"line":396,"column":null}},{"start":{},"end":{}}],"line":393},"50":{"loc":{"start":{"line":397,"column":6},"end":{"line":400,"column":null}},"type":"if","locations":[{"start":{"line":397,"column":6},"end":{"line":400,"column":null}},{"start":{},"end":{}}],"line":397},"51":{"loc":{"start":{"line":403,"column":6},"end":{"line":409,"column":null}},"type":"if","locations":[{"start":{"line":403,"column":6},"end":{"line":409,"column":null}},{"start":{},"end":{}}],"line":403},"52":{"loc":{"start":{"line":403,"column":10},"end":{"line":403,"column":38}},"type":"binary-expr","locations":[{"start":{"line":403,"column":10},"end":{"line":403,"column":25}},{"start":{"line":403,"column":25},"end":{"line":403,"column":38}}],"line":403},"53":{"loc":{"start":{"line":406,"column":8},"end":{"line":408,"column":null}},"type":"if","locations":[{"start":{"line":406,"column":8},"end":{"line":408,"column":null}},{"start":{},"end":{}}],"line":406},"54":{"loc":{"start":{"line":414,"column":6},"end":{"line":421,"column":null}},"type":"if","locations":[{"start":{"line":414,"column":6},"end":{"line":421,"column":null}},{"start":{},"end":{}}],"line":414},"55":{"loc":{"start":{"line":414,"column":10},"end":{"line":414,"column":36}},"type":"binary-expr","locations":[{"start":{"line":414,"column":10},"end":{"line":414,"column":24}},{"start":{"line":414,"column":24},"end":{"line":414,"column":36}}],"line":414},"56":{"loc":{"start":{"line":415,"column":8},"end":{"line":417,"column":null}},"type":"if","locations":[{"start":{"line":415,"column":8},"end":{"line":417,"column":null}},{"start":{},"end":{}}],"line":415},"57":{"loc":{"start":{"line":418,"column":8},"end":{"line":420,"column":null}},"type":"if","locations":[{"start":{"line":418,"column":8},"end":{"line":420,"column":null}},{"start":{},"end":{}}],"line":418},"58":{"loc":{"start":{"line":426,"column":2},"end":{"line":468,"column":null}},"type":"if","locations":[{"start":{"line":426,"column":2},"end":{"line":468,"column":null}},{"start":{},"end":{}}],"line":426},"59":{"loc":{"start":{"line":433,"column":6},"end":{"line":436,"column":null}},"type":"if","locations":[{"start":{"line":433,"column":6},"end":{"line":436,"column":null}},{"start":{},"end":{}}],"line":433},"60":{"loc":{"start":{"line":439,"column":6},"end":{"line":439,"column":null}},"type":"if","locations":[{"start":{"line":439,"column":6},"end":{"line":439,"column":null}},{"start":{},"end":{}}],"line":439},"61":{"loc":{"start":{"line":445,"column":8},"end":{"line":448,"column":null}},"type":"if","locations":[{"start":{"line":445,"column":8},"end":{"line":448,"column":null}},{"start":{},"end":{}}],"line":445},"62":{"loc":{"start":{"line":451,"column":8},"end":{"line":451,"column":null}},"type":"if","locations":[{"start":{"line":451,"column":8},"end":{"line":451,"column":null}},{"start":{},"end":{}}],"line":451},"63":{"loc":{"start":{"line":454,"column":8},"end":{"line":458,"column":null}},"type":"if","locations":[{"start":{"line":454,"column":8},"end":{"line":458,"column":null}},{"start":{},"end":{}}],"line":454},"64":{"loc":{"start":{"line":454,"column":12},"end":{"line":454,"column":40}},"type":"binary-expr","locations":[{"start":{"line":454,"column":12},"end":{"line":454,"column":27}},{"start":{"line":454,"column":27},"end":{"line":454,"column":40}}],"line":454},"65":{"loc":{"start":{"line":457,"column":10},"end":{"line":457,"column":null}},"type":"if","locations":[{"start":{"line":457,"column":10},"end":{"line":457,"column":null}},{"start":{},"end":{}}],"line":457},"66":{"loc":{"start":{"line":460,"column":8},"end":{"line":462,"column":null}},"type":"if","locations":[{"start":{"line":460,"column":8},"end":{"line":462,"column":null}},{"start":{},"end":{}}],"line":460},"67":{"loc":{"start":{"line":463,"column":8},"end":{"line":465,"column":null}},"type":"if","locations":[{"start":{"line":463,"column":8},"end":{"line":465,"column":null}},{"start":{},"end":{}}],"line":463},"68":{"loc":{"start":{"line":498,"column":2},"end":{"line":500,"column":null}},"type":"if","locations":[{"start":{"line":498,"column":2},"end":{"line":500,"column":null}},{"start":{},"end":{}}],"line":498},"69":{"loc":{"start":{"line":505,"column":2},"end":{"line":553,"column":null}},"type":"if","locations":[{"start":{"line":505,"column":2},"end":{"line":553,"column":null}},{"start":{"line":537,"column":9},"end":{"line":553,"column":null}}],"line":505},"70":{"loc":{"start":{"line":512,"column":6},"end":{"line":512,"column":null}},"type":"if","locations":[{"start":{"line":512,"column":6},"end":{"line":512,"column":null}},{"start":{},"end":{}}],"line":512},"71":{"loc":{"start":{"line":518,"column":48},"end":{"line":518,"column":69}},"type":"binary-expr","locations":[{"start":{"line":518,"column":48},"end":{"line":518,"column":66}},{"start":{"line":518,"column":66},"end":{"line":518,"column":69}}],"line":518},"72":{"loc":{"start":{"line":519,"column":24},"end":{"line":519,"column":49}},"type":"binary-expr","locations":[{"start":{"line":519,"column":24},"end":{"line":519,"column":42}},{"start":{"line":519,"column":42},"end":{"line":519,"column":49}}],"line":519},"73":{"loc":{"start":{"line":523,"column":6},"end":{"line":525,"column":null}},"type":"if","locations":[{"start":{"line":523,"column":6},"end":{"line":525,"column":null}},{"start":{},"end":{}}],"line":523},"74":{"loc":{"start":{"line":532,"column":4},"end":{"line":534,"column":null}},"type":"if","locations":[{"start":{"line":532,"column":4},"end":{"line":534,"column":null}},{"start":{},"end":{}}],"line":532},"75":{"loc":{"start":{"line":543,"column":36},"end":{"line":543,"column":57}},"type":"binary-expr","locations":[{"start":{"line":543,"column":36},"end":{"line":543,"column":54}},{"start":{"line":543,"column":54},"end":{"line":543,"column":57}}],"line":543},"76":{"loc":{"start":{"line":544,"column":22},"end":{"line":544,"column":47}},"type":"binary-expr","locations":[{"start":{"line":544,"column":22},"end":{"line":544,"column":40}},{"start":{"line":544,"column":40},"end":{"line":544,"column":47}}],"line":544},"77":{"loc":{"start":{"line":548,"column":4},"end":{"line":550,"column":null}},"type":"if","locations":[{"start":{"line":548,"column":4},"end":{"line":550,"column":null}},{"start":{},"end":{}}],"line":548}},"s":{"0":60,"1":60,"2":0,"3":0,"4":0,"5":0,"6":0,"7":0,"8":0,"9":0,"10":0,"11":0,"12":0,"13":1,"14":364,"15":364,"16":364,"17":364,"18":364,"19":364,"20":364,"21":364,"22":364,"23":30,"24":98,"25":98,"26":98,"27":462,"28":98,"29":364,"30":28,"31":28,"32":28,"33":28,"34":98,"35":98,"36":28,"37":30,"38":98,"39":30,"40":70,"41":30,"42":98,"43":98,"44":0,"45":98,"46":98,"47":98,"48":28,"49":1533,"50":1533,"51":1533,"52":1533,"53":1533,"54":1533,"55":1533,"56":30,"57":30,"58":30,"59":30,"60":30,"61":30,"62":374,"63":0,"64":374,"65":30,"66":30,"67":30,"68":0,"69":0,"70":0,"71":0,"72":0,"73":30,"74":0,"75":0,"76":0,"77":0,"78":0,"79":30,"80":30,"81":30,"82":30,"83":30,"84":0,"85":0,"86":30,"87":30,"88":98,"89":0,"90":98,"91":98,"92":30,"93":30,"94":30,"95":374,"96":374,"97":374,"98":1533,"99":203,"100":189,"101":189,"102":374,"103":175,"104":175,"105":30,"106":98,"107":98,"108":30,"109":98,"110":30,"111":30,"112":30,"113":44,"114":161,"115":44,"116":44,"117":44,"118":98,"119":98,"120":98,"121":98,"122":98,"123":28,"124":28,"125":98,"126":14,"127":98,"128":98,"129":98,"130":30,"131":30,"132":374,"133":73,"134":301,"135":0,"136":301,"137":301,"138":154,"139":154,"140":70,"141":70,"142":147,"143":147,"144":30,"145":30,"146":30,"147":30,"148":0,"149":0,"150":0,"151":0,"152":0,"153":30,"154":420,"155":0,"156":420,"157":0,"158":420,"159":420,"160":420,"161":0,"162":420,"163":420,"164":420,"165":231,"166":231,"167":420,"168":140,"169":140,"170":420,"171":98,"172":98,"173":98,"174":42,"175":378,"176":378,"177":378,"178":378,"179":280,"180":378,"181":280,"182":30,"183":0,"184":0,"185":0,"186":0,"187":0,"188":0,"189":0,"190":0,"191":0,"192":0,"193":0,"194":0,"195":0,"196":0,"197":0,"198":0,"199":0,"200":0,"201":0,"202":0,"203":0,"204":0,"205":0,"206":0,"207":0,"208":0,"209":0,"210":0,"211":30,"212":98,"213":175,"214":175,"215":98,"216":7,"217":91,"218":91,"219":21,"220":21,"221":21,"222":21,"223":49,"224":0,"225":49,"226":49,"227":49,"228":77,"229":77,"230":49,"231":49,"232":49,"233":49,"234":21,"235":21,"236":21,"237":70,"238":70,"239":70,"240":98,"241":98,"242":70,"243":70,"244":70,"245":721,"246":721,"247":63,"248":721},"f":{"0":60,"1":0,"2":364,"3":30,"4":98,"5":70,"6":1533,"7":30,"8":98,"9":161,"10":0,"11":0,"12":98,"13":175,"14":175,"15":721},"b":{"0":[60,0],"1":[60,0],"2":[0,0],"3":[0,0],"4":[0,0,0],"5":[0,0],"6":[0,0,0],"7":[0,0],"8":[364,204,131,42],"9":[98,364],"10":[28,336],"11":[28,0],"12":[28,70],"13":[0,98],"14":[1533,0],"15":[1533,0],"16":[1533,1036,357,293],"17":[30],"18":[30,0],"19":[0,374],"20":[374,374],"21":[0,30],"22":[0,30],"23":[0,30],"24":[30,30],"25":[30,0],"26":[0,98],"27":[98,98,98],"28":[203,1330],"29":[189,14],"30":[175,199],"31":[28,70],"32":[14,84],"33":[98,91],"34":[73,301],"35":[0,301],"36":[154,147],"37":[70,84],"38":[147,0],"39":[147,0],"40":[30,0],"41":[30,0],"42":[0,0],"43":[0,420],"44":[420,420],"45":[0,420],"46":[420,420],"47":[0,420],"48":[420,420],"49":[231,189],"50":[140,280],"51":[98,322],"52":[420,231],"53":[42,56],"54":[378,0],"55":[378,378],"56":[280,98],"57":[280,98],"58":[0,30],"59":[0,0],"60":[0,0],"61":[0,0],"62":[0,0],"63":[0,0],"64":[0,0],"65":[0,0],"66":[0,0],"67":[0,0],"68":[7,91],"69":[21,70],"70":[0,49],"71":[77,0],"72":[77,0],"73":[49,0],"74":[21,0],"75":[98,0],"76":[98,0],"77":[70,0]},"meta":{"lastBranch":78,"lastFunction":16,"lastStatement":249,"seen":{"f:30:9:30:23":0,"b:31:2:31:Infinity:undefined:undefined:undefined:undefined":0,"s:31:2:31:Infinity":0,"b:31:6:31:14:31:14:31:39":1,"s:31:39:31:Infinity":1,"s:32:20:32:Infinity":2,"b:34:2:34:Infinity:undefined:undefined:undefined:undefined":2,"s:34:2:34:Infinity":3,"s:34:40:34:Infinity":4,"s:36:14:36:Infinity":5,"s:37:15:37:Infinity":6,"b:38:2:38:Infinity:undefined:undefined:undefined:undefined":3,"s:38:2:38:Infinity":7,"b:38:6:38:14:38:14:38:44:38:44:38:72":4,"s:38:72:38:Infinity":8,"b:39:2:39:Infinity:undefined:undefined:undefined:undefined":5,"s:39:2:39:Infinity":9,"b:39:6:39:15:39:15:39:46:39:46:39:75":6,"s:39:75:39:Infinity":10,"s:40:2:40:Infinity":11,"f:46:9:46:28":1,"s:47:2:55:Infinity":12,"b:50:30:50:40:50:40:50:Infinity":7,"s:59:27:59:Infinity":13,"f:64:9:64:28":2,"s:65:13:65:Infinity":14,"s:66:13:66:Infinity":15,"s:67:13:67:Infinity":16,"s:68:13:68:Infinity":17,"s:70:13:70:Infinity":18,"s:71:13:71:Infinity":19,"s:72:13:72:Infinity":20,"s:73:13:73:Infinity":21,"s:76:2:76:Infinity":22,"b:76:9:76:21:76:21:76:33:76:33:76:55:76:55:76:Infinity":8,"f:83:9:83:29":3,"s:85:2:104:Infinity":23,"s:86:41:86:Infinity":24,"s:87:19:87:Infinity":25,"s:89:4:98:Infinity":26,"b:90:6:90:Infinity:undefined:undefined:undefined:undefined":9,"s:90:6:90:Infinity":27,"s:90:27:90:Infinity":28,"b:91:6:97:Infinity:undefined:undefined:undefined:undefined":10,"s:91:6:97:Infinity":29,"s:92:21:92:Infinity":30,"b:93:8:96:Infinity:undefined:undefined:undefined:undefined":11,"s:93:8:96:Infinity":31,"s:94:10:94:Infinity":32,"s:95:10:95:Infinity":33,"s:100:4:100:Infinity":34,"b:101:4:103:Infinity:undefined:undefined:undefined:undefined":12,"s:101:4:103:Infinity":35,"s:102:6:102:Infinity":36,"s:107:16:107:Infinity":37,"f:107:36:107:37":4,"s:107:43:107:57":38,"s:108:62:110:Infinity":39,"f:109:4:109:5":5,"s:109:12:109:Infinity":40,"s:112:2:120:Infinity":41,"s:113:17:113:Infinity":42,"b:114:4:114:Infinity:undefined:undefined:undefined:undefined":13,"s:114:4:114:Infinity":43,"s:114:15:114:Infinity":44,"s:115:29:115:Infinity":45,"s:116:4:116:Infinity":46,"s:117:4:119:Infinity":47,"s:118:6:118:Infinity":48,"f:126:9:126:25":6,"s:127:13:127:Infinity":49,"s:128:13:128:Infinity":50,"s:129:13:129:Infinity":51,"s:130:13:130:Infinity":52,"s:132:13:132:Infinity":53,"b:132:13:132:30:132:30:132:Infinity":14,"s:133:13:133:Infinity":54,"b:133:13:133:30:133:30:133:Infinity":15,"s:135:2:135:Infinity":55,"b:135:9:135:21:135:21:135:37:135:37:135:49:135:49:135:Infinity":16,"f:142:16:142:Infinity":7,"b:144:34:144:Infinity":17,"s:146:35:146:Infinity":56,"s:147:16:147:Infinity":57,"s:148:32:148:Infinity":58,"s:151:21:151:Infinity":59,"b:151:21:151:37:151:37:151:Infinity":18,"s:152:19:152:Infinity":60,"s:154:2:157:Infinity":61,"b:155:4:155:Infinity:undefined:undefined:undefined:undefined":19,"s:155:4:155:Infinity":62,"b:155:8:155:17:155:17:155:40":20,"s:155:40:155:Infinity":63,"s:156:4:156:Infinity":64,"s:161:18:161:Infinity":65,"s:164:19:164:Infinity":66,"b:165:2:171:Infinity:undefined:undefined:undefined:undefined":21,"s:165:2:171:Infinity":67,"s:166:22:166:Infinity":68,"s:167:28:167:Infinity":69,"s:168:4:168:Infinity":70,"s:169:4:169:Infinity":71,"s:170:4:170:Infinity":72,"b:172:2:178:Infinity:undefined:undefined:undefined:undefined":22,"s:172:2:178:Infinity":73,"s:173:23:173:Infinity":74,"s:174:29:174:Infinity":75,"s:175:4:175:Infinity":76,"s:176:4:176:Infinity":77,"s:177:4:177:Infinity":78,"s:181:8:181:Infinity":79,"s:182:28:182:Infinity":80,"s:185:38:185:Infinity":81,"s:186:28:186:Infinity":82,"b:188:2:191:Infinity:undefined:undefined:undefined:undefined":23,"s:188:2:191:Infinity":83,"b:188:6:188:37:188:37:188:67":24,"s:189:4:189:Infinity":84,"s:190:4:190:Infinity":85,"s:194:22:194:Infinity":86,"b:194:22:194:39:194:39:194:Infinity":25,"s:196:2:210:Infinity":87,"b:197:4:197:Infinity:undefined:undefined:undefined:undefined":26,"s:197:4:197:Infinity":88,"b:197:8:197:18:197:18:197:32:197:32:197:45":27,"s:197:45:197:Infinity":89,"s:199:37:207:Infinity":90,"s:209:4:209:Infinity":91,"s:213:2:213:Infinity":92,"s:218:22:218:Infinity":93,"s:220:2:237:Infinity":94,"s:221:40:221:Infinity":95,"s:222:19:222:Infinity":96,"s:224:4:231:Infinity":97,"b:225:6:230:Infinity:undefined:undefined:undefined:undefined":28,"s:225:6:230:Infinity":98,"b:226:8:229:Infinity:undefined:undefined:undefined:undefined":29,"s:226:8:229:Infinity":99,"s:227:10:227:Infinity":100,"s:228:10:228:Infinity":101,"b:233:4:236:Infinity:undefined:undefined:undefined:undefined":30,"s:233:4:236:Infinity":102,"s:234:6:234:Infinity":103,"s:235:6:235:Infinity":104,"s:240:2:247:Infinity":105,"s:241:23:243:Infinity":106,"b:242:8:242:Infinity:243:8:243:Infinity":31,"s:244:4:246:Infinity":107,"s:251:19:251:Infinity":108,"f:251:45:251:46":8,"s:251:52:251:59":109,"s:252:41:252:Infinity":110,"s:254:2:256:Infinity":111,"s:254:15:254:18":112,"s:255:4:255:Infinity":113,"f:255:37:255:38":9,"s:255:44:255:57":114,"s:259:2:288:Infinity":115,"s:259:19:259:29":116,"s:260:4:287:Infinity":117,"s:262:59:266:Infinity":118,"s:268:23:268:Infinity":119,"s:269:24:269:Infinity":120,"s:273:30:273:Infinity":121,"s:274:6:277:Infinity":122,"s:275:8:275:Infinity":123,"s:276:8:276:Infinity":124,"b:278:6:280:Infinity:undefined:undefined:undefined:undefined":32,"s:278:6:280:Infinity":125,"b:278:10:278:30:278:30:278:53":33,"s:279:8:279:Infinity":126,"s:281:6:281:Infinity":127,"s:284:6:284:Infinity":128,"s:285:6:286:Infinity":129,"s:295:31:295:Infinity":130,"s:297:2:354:Infinity":131,"b:299:4:301:Infinity:undefined:undefined:undefined:undefined":34,"s:299:4:301:Infinity":132,"s:300:6:300:Infinity":133,"b:304:4:306:Infinity:undefined:undefined:undefined:undefined":35,"s:304:4:306:Infinity":134,"s:305:6:305:Infinity":135,"s:308:18:308:Infinity":136,"b:310:4:353:Infinity:336:11:353:Infinity":36,"s:310:4:353:Infinity":137,"s:313:28:313:Infinity":138,"b:315:6:334:Infinity:undefined:undefined:undefined:undefined":37,"s:315:6:334:Infinity":139,"s:317:8:317:Infinity":140,"s:320:8:333:Infinity":141,"s:338:28:338:Infinity":142,"s:339:6:352:Infinity":143,"b:346:15:346:33:346:33:346:Infinity":38,"b:347:16:347:34:347:34:347:Infinity":39,"s:359:16:359:Infinity":144,"b:360:2:423:Infinity:undefined:undefined:undefined:undefined":40,"s:360:2:423:Infinity":145,"b:367:4:375:Infinity:369:4:375:Infinity":41,"s:367:4:375:Infinity":146,"s:368:6:368:Infinity":147,"b:369:4:375:Infinity:372:11:375:Infinity":42,"s:369:4:375:Infinity":148,"s:371:6:371:Infinity":149,"f:371:30:371:31":10,"s:371:43:371:61":150,"s:374:6:374:Infinity":151,"f:374:46:374:47":11,"s:374:58:374:81":152,"s:377:4:422:Infinity":153,"b:378:6:378:Infinity:undefined:undefined:undefined:undefined":43,"s:378:6:378:Infinity":154,"b:378:10:378:19:378:19:378:45":44,"s:378:45:378:Infinity":155,"b:379:6:379:Infinity:undefined:undefined:undefined:undefined":45,"s:379:6:379:Infinity":156,"b:379:10:379:48:379:48:379:84":46,"s:379:84:379:Infinity":157,"s:381:21:381:Infinity":158,"s:382:21:382:Infinity":159,"b:385:6:387:Infinity:undefined:undefined:undefined:undefined":47,"s:385:6:387:Infinity":160,"b:385:10:385:47:385:47:385:82":48,"s:386:8:386:Infinity":161,"s:390:26:390:Infinity":162,"s:391:26:391:Infinity":163,"b:393:6:396:Infinity:undefined:undefined:undefined:undefined":49,"s:393:6:396:Infinity":164,"s:394:25:394:Infinity":165,"s:395:8:395:Infinity":166,"b:397:6:400:Infinity:undefined:undefined:undefined:undefined":50,"s:397:6:400:Infinity":167,"s:398:25:398:Infinity":168,"s:399:8:399:Infinity":169,"b:403:6:409:Infinity:undefined:undefined:undefined:undefined":51,"s:403:6:409:Infinity":170,"b:403:10:403:25:403:25:403:38":52,"s:404:26:404:Infinity":171,"s:405:26:405:Infinity":172,"b:406:8:408:Infinity:undefined:undefined:undefined:undefined":53,"s:406:8:408:Infinity":173,"s:407:10:407:Infinity":174,"s:411:25:411:Infinity":175,"s:412:25:412:Infinity":176,"b:414:6:421:Infinity:undefined:undefined:undefined:undefined":54,"s:414:6:421:Infinity":177,"b:414:10:414:24:414:24:414:36":55,"b:415:8:417:Infinity:undefined:undefined:undefined:undefined":56,"s:415:8:417:Infinity":178,"s:416:10:416:Infinity":179,"b:418:8:420:Infinity:undefined:undefined:undefined:undefined":57,"s:418:8:420:Infinity":180,"s:419:10:419:Infinity":181,"b:426:2:468:Infinity:undefined:undefined:undefined:undefined":58,"s:426:2:468:Infinity":182,"s:427:10:427:Infinity":183,"s:429:4:467:Infinity":184,"s:431:26:431:Infinity":185,"s:432:30:432:Infinity":186,"b:433:6:436:Infinity:undefined:undefined:undefined:undefined":59,"s:433:6:436:Infinity":187,"s:434:25:434:Infinity":188,"s:435:8:435:Infinity":189,"s:438:25:438:Infinity":190,"b:439:6:439:Infinity:undefined:undefined:undefined:undefined":60,"s:439:6:439:Infinity":191,"s:439:23:439:Infinity":192,"s:441:6:466:Infinity":193,"s:443:28:443:Infinity":194,"s:444:32:444:Infinity":195,"b:445:8:448:Infinity:undefined:undefined:undefined:undefined":61,"s:445:8:448:Infinity":196,"s:446:27:446:Infinity":197,"s:447:10:447:Infinity":198,"s:450:27:450:Infinity":199,"b:451:8:451:Infinity:undefined:undefined:undefined:undefined":62,"s:451:8:451:Infinity":200,"s:451:25:451:Infinity":201,"b:454:8:458:Infinity:undefined:undefined:undefined:undefined":63,"s:454:8:458:Infinity":202,"b:454:12:454:27:454:27:454:40":64,"s:455:28:455:Infinity":203,"s:456:28:456:Infinity":204,"b:457:10:457:Infinity:undefined:undefined:undefined:undefined":65,"s:457:10:457:Infinity":205,"s:457:39:457:Infinity":206,"b:460:8:462:Infinity:undefined:undefined:undefined:undefined":66,"s:460:8:462:Infinity":207,"s:461:10:461:Infinity":208,"b:463:8:465:Infinity:undefined:undefined:undefined:undefined":67,"s:463:8:465:Infinity":209,"s:464:10:464:Infinity":210,"s:470:2:481:Infinity":211,"f:489:9:489:Infinity":12,"s:494:22:496:Infinity":212,"f:495:9:495:10":13,"s:495:17:495:33":213,"f:496:12:496:13":14,"s:496:36:496:51":214,"b:498:2:500:Infinity:undefined:undefined:undefined:undefined":68,"s:498:2:500:Infinity":215,"s:499:4:499:Infinity":216,"s:503:8:503:Infinity":217,"b:505:2:553:Infinity:537:9:553:Infinity":69,"s:505:2:553:Infinity":218,"s:507:10:507:Infinity":219,"s:508:21:508:Infinity":220,"s:509:20:509:Infinity":221,"s:511:4:529:Infinity":222,"b:512:6:512:Infinity:undefined:undefined:undefined:undefined":70,"s:512:6:512:Infinity":223,"s:512:30:512:Infinity":224,"s:514:26:514:Infinity":225,"s:515:24:515:Infinity":226,"s:517:6:520:Infinity":227,"s:518:8:518:Infinity":228,"b:518:48:518:66:518:66:518:69":71,"s:519:8:519:Infinity":229,"b:519:24:519:42:519:42:519:49":72,"b:523:6:525:Infinity:undefined:undefined:undefined:undefined":73,"s:523:6:525:Infinity":230,"s:524:8:524:Infinity":231,"s:527:6:527:Infinity":232,"s:528:6:528:Infinity":233,"b:532:4:534:Infinity:undefined:undefined:undefined:undefined":74,"s:532:4:534:Infinity":234,"s:533:6:533:Infinity":235,"s:536:4:536:Infinity":236,"s:539:19:539:Infinity":237,"s:540:22:540:Infinity":238,"s:542:4:545:Infinity":239,"s:543:6:543:Infinity":240,"b:543:36:543:54:543:54:543:57":75,"s:544:6:544:Infinity":241,"b:544:22:544:40:544:40:544:47":76,"b:548:4:550:Infinity:undefined:undefined:undefined:undefined":77,"s:548:4:550:Infinity":242,"s:549:6:549:Infinity":243,"s:552:4:552:Infinity":244,"f:559:9:559:26":15,"s:560:16:560:Infinity":245,"s:561:2:563:Infinity":246,"s:562:4:562:Infinity":247,"s:564:2:564:Infinity":248}}}
,"C:\\Projects\\comfy-node-organizer\\src\\layout\\groups.ts": {"path":"C:\\Projects\\comfy-node-organizer\\src\\layout\\groups.ts","statementMap":{"0":{"start":{"line":5,"column":27},"end":{"line":5,"column":null}},"1":{"start":{"line":12,"column":46},"end":{"line":12,"column":null}},"2":{"start":{"line":14,"column":2},"end":{"line":17,"column":null}},"3":{"start":{"line":15,"column":4},"end":{"line":15,"column":null}},"4":{"start":{"line":16,"column":4},"end":{"line":16,"column":null}},"5":{"start":{"line":19,"column":21},"end":{"line":19,"column":null}},"6":{"start":{"line":20,"column":19},"end":{"line":20,"column":null}},"7":{"start":{"line":23,"column":2},"end":{"line":91,"column":null}},"8":{"start":{"line":23,"column":19},"end":{"line":23,"column":29}},"9":{"start":{"line":24,"column":4},"end":{"line":90,"column":null}},"10":{"start":{"line":25,"column":48},"end":{"line":25,"column":null}},"11":{"start":{"line":28,"column":6},"end":{"line":31,"column":null}},"12":{"start":{"line":29,"column":8},"end":{"line":29,"column":null}},"13":{"start":{"line":30,"column":8},"end":{"line":30,"column":null}},"14":{"start":{"line":34,"column":17},"end":{"line":34,"column":null}},"15":{"start":{"line":35,"column":17},"end":{"line":35,"column":null}},"16":{"start":{"line":36,"column":17},"end":{"line":36,"column":null}},"17":{"start":{"line":37,"column":17},"end":{"line":37,"column":null}},"18":{"start":{"line":40,"column":6},"end":{"line":53,"column":null}},"19":{"start":{"line":41,"column":21},"end":{"line":41,"column":null}},"20":{"start":{"line":42,"column":8},"end":{"line":42,"column":null}},"21":{"start":{"line":42,"column":19},"end":{"line":42,"column":null}},"22":{"start":{"line":44,"column":19},"end":{"line":44,"column":null}},"23":{"start":{"line":45,"column":19},"end":{"line":45,"column":null}},"24":{"start":{"line":46,"column":19},"end":{"line":46,"column":null}},"25":{"start":{"line":47,"column":19},"end":{"line":47,"column":null}},"26":{"start":{"line":49,"column":8},"end":{"line":49,"column":null}},"27":{"start":{"line":50,"column":8},"end":{"line":50,"column":null}},"28":{"start":{"line":51,"column":8},"end":{"line":51,"column":null}},"29":{"start":{"line":52,"column":8},"end":{"line":52,"column":null}},"30":{"start":{"line":56,"column":6},"end":{"line":67,"column":null}},"31":{"start":{"line":57,"column":19},"end":{"line":57,"column":null}},"32":{"start":{"line":58,"column":19},"end":{"line":58,"column":null}},"33":{"start":{"line":59,"column":19},"end":{"line":59,"column":null}},"34":{"start":{"line":60,"column":19},"end":{"line":60,"column":null}},"35":{"start":{"line":61,"column":19},"end":{"line":61,"column":null}},"36":{"start":{"line":63,"column":8},"end":{"line":63,"column":null}},"37":{"start":{"line":64,"column":8},"end":{"line":64,"column":null}},"38":{"start":{"line":65,"column":8},"end":{"line":65,"column":null}},"39":{"start":{"line":66,"column":8},"end":{"line":66,"column":null}},"40":{"start":{"line":70,"column":6},"end":{"line":73,"column":null}},"41":{"start":{"line":71,"column":8},"end":{"line":71,"column":null}},"42":{"start":{"line":72,"column":8},"end":{"line":72,"column":null}},"43":{"start":{"line":76,"column":22},"end":{"line":76,"column":null}},"44":{"start":{"line":77,"column":19},"end":{"line":77,"column":null}},"45":{"start":{"line":78,"column":19},"end":{"line":78,"column":null}},"46":{"start":{"line":79,"column":23},"end":{"line":79,"column":null}},"47":{"start":{"line":80,"column":24},"end":{"line":80,"column":null}},"48":{"start":{"line":82,"column":6},"end":{"line":84,"column":null}},"49":{"start":{"line":87,"column":6},"end":{"line":87,"column":null}},"50":{"start":{"line":89,"column":6},"end":{"line":89,"column":null}},"51":{"start":{"line":93,"column":2},"end":{"line":93,"column":null}},"52":{"start":{"line":107,"column":2},"end":{"line":110,"column":null}},"53":{"start":{"line":108,"column":4},"end":{"line":108,"column":null}},"54":{"start":{"line":109,"column":4},"end":{"line":109,"column":null}},"55":{"start":{"line":111,"column":2},"end":{"line":114,"column":null}},"56":{"start":{"line":112,"column":4},"end":{"line":112,"column":null}},"57":{"start":{"line":113,"column":4},"end":{"line":113,"column":null}},"58":{"start":{"line":117,"column":12},"end":{"line":117,"column":null}},"59":{"start":{"line":121,"column":2},"end":{"line":124,"column":null}},"60":{"start":{"line":122,"column":4},"end":{"line":122,"column":null}},"61":{"start":{"line":123,"column":4},"end":{"line":123,"column":null}},"62":{"start":{"line":125,"column":2},"end":{"line":128,"column":null}},"63":{"start":{"line":126,"column":4},"end":{"line":126,"column":null}},"64":{"start":{"line":127,"column":4},"end":{"line":127,"column":null}},"65":{"start":{"line":131,"column":2},"end":{"line":137,"column":null}},"66":{"start":{"line":132,"column":14},"end":{"line":132,"column":null}},"67":{"start":{"line":133,"column":4},"end":{"line":133,"column":null}},"68":{"start":{"line":134,"column":4},"end":{"line":134,"column":null}},"69":{"start":{"line":135,"column":4},"end":{"line":135,"column":null}},"70":{"start":{"line":136,"column":4},"end":{"line":136,"column":null}},"71":{"start":{"line":140,"column":15},"end":{"line":140,"column":null}},"72":{"start":{"line":141,"column":2},"end":{"line":146,"column":null}},"73":{"start":{"line":142,"column":4},"end":{"line":142,"column":null}},"74":{"start":{"line":143,"column":4},"end":{"line":143,"column":null}},"75":{"start":{"line":144,"column":4},"end":{"line":144,"column":null}},"76":{"start":{"line":145,"column":4},"end":{"line":145,"column":null}}},"fnMap":{"0":{"name":"resizeGroupsToFit","decl":{"start":{"line":11,"column":16},"end":{"line":11,"column":34}},"loc":{"start":{"line":11,"column":62},"end":{"line":94,"column":null}},"line":11},"1":{"name":"updateGroupBounds","decl":{"start":{"line":99,"column":9},"end":{"line":99,"column":null}},"loc":{"start":{"line":105,"column":8},"end":{"line":147,"column":null}},"line":105}},"branchMap":{"0":{"loc":{"start":{"line":14,"column":2},"end":{"line":17,"column":null}},"type":"if","locations":[{"start":{"line":14,"column":2},"end":{"line":17,"column":null}},{"start":{},"end":{}}],"line":14},"1":{"loc":{"start":{"line":14,"column":6},"end":{"line":14,"column":35}},"type":"binary-expr","locations":[{"start":{"line":14,"column":6},"end":{"line":14,"column":24}},{"start":{"line":14,"column":24},"end":{"line":14,"column":35}}],"line":14},"2":{"loc":{"start":{"line":28,"column":6},"end":{"line":31,"column":null}},"type":"if","locations":[{"start":{"line":28,"column":6},"end":{"line":31,"column":null}},{"start":{},"end":{}}],"line":28},"3":{"loc":{"start":{"line":28,"column":10},"end":{"line":28,"column":60}},"type":"binary-expr","locations":[{"start":{"line":28,"column":10},"end":{"line":28,"column":34}},{"start":{"line":28,"column":34},"end":{"line":28,"column":60}}],"line":28},"4":{"loc":{"start":{"line":42,"column":8},"end":{"line":42,"column":null}},"type":"if","locations":[{"start":{"line":42,"column":8},"end":{"line":42,"column":null}},{"start":{},"end":{}}],"line":42},"5":{"loc":{"start":{"line":44,"column":19},"end":{"line":44,"column":null}},"type":"binary-expr","locations":[{"start":{"line":44,"column":19},"end":{"line
[...]
150":0,"151":175,"152":0,"153":175,"154":98,"155":0,"156":98,"157":98,"158":98,"159":98,"160":91,"161":21,"162":21,"163":21,"164":21,"165":49,"166":49,"167":0,"168":49,"169":28,"170":49,"171":49,"172":49,"173":77,"174":77,"175":77,"176":77,"177":77,"178":77,"179":49,"180":49,"181":70,"182":28,"183":70,"184":70,"185":98,"186":70,"187":98,"188":70,"189":70,"190":70,"191":98,"192":98,"193":98,"194":98,"195":98,"196":98,"197":98,"198":98,"199":98,"200":70,"201":98,"202":28,"203":28,"204":28,"205":28,"206":28,"207":28,"208":28,"209":28,"210":98,"211":266,"212":0,"213":266,"214":266,"215":266,"216":364,"217":364,"218":266,"219":0,"220":266,"221":30,"222":30,"223":30,"224":154,"225":217,"226":154,"227":42,"228":112,"229":112,"230":0,"231":112,"232":112,"233":30,"234":2,"235":28,"236":154,"237":0,"238":154,"239":154,"240":0,"241":154,"242":154,"243":154,"244":217,"245":30,"246":30,"247":30,"248":0,"249":30,"250":98,"251":28,"252":70,"253":98,"254":98,"255":30,"256":374,"257":175,"258":199,"259":0,"260":199,"261":374,"262":374,"263":374,"264":30,"265":29,"266":29,"267":29,"268":29,"269":29,"270":36,"271":36,"272":36,"273":624,"274":36,"275":36,"276":331,"277":331,"278":331,"279":1485,"280":1485,"281":1485,"282":344,"283":1141,"284":1141,"285":7,"286":7,"287":7,"288":7,"289":7,"290":29,"291":7,"292":29,"293":29,"294":29,"295":29,"296":29,"297":29,"298":29,"299":29,"300":29,"301":624,"302":29,"303":29,"304":268,"305":268,"306":268,"307":1233,"308":1233,"309":1233,"310":1127,"311":106,"312":106,"313":0,"314":0,"315":0,"316":0,"317":0,"318":29,"319":0,"320":29,"321":7,"322":7,"323":7,"324":7,"325":7,"326":7,"327":0,"328":0,"329":0,"330":0,"331":7,"332":7,"333":7,"334":7,"335":7,"336":29,"337":268,"338":268,"339":268,"340":261,"341":7,"342":7,"343":7,"344":7,"345":7,"346":14,"347":14,"348":14,"349":14,"350":7,"351":0,"352":0,"353":0,"354":30,"355":30,"356":0,"357":30,"358":30,"359":1,"360":1,"361":29,"362":29,"363":29,"364":29},"f":{"0":60,"1":30,"2":30,"3":30,"4":217,"5":217,"6":147,"7":189,"8":30,"9":30,"10":98,"11":98,"12":28,"13":28,"14":98,"15":266,"16":30,"17":217,"18":30,"19":29,"20":624,"21":29,"22":624,"23":7,"24":7,"25":29,"26":30},"b":{"0":[14,46],"1":[60,60,46],"2":[146,0],"3":[146,0],"4":[217,0],"5":[112,42],"6":[0,14],"7":[14,0],"8":[147,0],"9":[14,98],"10":[7,23],"11":[30,30,23],"12":[21,52],"13":[0,23],"14":[52,0],"15":[52,0],"16":[52,0],"17":[52,0],"18":[52,52],"19":[0,52],"20":[52,52],"21":[70,147],"22":[0,147],"23":[147,0],"24":[0,147],"25":[147,147],"26":[147,0],"27":[30,0],"28":[30,30,30],"29":[0,70],"30":[0,70],"31":[0,30],"32":[30,30,0],"33":[0,0],"34":[0,0],"35":[0,0],"36":[0,0,0],"37":[0,175],"38":[0,175],"39":[175,175],"40":[0,98],"41":[98,7],"42":[91,7],"43":[21,70],"44":[0,49],"45":[28,0],"46":[28,0],"47":[77,0],"48":[77,0],"49":[77,0],"50":[28,0],"51":[28,0],"52":[98,0],"53":[98,0],"54":[98,0],"55":[98,0],"56":[28,0],"57":[0,266],"58":[0,266],"59":[42,112],"60":[0,112],"61":[2,28],"62":[0,154],"63":[0,154],"64":[0,30],"65":[30,0],"66":[28,70],"67":[70,0],"68":[98,0],"69":[98,0],"70":[98,0],"71":[98,0],"72":[175,199],"73":[0,199],"74":[199,199],"75":[199,0],"76":[374,0],"77":[374,0],"78":[52,147],"79":[374,0],"80":[374,0],"81":[29,36],"82":[624,106,99],"83":[1485,1310],"84":[344,1141],"85":[7,1134],"86":[7,22],"87":[29,29],"88":[624,56,28],"89":[1233,575],"90":[1127,106],"91":[0,106],"92":[0,29],"93":[7,0],"94":[0,0],"95":[7,0],"96":[261,7],"97":[268,261],"98":[7,0],"99":[7,7,7],"100":[7,0],"101":[14,0],"102":[0,0],"103":[0,0],"104":[0,30],"105":[1,29]},"meta":{"lastBranch":106,"lastFunction":27,"lastStatement":365,"seen":{"s:27:27:27:Infinity":0,"f:32:9:32:34":0,"s:33:50:33:Infinity":1,"b:35:2:37:Infinity:undefined:undefined:undefined:undefined":0,"s:35:2:37:Infinity":2,"b:35:6:35:28:35:28:35:60:35:60:35:71":1,"s:36:4:36:Infinity":3,"s:39:17:39:Infinity":4,"s:40:2:45:Infinity":5,"s:41:17:41:Infinity":6,"b:42:4:44:Infinity:undefined:undefined:undefined:undefined":2,"s:42:4:44:Infinity":7,"s:43:6:43:Infinity":8,"b:43:36:43:54:43:54:43:57":3,"s:46:2:46:Infinity":9,"f:53:16:53:38":1,"s:54:29:54:Infinity":10,"s:55:32:55:Infinity":11,"s:57:10:57:Infinity":12,"s:58:2:61:Infinity":13,"s:59:4:59:Infinity":14,"s:60:4:60:Infinity":15,"f:69:16:69:43":2,"s:70:29:70:Infinity":16,"s:71:32:71:Infinity":17,"s:74:22:74:Infinity":18,"s:75:2:79:Infinity":19,"s:76:4:78:Infinity":20,"s:77:6:77:Infinity":21,"s:82:10:82:Infinity":22,"s:83:2:86:Infinity":23,"s:84:4:84:Infinity":24,"s:85:4:85:Infinity":25,"s:89:2:94:Infinity":26,"s:90:4:93:Infinity":27,"s:91:21:91:Infinity":28,"b:91:21:91:49:91:49:91:Infinity":4,"s:92:6:92:Infinity":29,"f:102:16:102:37":3,"s:103:29:103:Infinity":30,"s:106:21:106:Infinity":31,"s:108:2:166:Infinity":32,"s:110:23:110:Infinity":33,"f:110:42:110:43":4,"s:110:49:110:72":34,"s:111:28:111:Infinity":35,"f:111:47:111:48":5,"s:111:54:111:78":36,"s:113:12:113:Infinity":37,"s:114:68:114:Infinity":38,"s:117:4:122:Infinity":39,"s:118:6:118:Infinity":40,"s:119:6:119:Infinity":41,"s:120:6:120:Infinity":42,"s:121:6:121:Infinity":43,"b:125:4:165:Infinity:undefined:undefined:undefined:undefined":5,"s:125:4:165:Infinity":44,"s:127:20:127:Infinity":45,"s:128:6:130:Infinity":46,"s:129:8:129:Infinity":47,"s:133:22:133:Infinity":48,"f:133:42:133:43":6,"s:133:49:133:53":49,"s:134:12:134:Infinity":50,"s:136:6:136:Infinity":51,"s:139:6:158:Infinity":52,"s:140:19:140:Infinity":53,"s:141:19:141:Infinity":54,"s:144:8:148:Infinity":55,"b:145:10:147:Infinity:undefined:undefined:undefined:undefined":6,"s:145:10:147:Infinity":56,"b:145:14:145:38:145:38:145:70":7,"s:146:12:146:Infinity":57,"s:150:8:157:Infinity":58,"s:151:23:151:Infinity":59,"f:151:44:151:45":7,"s:151:51:151:66":60,"b:152:10:156:Infinity:undefined:undefined:undefined:undefined":8,"s:152:10:156:Infinity":61,"s:153:12:153:Infinity":62,"s:154:12:154:Infinity":63,"s:155:12:155:Infinity":64,"s:161:12:161:Infinity":65,"b:162:6:164:Infinity:undefined:undefined:undefined:undefined":9,"s:162:6:164:Infinity":66,"s:163:8:163:Infinity":67,"s:168:2:168:Infinity":68,"f:175:16:175:39":8,"s:176:63:176:Infinity":69,"b:178:2:180:Infinity:undefined:undefined:undefined:undefined":10,"s:178:2:180:Infinity":70,"b:178:6:178:28:178:28:178:60:178:60:178:71":11,"s:179:4:179:Infinity":71,"s:183:43:183:Infinity":72,"s:184:2:189:Infinity":73,"b:185:4:187:Infinity:undefined:undefined:undefined:undefined":12,"s:185:4:187:Infinity":74,"s:186:6:186:Infinity":75,"s:188:4:188:Infinity":76,"b:191:2:194:Infinity:undefined:undefined:undefined:undefined":13,"s:191:2:194:Infinity":77,"s:192:4:192:Infinity":78,"s:193:4:193:Infinity":79,"s:197:16:197:Infinity":80,"s:198:2:206:Infinity":81,"s:199:17:199:Infinity":82,"b:200:4:205:Infinity:undefined:undefined:undefined:undefined":14,"s:200:4:205:Infinity":83,"s:201:6:204:Infinity":84,"b:202:15:202:33:202:33:202:Infinity":15,"b:203:16:203:34:203:34:203:Infinity":16,"s:209:8:212:Infinity":85,"s:215:12:215:Infinity":86,"s:216:12:216:Infinity":87,"s:218:2:230:Infinity":88,"s:219:4:229:Infinity":89,"s:220:19:220:Infinity":90,"b:221:6:228:Infinity:undefined:undefined:undefined:undefined":17,"s:221:6:228:Infinity":91,"b:221:10:221:18:221:18:221:28":18,"b:223:8:225:Infinity:undefined:undefined:undefined:undefined":19,"s:223:8:225:Infinity":92,"b:223:12:223:34:223:34:223:47":20,"s:224:10:224:Infinity":93,"s:226:8:226:Infinity":94,"s:227:8:227:Infinity":95,"s:232:2:234:Infinity":96,"f:242:16:242:31":9,"s:243:83:243:Infinity":97,"s:246:2:274:Infinity":98,"b:247:4:250:Infinity:undefined:undefined:undefined:undefined":21,"s:247:4:250:Infinity":99,"s:249:6:249:Infinity":100,"b:253:4:260:Infinity:undefined:undefined:undefined:undefined":22,"s:253:4:260:Infinity":101,"b:253:8:253:35:253:35:253:61":23,"s:254:6:254:Infinity":102,"s:255:6:255:Infinity":103,"s:256:6:258:Infinity":104,"s:259:6:259:Infinity":105,"s:262:22:262:Infinity":106,"b:265:4:267:Infinity:undefined:undefined:undefined:undefined":24,"s:265:4:267:Infinity":107,"b:265:8:265:35:265:35:265:53":25,"s:266:6:266:Infinity":108,"b:270:4:273:Infinity:undefined:undefined:undefined:undefined":26,"s:270:4:273:Infinity":109,"s:271:6:271:Infinity":110,"s:272:6:272:Infinity":111,"b:277:2:294:Infinity:undefined:undefined:undefined:undefined":27,"s:277:2:294:Infinity":112,"b:277:6:277:30:277:30:277:42:277:42:277:50":28,"s:279:27:279:Infinity":113,"f:279:41:279:42":10,"s:279:48:279:62":114,"s:281:4:293:Infinity":115,"s:282:20:282:Infinity":116,"b:283:6:283:Infinity:undefined:undefined:undefined:undefined":29,"s:283:6:283:Infinity":117,"s:283:31:283:Infinity":118,"s:285:22:285:Infinity":119,"b:286:6:286:Infinity:undefined:undefined:undefined:undefined":30,"s:286:6:286:Infinity":120,"s:286:20:286:Infinity":121,"s:289:21:289:Infinity":122,"s:290:21:290:Infinity":123,"s:292:6:292:Infinity":124,"s:297:2:297:Infinity":125,"b:300:2:338:Infinity:undefined:undefined:undefined:undefined":31,"s:300:2:338:Infinity":126,"b:300:6:300:23:300:23:300:51:300:51:300:61":32,"s:302:22:302:Infinity":127,"s:303:18:303:Infinity":128,"s:305:4:312:Infinity":129,"b:306:6:308:Infinity:undefined:undefined:undefined:undefined":33,"s:306:6:308:Infinity":130,"s:307:8:307:Infinity":131,"b:309:6:311:Infinity:undefined:undefined:undefined:undefined":34,"s:309:6:311:Infinity":132,"s:310:8:310:Infinity":133,"s:315:4:318:Infinity":134,"s:316:6:316:Infinity":135,"s:317:6:317:Infinity":136,"s:321:4:321:Infinity":137,"s:324:4:333:Infinity":138,"s:325:6:332:Infinity":139,"s:326:20:326:Infinity":140,"s:327:21:327:Infinity":141,"b:328:8:331:Infinity:undefined:undefined:undefined:undefined":35,"s:328:8:331:Infinity":142,"b:328:12:328:19:328:19:328:27:328:27:328:37":36,"s:329:10:329:Infinity":143,"s:330:10:330:Infinity":144,"s:335:4:337:Infinity":145,"f:346:9:346:Infinity":11,"s:354:32:354:Infinity":146,"s:355:2:360:Infinity":147,"s:356:17:356:Infinity":148,"b:357:4:357:Infinity:undefined:undefined:undefined:undefined":37,"s:357:4:357:Infinity":149,"s:357:15:357:Infinity":150,"b:358:4:358:Infinity:undefined:undefined:undefined:undefined":38,"s:358:4:358:Infinity":151,"b:358:8:358:30:358:30:358:43":39,"s:358:43:358:Infinity":152,"s:359:4:359:Infinity":153,"b:363:2:365:Infinity:undefined:undefined:undefined:undefined":40,"s:363:2:365:Infinity":154,"b:363:6:363:30:363:30:363:62":41,"s:364:4:364:Infinity":155,"s:367:2:367:Infinity":156,"s:370:8:370:Infinity":157,"s:372:15:372:Infinity":158,"b:374:2:438:Infinity:undefined:undefined:undefined:undefined":42,"s:374:2:438:Infinity":159,"b:375:4:437:Infinity:404:11:437:Infinity":43,"s:375:4:437:Infinity":160,"s:377:12:377:Infinity":161,"s:379:14:379:Infinity":162,"s:380:6:403:Infinity":163,"s:380:26:380:29":164,"s:381:22:381:Infinity":165,"b:382:8:382:Infinity:undefined:undefined:undefined:undefined":44,"s:382:8:382:Infinity":166,"s:382:32:382:Infinity":167,"s:385:8:385:Infinity":168,"f:385:19:385:20":12,"s:385:23:385:72":169,"b:385:30:385:45:385:45:385:53":45,"b:385:53:385:68:385:68:385:72":46,"s:387:16:387:Infinity":170,"s:388:28:388:Infinity":171,"s:390:8:399:Infinity":172,"b:391:10:395:Infinity:undefined:undefined:undefined:undefined":47,"s:391:10:395:Infinity":173,"s:392:12:392:Infinity":174,"s:393:12:393:Infinity":175,"s:394:12:394:Infinity":176,"s:397:10:397:Infinity":177,"b:397:50:397:68:397:68:397:71":48,"s:398:10:398:Infinity":178,"b:398:16:398:34:398:34:398:41":49,"s:401:8:401:Infinity":179,"s:402:8:402:Infinity":180,"s:407:6:407:Infinity":181,"f:407:19:407:20":13,"s:407:23:407:72":182,"b:407:30:407:45:407:45:407:53":50,"b:407:53:407:68:407:68:407:72":51,"s:410:20:410:Infinity":183,"s:411:6:416:Infinity":184,"s:412:8:415:Infinity":185,"b:413:17:413:35:413:35:413:Infinity":52,"b:414:18:414:36:414:36:414:Infinity":53,"s:419:22:419:Infinity":186,"f:419:34:419:35":14,"s:419:41:419:45":187,"s:420:12:420:Infinity":188,"s:422:14:422:Infinity":189,"s:423:6:435:Infinity":190,"s:424:16:424:Infinity":191,"s:425:8:433:Infinity":192,"s:426:23:426:Infinity":193,"b:427:10:432:Infinity:undefined:undefined:undefined:undefined":54,"s:427:10:432:Infinity":194,"s:428:12:428:Infinity":195,"s:429:12:429:Infinity":196,"s:430:12:430:Infinity":197,"s:431:12:431:Infinity":198,"b:431:18:431:36:431:36:431:43":55,"s:434:8:434:Infinity":199,"s:436:6:436:Infinity":200,"s:441:2:457:Infinity":201,"s:443:24:443:Infinity":202,"s:444:24:444:Infinity":203,"s:447:22:447:Infinity":204,"b:450:4:454:Infinity:undefined:undefined:undefined:undefined":56,"s:450:4:454:Infinity":205,"s:451:6:451:Infinity":206,"s:452:6:452:Infinity":207,"s:453:6:453:Infinity":208,"s:456:4:456:Infinity":209,"s:459:2:459:Infinity":210,"f:467:9:467:24":15,"b:468:2:468:Infinity:undefined:undefined:undefined:undefined":57,"s:468:2:468:Infinity":211,"s:468:26:468:Infinity":212,"s:470:13:470:Infinity":213,"s:471:13:471:Infinity":214,"s:473:2:476:Infinity":215,"s:474:4:474:Infinity":216,"s:475:4:475:Infinity":217,"b:478:2:478:Infinity:undefined:undefined:undefined:undefined":58,"s:478:2:478:Infinity":218,"s:478:25:478:Infinity":219,"s:479:2:479:Infinity":220,"f:487:16:487:34":16,"s:488:21:488:Infinity":221,"s:492:23:492:Infinity":222,"s:494:2:507:Infinity":223,"s:495:28:495:Infinity":224,"f:495:47:495:48":17,"s:495:54:495:78":225,"b:497:4:500:Infinity:undefined:undefined:undefined:undefined":59,"s:497:4:500:Infinity":226,"s:499:6:499:Infinity":227,"s:502:19:502:Infinity":228,"b:503:4:503:Infinity:undefined:undefined:undefined:undefined":60,"s:503:4:503:Infinity":229,"s:503:17:503:Infinity":230,"s:505:24:505:Infinity":231,"s:506:4:506:Infinity":232,"b:510:2:510:Infinity:undefined:undefined:undefined:undefined":61,"s:510:2:510:Infinity":233,"s:510:28:510:Infinity":234,"s:513:2:525:Infinity":235,"b:514:4:514:Infinity:undefined:undefined:undefined:undefined":62,"s:514:4:514:Infinity":236,"s:514:34:514:Infinity":237,"s:516:19:516:Infinity":238,"b:517:4:517:Infinity:undefined:undefined:undefined:undefined":63,"s:517:4:517:Infinity":239,"s:517:17:517:Infinity":240,"s:519:24:519:Infinity":241,"s:520:10:520:Infinity":242,"s:522:4:524:Infinity":243,"s:523:6:523:Infinity":244,"f:532:9:532:25":18,"s:533:35:533:Infinity":245,"s:534:63:534:Infinity":246,"b:536:2:536:Infinity:undefined:undefined:undefined:undefined":64,"s:536:2:536:Infinity":247,"s:536:17:536:Infinity":248,"s:539:2:556:Infinity":249,"b:539:19:539:29:539:29:539:33":65,"b:540:4:540:Infinity:undefined:undefined:undefined:undefined":66,"s:540:4:540:Infinity":250,"s:540:24:540:Infinity":251,"s:541:14:541:Infinity":252,"b:541:14:541:35:541:35:541:Infinity":67,"s:542:14:542:Infinity":253,"b:542:14:542:35:542:35:542:Infinity":68,"s:543:4:555:Infinity":254,"b:544:19:544:37:544:37:544:52":69,"b:549:13:549:35:549:35:549:Infinity":70,"b:550:14:550:36:550:36:550:Infinity":71,"s:559:2:578:Infinity":255,"b:560:4:560:Infinity:undefined:undefined:undefined:undefined":72,"s:560:4:560:Infinity":256,"s:560:34:560:Infinity":257,"b:561:4:561:Infinity:undefined:undefined:undefined:undefined":73,"s:561:4:561:Infinity":258,"b:561:8:561:30:561:30:561:43":74,"s:561:43:561:Infinity":259,"s:563:27:563:Infinity":260,"b:563:27:563:61:563:61:563:Infinity":75,"s:564:14:564:Infinity":261,"b:564:14:564:31:564:31:564:Infinity":76,"s:565:14:565:Infinity":262,"b:565:14:565:31:565:31:565:Infinity":77,"s:566:4:577:Infinity":263,"b:569:33:569:38:569:38:569:Infinity":78,"b:572:13:572:31:572:31:572:Infinity":79,"b:573:14:573:32:573:32:573:Infinity":80,"s:580:2:580:Infinity":264,"f:590:9:590:Infinity":19,"s:594:19:594:Infinity":265,"s:595:19:595:Infinity":266,"s:596:24:596:Infinity":267,"s:598:16:598:Infinity":268,"s:599:2:630:Infinity":269,"b:599:9:599:20:599:20:599:48":81,"s:600:4:600:Infinity":270,"s:601:4:601:Infinity":271,"s:604:4:604:Infinity":272,"f:604:18:604:19":20,"s:604:28:604:92":273,"b:604:28:604:41:604:41:604:68:604:68:604:92":82,"s:606:4:629:Infinity":274,"s:606:17:606:20":275,"s:607:21:607:Infinity":276,"s:609:6:628:Infinity":277,"s:609:19:609:26":278,"s:610:23:610:Infinity":279,"s:614:10:615:Infinity":280,"b:614:10:614:Infinity:615:10:615:Infinity":83,"b:616:8:616:Infinity:undefined:undefined:undefined:undefined":84,"s:616:8:616:Infinity":281,"s:616:23:616:Infinity":282,"s:619:26:619:Infinity":283,"b:620:8:627:Infinity:undefined:undefined:undefined:undefined":85,"s:620:8:627:Infinity":284,"s:622:21:622:Infinity":285,"s:623:10:623:Infinity":286,"s:624:10:624:Infinity":287,"s:625:10:625:Infinity":288,"s:626:10:626:Infinity":289,"b:632:2:634:Infinity:undefined:undefined:undefined:undefined":86,"s:632:2:634:Infinity":290,"s:633:4:633:Infinity":291,"s:635:2:635:Infinity":292,"f:645:9:645:Infinity":21,"s:649:19:649:Infinity":293,"s:650:19:650:Infinity":294,"s:651:24:651:Infinity":295,"s:653:16:653:Infinity":296,"s:654:2:685:Infinity":297,"b:654:9:654:20:654:20:654:48":87,"s:655:4:655:Infinity":298,"s:656:4:656:Infinity":299,"s:659:4:659:Infinity":300,"f:659:18:659:19":22,"s:659:28:659:92":301,"b:659:28:659:41:659:41:659:68:659:68:659:92":88,"s:661:4:684:Infinity":302,"s:661:17:661:20":303,"s:662:21:662:Infinity":304,"s:664:6:683:Infinity":305,"s:664:19:664:26":306,"s:665:23:665:Infinity":307,"s:669:10:670:Infinity":308,"b:669:10:669:Infinity:670:10:670:Infinity":89,"b:671:8:671:Infinity:undefined:undefined:undefined:undefined":90,"s:671:8:671:Infinity":309,"s:671:23:671:Infinity":310,"s:674:26:674:Infinity":311,"b:675:8:682:Infinity:undefined:undefined:undefined:undefined":91,"s:675:8:682:Infinity":312,"s:677:21:677:Infinity":313,"s:678:10:678:Infinity":314,"s:679:10:679:Infinity":315,"s:680:10:680:Infinity":316,"s:681:10:681:Infinity":317,"b:687:2:689:Infinity:undefined:undefined:undefined:undefined":92,"s:687:2:689:Infinity":318,"s:688:4:688:Infinity":319,"s:690:2:690:Infinity":320,"f:696:9:696:Infinity":23,"s:703:2:709:Infinity":321,"s:704:17:704:Infinity":322,"b:705:4:708:Infinity:undefined:undefined:undefined:undefined":93,"s:705:4:708:Infinity":323,"s:706:6:706:Infinity":324,"s:707:6:707:Infinity":325,"s:711:2:717:Infinity":326,"b:712:4:715:Infinity:undefined:undefined:undefined:undefined":94,"s:712:4:715:Infinity":327,"s:713:6:713:Infinity":328,"s:714:6:714:Infinity":329,"s:716:4:716:Infinity":330,"f:723:9:723:Infinity":24,"s:729:2:735:Infinity":331,"b:730:4:733:Infinity:undefined:undefined:undefined:undefined":95,"s:730:4:733:Infinity":332,"s:731:6:731:Infinity":333,"s:732:6:732:Infinity":334,"s:734:4:734:Infinity":335,"f:742:9:742:Infinity":25,"s:746:2:774:Infinity":336,"s:747:15:747:Infinity":337,"s:748:15:748:Infinity":338,"b:751:4:751:Infinity:undefined:undefined:undefined:undefined":96,"s:751:4:751:Infinity":339,"b:751:8:751:31:751:31:751:52":97,"s:751:52:751:Infinity":340,"b:753:4:773:Infinity:769:4:773:Infinity":98,"s:753:4:773:Infinity":341,"b:753:8:753:35:753:35:753:51:753:51:753:71":99,"b:755:6:758:Infinity:undefined:undefined:undefined:undefined":100,"s:755:6:758:Infinity":342,"s:756:8:756:Infinity":343,"s:757:8:757:Infinity":344,"s:760:6:766:Infinity":345,"s:761:21:761:Infinity":346,"b:762:8:765:Infinity:undefined:undefined:undefined:undefined":101,"s:762:8:765:Infinity":347,"s:763:10:763:Infinity":348,"s:764:10:764:Infinity":349,"s:768:6:768:Infinity":350,"b:769:4:773:Infinity:undefined:undefined:undefined:undefined":102,"s:769:4:773:Infinity":351,"b:769:15:769:41:769:41:769:59":103,"s:771:6:771:Infinity":352,"s:772:6:772:Infinity":353,"f:783:16:783:35":26,"s:784:31:784:Infinity":354,"b:785:2:785:Infinity:undefined:undefined:undefined:undefined":104,"s:785:2:785:Infinity":355,"s:785:17:785:Infinity":356,"s:787:19:787:Infinity":357,"b:788:2:791:Infinity:undefined:undefined:undefined:undefined":105,"s:788:2:791:Infinity":358,"s:789:4:789:Infinity":359,"s:790:4:790:Infinity":360,"s:794:2:794:Infinity":361,"s:797:2:797:Infinity":362,"s:800:2:800:Infinity":363,"s:802:2:802:Infinity":364}}}
,"C:\\Projects\\comfy-node-organizer\\src\\layout\\types.ts": {"path":"C:\\Projects\\comfy-node-organizer\\src\\layout\\types.ts","statementMap":{"0":{"start":{"line":180,"column":44},"end":{"line":191,"column":null}}},"fnMap":{},"branchMap":{},"s":{"0":1},"f":{},"b":{},"meta":{"lastBranch":0,"lastFunction":0,"lastStatement":1,"seen":{"s:180:44:191:Infinity":0}}}
}
