{"C:\\Projects\\comfy-node-organizer\\src\\debug.ts": {"path":"C:\\Projects\\comfy-node-organizer\\src\\debug.ts","statementMap":{"0":{"start":{"line":2,"column":24},"end":{"line":2,"column":null}},"1":{"start":{"line":3,"column":21},"end":{"line":5,"column":null}},"2":{"start":{"line":9,"column":2},"end":{"line":18,"column":null}},"3":{"start":{"line":11,"column":4},"end":{"line":14,"column":null}},"4":{"start":{"line":12,"column":19},"end":{"line":12,"column":null}},"5":{"start":{"line":13,"column":6},"end":{"line":13,"column":null}},"6":{"start":{"line":15,"column":4},"end":{"line":15,"column":null}},"7":{"start":{"line":17,"column":4},"end":{"line":17,"column":null}},"8":{"start":{"line":23,"column":2},"end":{"line":25,"column":null}},"9":{"start":{"line":24,"column":4},"end":{"line":24,"column":null}}},"fnMap":{"0":{"name":"isDebugEnabled","decl":{"start":{"line":8,"column":16},"end":{"line":8,"column":42}},"loc":{"start":{"line":8,"column":42},"end":{"line":19,"column":null}},"line":8},"1":{"name":"debugLog","decl":{"start":{"line":22,"column":16},"end":{"line":22,"column":25}},"loc":{"start":{"line":22,"column":68},"end":{"line":26,"column":null}},"line":22}},"branchMap":{"0":{"loc":{"start":{"line":11,"column":4},"end":{"line":14,"column":null}},"type":"if","locations":[{"start":{"line":11,"column":4},"end":{"line":14,"column":null}},{"start":{},"end":{}}],"line":11},"1":{"loc":{"start":{"line":11,"column":8},"end":{"line":11,"column":66}},"type":"binary-expr","locations":[{"start":{"line":11,"column":8},"end":{"line":11,"column":45}},{"start":{"line":11,"column":45},"end":{"line":11,"column":66}}],"line":11},"2":{"loc":{"start":{"line":13,"column":13},"end":{"line":13,"column":null}},"type":"binary-expr","locations":[{"start":{"line":13,"column":13},"end":{"line":13,"column":89}},{"start":{"line":13,"column":89},"end":{"line":13,"column":null}}],"line":13},"3":{"loc":{"start":{"line":23,"column":2},"end":{"line":25,"column":null}},"type":"if","locations":[{"start":{"line":23,"column":2},"end":{"line":25,"column":null}},{"start":{},"end":{}}],"line":23}},"s":{"0":1,"1":1,"2":516,"3":516,"4":0,"5":0,"6":516,"7":0,"8":516,"9":0},"f":{"0":516,"1":516},"b":{"0":[0,516],"1":[516,516],"2":[0,0],"3":[0,516]},"meta":{"lastBranch":4,"lastFunction":2,"lastStatement":10,"seen":{"s:2:24:2:Infinity":0,"s:3:21:5:Infinity":1,"f:8:16:8:42":0,"s:9:2:18:Infinity":2,"b:11:4:14:Infinity:undefined:undefined:undefined:undefined":0,"s:11:4:14:Infinity":3,"b:11:8:11:45:11:45:11:66":1,"s:12:19:12:Infinity":4,"s:13:6:13:Infinity":5,"b:13:13:13:89:13:89:13:Infinity":2,"s:15:4:15:Infinity":6,"s:17:4:17:Infinity":7,"f:22:16:22:25":1,"b:23:2:25:Infinity:undefined:undefined:undefined:undefined":3,"s:23:2:25:Infinity":8,"s:24:4:24:Infinity":9}}}
,"C:\\Projects\\comfy-node-organizer\\src\\layout\\bin-pack.ts": {"path":"C:\\Projects\\comfy-node-organizer\\src\\layout\\bin-pack.ts","statementMap":{"0":{"start":{"line":29,"column":2},"end":{"line":29,"column":null}},"1":{"start":{"line":29,"column":28},"end":{"line":29,"column":null}},"2":{"start":{"line":32,"column":2},"end":{"line":35,"column":null}},"3":{"start":{"line":34,"column":4},"end":{"line":34,"column":null}},"4":{"start":{"line":38,"column":32},"end":{"line":45,"column":null}},"5":{"start":{"line":39,"column":17},"end":{"line":39,"column":null}},"6":{"start":{"line":40,"column":4},"end":{"line":44,"column":null}},"7":{"start":{"line":48,"column":2},"end":{"line":48,"column":null}},"8":{"start":{"line":48,"column":27},"end":{"line":48,"column":46}},"9":{"start":{"line":50,"column":2},"end":{"line":53,"column":null}},"10":{"start":{"line":52,"column":4},"end":{"line":52,"column":null}},"11":{"start":{"line":56,"column":2},"end":{"line":56,"column":null}},"12":{"start":{"line":67,"column":28},"end":{"line":67,"column":null}},"13":{"start":{"line":68,"column":16},"end":{"line":68,"column":null}},"14":{"start":{"line":70,"column":2},"end":{"line":83,"column":null}},"15":{"start":{"line":71,"column":17},"end":{"line":71,"column":null}},"16":{"start":{"line":72,"column":19},"end":{"line":72,"column":null}},"17":{"start":{"line":73,"column":18},"end":{"line":73,"column":null}},"18":{"start":{"line":75,"column":4},"end":{"line":80,"column":null}},"19":{"start":{"line":82,"column":4},"end":{"line":82,"column":null}},"20":{"start":{"line":85,"column":2},"end":{"line":85,"column":null}},"21":{"start":{"line":98,"column":28},"end":{"line":98,"column":null}},"22":{"start":{"line":99,"column":31},"end":{"line":99,"column":null}},"23":{"start":{"line":101,"column":2},"end":{"line":118,"column":null}},"24":{"start":{"line":102,"column":4},"end":{"line":102,"column":null}},"25":{"start":{"line":104,"column":4},"end":{"line":117,"column":null}},"26":{"start":{"line":106,"column":24},"end":{"line":106,"column":null}},"27":{"start":{"line":106,"column":58},"end":{"line":106,"column":66}},"28":{"start":{"line":107,"column":23},"end":{"line":107,"column":null}},"29":{"start":{"line":107,"column":53},"end":{"line":107,"column":68}},"30":{"start":{"line":109,"column":6},"end":{"line":114,"column":null}},"31":{"start":{"line":110,"column":37},"end":{"line":110,"column":41}},"32":{"start":{"line":116,"column":6},"end":{"line":116,"column":null}},"33":{"start":{"line":121,"column":2},"end":{"line":131,"column":null}},"34":{"start":{"line":122,"column":22},"end":{"line":122,"column":null}},"35":{"start":{"line":122,"column":56},"end":{"line":122,"column":64}},"36":{"start":{"line":123,"column":21},"end":{"line":123,"column":null}},"37":{"start":{"line":123,"column":51},"end":{"line":123,"column":66}},"38":{"start":{"line":125,"column":4},"end":{"line":130,"column":null}},"39":{"start":{"line":126,"column":35},"end":{"line":126,"column":39}},"40":{"start":{"line":134,"column":16},"end":{"line":134,"column":null}},"41":{"start":{"line":135,"column":2},"end":{"line":138,"column":null}},"42":{"start":{"line":136,"column":4},"end":{"line":136,"column":null}},"43":{"start":{"line":137,"column":4},"end":{"line":137,"column":null}},"44":{"start":{"line":140,"column":2},"end":{"line":140,"column":null}},"45":{"start":{"line":157,"column":7},"end":{"line":157,"column":null}},"46":{"start":{"line":159,"column":2},"end":{"line":188,"column":null}},"47":{"start":{"line":161,"column":17},"end":{"line":161,"column":null}},"48":{"start":{"line":163,"column":4},"end":{"line":178,"column":null}},"49":{"start":{"line":164,"column":23},"end":{"line":164,"column":null}},"50":{"start":{"line":168,"column":26},"end":{"line":168,"column":null}},"51":{"start":{"line":169,"column":31},"end":{"line":169,"column":null}},"52":{"start":{"line":171,"column":6},"end":{"line":177,"column":null}},"53":{"start":{"line":172,"column":8},"end":{"line":172,"column":null}},"54":{"start":{"line":173,"column":8},"end":{"line":173,"column":null}},"55":{"start":{"line":174,"column":8},"end":{"line":174,"column":null}},"56":{"start":{"line":175,"column":8},"end":{"line":175,"column":null}},"57":{"start":{"line":176,"column":8},"end":{"line":176,"column":null}},"58":{"start":{"line":180,"column":4},"end":{"line":187,"column":null}},"59":{"start":{"line":182,"column":6},"end":{"line":186,"column":null}},"60":{"start":{"line":191,"column":2},"end":{"line":191,"column":null}},"61":{"start":{"line":191,"column":22},"end":{"line":191,"column":41}},"62":{"start":{"line":194,"column":30},"end":{"line":194,"column":null}},"63":{"start":{"line":195,"column":16},"end":{"line":195,"column":null}},"64":{"start":{"line":197,"column":2},"end":{"line":206,"column":null}},"65":{"start":{"line":198,"column":4},"end":{"line":203,"column":null}},"66":{"start":{"line":199,"column":34},"end":{"line":199,"column":38}},"67":{"start":{"line":205,"column":4},"end":{"line":205,"column":null}},"68":{"start":{"line":208,"column":2},"end":{"line":208,"column":null}},"69":{"start":{"line":215,"column":2},"end":{"line":215,"column":null}},"70":{"start":{"line":215,"column":25},"end":{"line":215,"column":null}},"71":{"start":{"line":216,"column":18},"end":{"line":216,"column":null}},"72":{"start":{"line":217,"column":2},"end":{"line":217,"column":null}},"73":{"start":{"line":224,"column":2},"end":{"line":224,"column":null}},"74":{"start":{"line":224,"column":40},"end":{"line":224,"column":47}}},"fnMap":{"0":{"name":"packNodesIntoRows","decl":{"start":{"line":24,"column":16},"end":{"line":24,"column":null}},"loc":{"start":{"line":28,"column":15},"end":{"line":57,"column":null}},"line":28},"1":{"name":"(anonymous_1)","decl":{"start":{"line":38,"column":44},"end":{"line":38,"column":45}},"loc":{"start":{"line":38,"column":52},"end":{"line":45,"column":3}},"line":38},"2":{"name":"(anonymous_2)","decl":{"start":{"line":48,"column":17},"end":{"line":48,"column":18}},"loc":{"start":{"line":48,"column":27},"end":{"line":48,"column":46}},"line":48},"3":{"name":"packVertically","decl":{"start":{"line":62,"column":9},"end":{"line":62,"column":null}},"loc":{"start":{"line":66,"column":15},"end":{"line":86,"column":null}},"line":66},"4":{"name":"packFixedColumns","decl":{"start":{"line":92,"column":9},"end":{"line":92,"column":null}},"loc":{"start":{"line":96,"column":15},"end":{"line":141,"column":null}},"line":96},"5":{"name":"(anonymous_5)","decl":{"start":{"line":106,"column":51},"end":{"line":106,"column":52}},"loc":{"start":{"line":106,"column":58},"end":{"line":106,"column":66}},"line":106},"6":{"name":"(anonymous_6)","decl":{"start":{"line":107,"column":41},"end":{"line":107,"column":42}},"loc":{"start":{"line":107,"column":53},"end":{"line":107,"column":68}},"line":107},"7":{"name":"(anonymous_7)","decl":{"start":{"line":110,"column":30},"end":{"line":110,"column":31}},"loc":{"start":{"line":110,"column":37},"end":{"line":110,"column":41}},"line":110},"8":{"name":"(anonymous_8)","decl":{"start":{"line":122,"column":49},"end":{"line":122,"column":50}},"loc":{"start":{"line":122,"column":56},"end":{"line":122,"column":64}},"line":122},"9":{"name":"(anonymous_9)","decl":{"start":{"line":123,"column":39},"end":{"line":123,"column":40}},"loc":{"start":{"line":123,"column":51},"end":{"line":123,"column":66}},"line":123},"10":{"name":"(anonymous_10)","decl":{"start":{"line":126,"column":28},"end":{"line":126,"column":29}},"loc":{"start":{"line":126,"column":35},"end":{"line":126,"column":39}},"line":126},"11":{"name":"packByWidth","decl":{"start":{"line":147,"column":9},"end":{"line":147,"column":null}},"loc":{"start":{"line":152,"column":15},"end":{"line":209,"column":null}},"line":152},"12":{"name":"(anonymous_12)","decl":{"start":{"line":191,"column":12},"end":{"line":191,"column":13}},"loc":{"start":{"line":191,"column":22},"end":{"line":191,"column":41}},"line":191},"13":{"name":"(anonymous_13)","decl":{"start":{"line":199,"column":27},"end":{"line":199,"column":28}},"loc":{"start":{"line":199,"column":34},"end":{"line":199,"column":38}},"line":199},"14":{"name":"getPackedHeight","decl":{"start":{"line":214,"column":16},"end":{"line":214,"column":32}},"loc":{"start":{"line":214,"column":59},"end":{"line":218,"column":null}},"line":214},"15":{"name":"getPackedWidth","decl":{"start":{"line":223,"column":16},"end":{"line":223,"column":31}},"loc":{"start":{"line":223,"column":58},"end":{"line":225,"column":null}},"line":223},"16":{"name":"(anonymous_16)","decl":{"start":{"line":224,"column":33},"end":{"line":224,"column":34}},"loc":{"start":{"line":224,"column":40},"end":{"line":224,"column":47}},"line":224}},"branchMap":{"0":{"loc":{"start":{"line":29,"column":2},"end":{"line":29,"column":null}},"type":"if","locations":[{"start":{"line":29,"column":2},"end":{"line":29,"column":null}},{"start":{},"end":{}}],"line":29},"1":{"loc":{"start":{"line":32,"column":2},"end":{"line":35,"column":null}},"type":"if","locations":[{"start":{"line":32,"column":2},"end":{"line":35,"column":null}},{"start":{},"end":{}}],"line":32},"2":{"loc":{"start":{"line":42,"column":13},"end":{"line":42,"column":null}},"type":"binary-expr","locations":[{"start":{"line":42,"column":13},"end":{"line":42,"column":28}},{"start":{"line":42,"column":28},"end":{"line":42,"column":null}}],"line":42},"3":{"loc":{"start":{"line":43,"column":14},"end":{"line":43,"column":null}},"type":"binary-expr","locations":[{"start":{"line":43,"column":14},"end":{"line":43,"column":30}},{"start":{"line":43,"column":30},"end":{"line":43,"column":null}}],"line":43},"4":{"loc":{"start":{"line":50,"column":2},"end":{"line":53,"column":null}},"type":"if","locations":[{"start":{"line":50,"column":2},"end":{"line":53,"column":null}},{"start":{},"end":{}}],"line":50},"5":{"loc":{"start":{"line":72,"column":19},"end":{"line":72,"column":null}},"type":"binary-expr","locations":[{"start":{"line":72,"column":19},"end":{"line":72,"column":35}},{"start":{"line":72,"column":35},"end":{"line":72,"column":null}}],"line":72},"6":{"loc":{"start":{"line":73,"column":18},"end":{"line":73,"column":null}},"type":"binary-expr","locations":[{"start":{"line":73,"column":18},"end":{"line":73,"column":33}},{"start":{"line":73,"column":33},"end":{"line":73,"column":null}}],"line":73},"7":{"loc":{"start":{"line":104,"column":4},"end":{"line":117,"column":null}},"type":"if","locations":[{"start":{"line":104,"column":4},"end":{"line":117,"column":null}},{"start":{},"end":{}}],"line":104},"8":{"loc":{"start":{"line":121,"column":2},"end":{"line":131,"column":null}},"type":"if","locations":[{"start":{"line":121,"column":2},"end":{"line":131,"column":null}},{"start":{},"end":{}}],"line":121},"9":{"loc":{"start":{"line":168,"column":26},"end":{"line":168,"column":null}},"type":"cond-expr","locations":[{"start":{"line":168,"column":43},"end":{"line":168,"column":70}},{"start":{"line":168,"column":70},"end":{"line":168,"column":null}}],"line":168},"10":{"loc":{"start":{"line":169,"column":31},"end":{"line":169,"column":null}},"type":"binary-expr","locations":[{"start":{"line":169,"column":31},"end":{"line":169,"column":53}},{"start":{"line":169,"column":53},"end":{"line":169,"column":null}}],"line":169},"11":{"loc":{"start":{"line":171,"column":6},"end":{"line":177,"column":null}},"type":"if","locations":[{"start":{"line":171,"column":6},"end":{"line":177,"column":null}},{"start":{},"end":{}}],"line":171},"12":{"loc":{"start":{"line":171,"column":10},"end":{"line":171,"column":55}},"type":"binary-expr","locations":[{"start":{"line":171,"column":10},"end":{"line":171,"column":37}},{"start":{"line":171,"column":37},"end":{"line":171,"column":55}}],"line":171},"13":{"loc":{"start":{"line":180,"column":4},"end":{"line":187,"column":null}},"type":"if","locations":[{"start":{"line":180,"column":4},"end":{"line":187,"column":null}},{"start":{},"end":{}}],"line":180},"14":{"loc":{"start":{"line":215,"column":2},"end":{"line":215,"column":null}},"type":"if","locations":[{"start":{"line":215,"column":2},"end":{"line":215,"column":null}},{"start":{},"end":{}}],"line":215}},"s":{"0":160,"1":0,"2":160,"3":18,"4":142,"5":186,"6":186,"7":142,"8":52,"9":142,"10":0,"11":142,"12":18,"13":18,"14":18,"15":43,"16":43,"17":43,"18":43,"19":43,"20":18,"21":0,"22":0,"23":0,"24":0,"25":0,"26":0,"27":0,"28":0,"29":0,"30":0,"31":0,"32":0,"33":0,"34":0,"35":0,"36":0,"37":0,"38":0,"39":0,"40":0,"41":0,"42":0,"43":0,"44":0,"45":142,"46":142,"47":186,"48":186,"49":48,"50":48,"51":48,"52":48,"53":14,"54":14,"55":14,"56":14,"57":14,"58":186,"59":172,"60":142,"61":30,"62":142,"63":142,"64":142,"65":172,"66":186,"67":172,"68":142,"69":0,"70":0,"71":0,"72":0,"73":86,"74":96},"f":{"0":160,"1":186,"2":52,"3":18,"4":0,"5":0,"6":0,"7":0,"8":0,"9":0,"10":0,"11":142,"12":30,"13":186,"14":0,"15":86,"16":96},"b":{"0":[0,160],"1":[18,142],"2":[186,0],"3":[186,0],"4":[0,142],"5":[43,0],"6":[43,0],"7":[0,0],"8":[0,0],"9":[48,0],"10":[48,40],"11":[14,34],"12":[48,22],"13":[172,14],"14":[0,0]},"meta":{"lastBranch":15,"lastFunction":17,"lastStatement":75,"seen":{"f:24:16:24:Infinity":0,"b:29:2:29:Infinity:undefined:undefined:undefined:undefined":0,"s:29:2:29:Infinity":0,"s:29:28:29:Infinity":1,"b:32:2:35:Infinity:undefined:undefined:undefined:undefined":1,"s:32:2:35:Infinity":2,"s:34:4:34:Infinity":3,"s:38:32:45:Infinity":4,"f:38:44:38:45":1,"s:39:17:39:Infinity":5,"s:40:4:44:Infinity":6,"b:42:13:42:28:42:28:42:Infinity":2,"b:43:14:43:30:43:30:43:Infinity":3,"s:48:2:48:Infinity":7,"f:48:17:48:18":2,"s:48:27:48:46":8,"b:50:2:53:Infinity:undefined:undefined:undefined:undefined":4,"s:50:2:53:Infinity":9,"s:52:4:52:Infinity":10,"s:56:2:56:Infinity":11,"f:62:9:62:Infinity":3,"s:67:28:67:Infinity":12,"s:68:16:68:Infinity":13,"s:70:2:83:Infinity":14,"s:71:17:71:Infinity":15,"s:72:19:72:Infinity":16,"b:72:19:72:35:72:35:72:Infinity":5,"s:73:18:73:Infinity":17,"b:73:18:73:33:73:33:73:Infinity":6,"s:75:4:80:Infinity":18,"s:82:4:82:Infinity":19,"s:85:2:85:Infinity":20,"f:92:9:92:Infinity":4,"s:98:28:98:Infinity":21,"s:99:31:99:Infinity":22,"s:101:2:118:Infinity":23,"s:102:4:102:Infinity":24,"b:104:4:117:Infinity:undefined:undefined:undefined:undefined":7,"s:104:4:117:Infinity":25,"s:106:24:106:Infinity":26,"f:106:51:106:52":5,"s:106:58:106:66":27,"s:107:23:107:Infinity":28,"f:107:41:107:42":6,"s:107:53:107:68":29,"s:109:6:114:Infinity":30,"f:110:30:110:31":7,"s:110:37:110:41":31,"s:116:6:116:Infinity":32,"b:121:2:131:Infinity:undefined:undefined:undefined:undefined":8,"s:121:2:131:Infinity":33,"s:122:22:122:Infinity":34,"f:122:49:122:50":8,"s:122:56:122:64":35,"s:123:21:123:Infinity":36,"f:123:39:123:40":9,"s:123:51:123:66":37,"s:125:4:130:Infinity":38,"f:126:28:126:29":10,"s:126:35:126:39":39,"s:134:16:134:Infinity":40,"s:135:2:138:Infinity":41,"s:136:4:136:Infinity":42,"s:137:4:137:Infinity":43,"s:140:2:140:Infinity":44,"f:147:9:147:Infinity":11,"s:157:7:157:Infinity":45,"s:159:2:188:Infinity":46,"s:161:17:161:Infinity":47,"s:163:4:178:Infinity":48,"s:164:23:164:Infinity":49,"s:168:26:168:Infinity":50,"b:168:43:168:70:168:70:168:Infinity":9,"s:169:31:169:Infinity":51,"b:169:31:169:53:169:53:169:Infinity":10,"b:171:6:177:Infinity:undefined:undefined:undefined:undefined":11,"s:171:6:177:Infinity":52,"b:171:10:171:37:171:37:171:55":12,"s:172:8:172:Infinity":53,"s:173:8:173:Infinity":54,"s:174:8:174:Infinity":55,"s:175:8:175:Infinity":56,"s:176:8:176:Infinity":57,"b:180:4:187:Infinity:undefined:undefined:undefined:undefined":13,"s:180:4:187:Infinity":58,"s:182:6:186:Infinity":59,"s:191:2:191:Infinity":60,"f:191:12:191:13":12,"s:191:22:191:41":61,"s:194:30:194:Infinity":62,"s:195:16:195:Infinity":63,"s:197:2:206:Infinity":64,"s:198:4:203:Infinity":65,"f:199:27:199:28":13,"s:199:34:199:38":66,"s:205:4:205:Infinity":67,"s:208:2:208:Infinity":68,"f:214:16:214:32":14,"b:215:2:215:Infinity:undefined:undefined:undefined:undefined":14,"s:215:2:215:Infinity":69,"s:215:25:215:Infinity":70,"s:216:18:216:Infinity":71,"s:217:2:217:Infinity":72,"f:223:16:223:31":15,"s:224:2:224:Infinity":73,"f:224:33:224:34":16,"s:224:40:224:47":74}}}
,"C:\\Projects\\comfy-node-organizer\\src\\layout\\graph-builder.ts": {"path":"C:\\Projects\\comfy-node-organizer\\src\\layout\\graph-builder.ts","statementMap":{"0":{"start":{"line":30,"column":2},"end":{"line":30,"column":null}},"1":{"start":{"line":30,"column":39},"end":{"line":30,"column":null}},"2":{"start":{"line":31,"column":20},"end":{"line":31,"column":null}},"3":{"start":{"line":33,"column":2},"end":{"line":33,"column":null}},"4":{"start":{"line":33,"column":40},"end":{"line":33,"column":null}},"5":{"start":{"line":35,"column":14},"end":{"line":35,"column":null}},"6":{"start":{"line":36,"column":15},"end":{"line":36,"column":null}},"7":{"start":{"line":37,"column":2},"end":{"line":37,"column":null}},"8":{"start":{"line":37,"column":72},"end":{"line":37,"column":null}},"9":{"start":{"line":38,"column":2},"end":{"line":38,"column":null}},"10":{"start":{"line":38,"column":75},"end":{"line":38,"column":null}},"11":{"start":{"line":39,"column":2},"end":{"line":39,"column":null}},"12":{"start":{"line":46,"column":2},"end":{"line":54,"column":null}},"13":{"start":{"line":58,"column":27},"end":{"line":58,"column":null}},"14":{"start":{"line":64,"column":13},"end":{"line":64,"column":null}},"15":{"start":{"line":65,"column":13},"end":{"line":65,"column":null}},"16":{"start":{"line":66,"column":13},"end":{"line":66,"column":null}},"17":{"start":{"line":67,"column":13},"end":{"line":67,"column":null}},"18":{"start":{"line":69,"column":13},"end":{"line":69,"column":null}},"19":{"start":{"line":70,"column":13},"end":{"line":70,"column":null}},"20":{"start":{"line":71,"column":13},"end":{"line":71,"column":null}},"21":{"start":{"line":72,"column":13},"end":{"line":72,"column":null}},"22":{"start":{"line":75,"column":2},"end":{"line":75,"column":null}},"23":{"start":{"line":84,"column":2},"end":{"line":103,"column":null}},"24":{"start":{"line":85,"column":41},"end":{"line":85,"column":null}},"25":{"start":{"line":86,"column":19},"end":{"line":86,"column":null}},"26":{"start":{"line":88,"column":4},"end":{"line":97,"column":null}},"27":{"start":{"line":89,"column":6},"end":{"line":89,"column":null}},"28":{"start":{"line":89,"column":27},"end":{"line":89,"column":null}},"29":{"start":{"line":90,"column":6},"end":{"line":96,"column":null}},"30":{"start":{"line":91,"column":21},"end":{"line":91,"column":null}},"31":{"start":{"line":92,"column":8},"end":{"line":95,"column":null}},"32":{"start":{"line":93,"column":10},"end":{"line":93,"column":null}},"33":{"start":{"line":94,"column":10},"end":{"line":94,"column":null}},"34":{"start":{"line":99,"column":4},"end":{"line":99,"column":null}},"35":{"start":{"line":100,"column":4},"end":{"line":102,"column":null}},"36":{"start":{"line":101,"column":6},"end":{"line":101,"column":null}},"37":{"start":{"line":106,"column":16},"end":{"line":106,"column":null}},"38":{"start":{"line":106,"column":43},"end":{"line":106,"column":57}},"39":{"start":{"line":107,"column":62},"end":{"line":109,"column":null}},"40":{"start":{"line":108,"column":12},"end":{"line":108,"column":null}},"41":{"start":{"line":111,"column":2},"end":{"line":119,"column":null}},"42":{"start":{"line":112,"column":17},"end":{"line":112,"column":null}},"43":{"start":{"line":113,"column":4},"end":{"line":113,"column":null}},"44":{"start":{"line":113,"column":15},"end":{"line":113,"column":null}},"45":{"start":{"line":114,"column":29},"end":{"line":114,"column":null}},"46":{"start":{"line":115,"column":4},"end":{"line":115,"column":null}},"47":{"start":{"line":116,"column":4},"end":{"line":118,"column":null}},"48":{"start":{"line":117,"column":6},"end":{"line":117,"column":null}},"49":{"start":{"line":126,"column":13},"end":{"line":126,"column":null}},"50":{"start":{"line":127,"column":13},"end":{"line":127,"column":null}},"51":{"start":{"line":128,"column":13},"end":{"line":128,"column":null}},"52":{"start":{"line":129,"column":13},"end":{"line":129,"column":null}},"53":{"start":{"line":131,"column":13},"end":{"line":131,"column":null}},"54":{"start":{"line":132,"column":13},"end":{"line":132,"column":null}},"55":{"start":{"line":134,"column":2},"end":{"line":134,"column":null}},"56":{"start":{"line":145,"column":35},"end":{"line":145,"column":null}},"57":{"start":{"line":146,"column":16},"end":{"line":146,"column":null}},"58":{"start":{"line":147,"column":32},"end":{"line":147,"column":null}},"59":{"start":{"line":150,"column":21},"end":{"line":150,"column":null}},"60":{"start":{"line":151,"column":19},"end":{"line":151,"column":null}},"61":{"start":{"line":153,"column":2},"end":{"line":156,"column":null}},"62":{"start":{"line":154,"column":4},"end":{"line":154,"column":null}},"63":{"start":{"line":154,"column":40},"end":{"line":154,"column":null}},"64":{"start":{"line":155,"column":4},"end":{"line":155,"column":null}},"65":{"start":{"line":160,"column":18},"end":{"line":160,"column":null}},"66":{"start":{"line":163,"column":19},"end":{"line":163,"column":null}},"67":{"start":{"line":164,"column":2},"end":{"line":170,"column":null}},"68":{"start":{"line":165,"column":22},"end":{"line":165,"column":null}},"69":{"start":{"line":166,"column":28},"end":{"line":166,"column":null}},"70":{"start":{"line":167,"column":4},"end":{"line":167,"column":null}},"71":{"start":{"line":168,"column":4},"end":{"line":168,"column":null}},"72":{"start":{"line":169,"column":4},"end":{"line":169,"column":null}},"73":{"start":{"line":171,"column":2},"end":{"line":177,"column":null}},"74":{"start":{"line":172,"column":23},"end":{"line":172,"column":null}},"75":{"start":{"line":173,"column":29},"end":{"line":173,"column":null}},"76":{"start":{"line":174,"column":4},"end":{"line":174,"column":null}},"77":{"start":{"line":175,"column":4},"end":{"line":175,"column":null}},"78":{"start":{"line":176,"column":4},"end":{"line":176,"column":null}},"79":{"start":{"line":180,"column":8},"end":{"line":180,"column":null}},"80":{"start":{"line":181,"column":28},"end":{"line":181,"column":null}},"81":{"start":{"line":184,"column":38},"end":{"line":184,"column":null}},"82":{"start":{"line":185,"column":28},"end":{"line":185,"column":null}},"83":{"start":{"line":187,"column":2},"end":{"line":190,"column":null}},"84":{"start":{"line":188,"column":4},"end":{"line":188,"column":null}},"85":{"start":{"line":189,"column":4},"end":{"line":189,"column":null}},"86":{"start":{"line":193,"column":22},"end":{"line":193,"column":null}},"87":{"start":{"line":195,"column":2},"end":{"line":209,"column":null}},"88":{"start":{"line":196,"column":4},"end":{"line":196,"column":null}},"89":{"start":{"line":196,"column":45},"end":{"line":196,"column":null}},"90":{"start":{"line":198,"column":37},"end":{"line":206,"column":null}},"91":{"start":{"line":208,"column":4},"end":{"line":208,"column":null}},"92":{"start":{"line":212,"column":2},"end":{"line":212,"column":null}},"93":{"start":{"line":216,"column":22},"end":{"line":216,"column":null}},"94":{"start":{"line":218,"column":2},"end":{"line":235,"column":null}},"95":{"start":{"line":219,"column":40},"end":{"line":219,"column":null}},"96":{"start":{"line":220,"column":19},"end":{"line":220,"column":null}},"97":{"start":{"line":222,"column":4},"end":{"line":229,"column":null}},"98":{"start":{"line":223,"column":6},"end":{"line":228,"column":null}},"99":{"start":{"line":224,"column":8},"end":{"line":227,"column":null}},"100":{"start":{"line":225,"column":10},"end":{"line":225,"column":null}},"101":{"start":{"line":226,"column":10},"end":{"line":226,"column":null}},"102":{"start":{"line":231,"column":4},"end":{"line":234,"column":null}},"103":{"start":{"line":232,"column":6},"end":{"line":232,"column":null}},"104":{"start":{"line":233,"column":6},"end":{"line":233,"column":null}},"105":{"start":{"line":238,"column":2},"end":{"line":245,"column":null}},"106":{"start":{"line":239,"column":23},"end":{"line":241,"column":null}},"107":{"start":{"line":242,"column":4},"end":{"line":244,"column":null}},"108":{"start":{"line":249,"column":19},"end":{"line":249,"column":null}},"109":{"start":{"line":249,"column":52},"end":{"line":249,"column":59}},"110":{"start":{"line":250,"column":41},"end":{"line":250,"column":null}},"111":{"start":{"line":252,"column":2},"end":{"line":254,"column":null}},"112":{"start":{"line":252,"column":15},"end":{"line":252,"column":18}},"113":{"start":{"line":253,"column":4},"end":{"line":253,"column":null}},"114":{"start":{"line":253,"column":44},"end":{"line":253,"column":57}},"115":{"start":{"line":257,"column":2},"end":{"line":297,"column":null}},"116":{"start":{"line":257,"column":19},"end":{"line":257,"column":29}},"117":{"start":{"line":258,"column":4},"end":{"line":296,"column":null}},"118":{"start":{"line":259,"column":23},"end":{"line":259,"column":null}},"119":{"start":{"line":260,"column":24},"end":{"line":260,"column":null}},"120":{"start":{"line":263,"column":17},"end":{"line":263,"column":null}},"121":{"start":{"line":264,"column":17},"end":{"line":264,"column":null}},"122":{"start":{"line":265,"column":23},"end":{"line":265,"column":null}},"123":{"start":{"line":267,"column":6},"end":{"line":277,"column":null}},"124":{"start":{"line":268,"column":21},"end":{"line":268,"column":null}},"125":{"start":{"line":269,"column":8},"end":{"line":269,"column":null}},"126":{"start":{"line":269,"column":19},"end":{"line":269,"column":null}},"127":{"start":{"line":270,"column":8},"end":{"line":270,"column":null}},"128":{"start":{"line":271,"column":18},"end":{"line":271,"column":null}},"129":{"start":{"line":272,"column":18},"end":{"line":272,"column":null}},"130":{"start":{"line":273,"column":19},"end":{"line":273,"column":null}},"131":{"start":{"line":274,"column":8},"end":{"line":274,"column":null}},"132":{"start":{"line":275,"column":8},"end":{"line":275,"column":null}},"133":{"start":{"line":276,"column":8},"end":{"line":276,"column":null}},"134":{"start":{"line":279,"column":6},"end":{"line":281,"column":null}},"135":{"start":{"line":280,"column":8},"end":{"line":280,"column":null}},"136":{"start":{"line":285,"column":30},"end":{"line":285,"column":null}},"137":{"start":{"line":286,"column":6},"end":{"line":289,"column":null}},"138":{"start":{"line":287,"column":8},"end":{"line":287,"column":null}},"139":{"start":{"line":288,"column":8},"end":{"line":288,"column":null}},"140":{"start":{"line":290,"column":6},"end":{"line":290,"column":null}},"141":{"start":{"line":293,"column":6},"end":{"line":293,"column":null}},"142":{"start":{"line":294,"column":6},"end":{"line":295,"column":null}},"143":{"start":{"line":304,"column":31},"end":{"line":304,"column":null}},"144":{"start":{"line":306,"column":2},"end":{"line":363,"column":null}},"145":{"start":{"line":308,"column":4},"end":{"line":310,"column":null}},"146":{"start":{"line":309,"column":6},"end":{"line":309,"column":null}},"147":{"start":{"line":313,"column":4},"end":{"line":315,"column":null}},"148":{"start":{"line":314,"column":6},"end":{"line":314,"column":null}},"149":{"start":{"line":317,"column":18},"end":{"line":317,"column":null}},"150":{"start":{"line":319,"column":4},"end":{"line":362,"column":null}},"151":{"start":{"line":322,"column":28},"end":{"line":322,"column":null}},"152":{"start":{"line":324,"column":6},"end":{"line":343,"column":null}},"153":{"start":{"line":326,"column":8},"end":{"line":326,"column":null}},"154":{"start":{"line":329,"column":8},"end":{"line":342,"column":null}},"155":{"start":{"line":347,"column":28},"end":{"line":347,"column":null}},"156":{"start":{"line":348,"column":6},"end":{"line":361,"column":null}},"157":{"start":{"line":368,"column":16},"end":{"line":368,"column":null}},"158":{"start":{"line":369,"column":2},"end":{"line":432,"column":null}},"159":{"start":{"line":376,"column":4},"end":{"line":384,"column":null}},"160":{"start":{"line":377,"column":6},"end":{"line":377,"column":null}},"161":{"start":{"line":378,"column":4},"end":{"line":384,"column":null}},"162":{"start":{"line":380,"column":6},"end":{"line":380,"column":null}},"163":{"start":{"line":380,"column":43},"end":{"line":380,"column":61}},"164":{"start":{"line":383,"column":6},"end":{"line":383,"column":null}},"165":{"start":{"line":383,"column":58},"end":{"line":383,"column":81}},"166":{"start":{"line":386,"column":4},"end":{"line":431,"column":null}},"167":{"start":{"line":387,"column":6},"end":{"line":387,"column":null}},"168":{"start":{"line":387,"column":45},"end":{"line":387,"column":null}},"169":{"start":{"line":388,"column":6},"end":{"line":388,"column":null}},"170":{"start":{"line":388,"column":84},"end":{"line":388,"column":null}},"171":{"start":{"line":390,"column":21},"end":{"line":390,"column":null}},"172":{"start":{"line":391,"column":21},"end":{"line":391,"column":null}},"173":{"start":{"line":394,"column":6},"end":{"line":396,"column":null}},"174":{"start":{"line":395,"column":8},"end":{"line":395,"column":null}},"175":{"start":{"line":399,"column":26},"end":{"line":399,"column":null}},"176":{"start":{"line":400,"column":26},"end":{"line":400,"column":null}},"177":{"start":{"line":402,"column":6},"end":{"line":405,"column":null}},"178":{"start":{"line":403,"column":25},"end":{"line":403,"column":null}},"179":{"start":{"line":404,"column":8},"end":{"line":404,"column":null}},"180":{"start":{"line":406,"column":6},"end":{"line":409,"column":null}},"181":{"start":{"line":407,"column":25},"end":{"line":407,"column":null}},"182":{"start":{"line":408,"column":8},"end":{"line":408,"column":null}},"183":{"start":{"line":412,"column":6},"end":{"line":418,"column":null}},"184":{"start":{"line":413,"column":26},"end":{"line":413,"column":null}},"185":{"start":{"line":414,"column":26},"end":{"line":414,"column":null}},"186":{"start":{"line":415,"column":8},"end":{"line":417,"column":null}},"187":{"start":{"line":416,"column":10},"end":{"line":416,"column":null}},"188":{"start":{"line":420,"column":25},"end":{"line":420,"column":null}},"189":{"start":{"line":421,"column":25},"end":{"line":421,"column":null}},"190":{"start":{"line":423,"column":6},"end":{"line":430,"column":null}},"191":{"start":{"line":424,"column":8},"end":{"line":426,"column":null}},"192":{"start":{"line":425,"column":10},"end":{"line":425,"column":null}},"193":{"start":{"line":427,"column":8},"end":{"line":429,"column":null}},"194":{"start":{"line":428,"column":10},"end":{"line":428,"column":null}},"195":{"start":{"line":435,"column":2},"end":{"line":477,"column":null}},"196":{"start":{"line":436,"column":10},"end":{"line":436,"column":null}},"197":{"start":{"line":438,"column":4},"end":{"line":476,"column":null}},"198":{"start":{"line":440,"column":26},"end":{"line":440,"column":null}},"199":{"start":{"line":441,"column":30},"end":{"line":441,"column":null}},"200":{"start":{"line":442,"column":6},"end":{"line":445,"column":null}},"201":{"start":{"line":443,"column":25},"end":{"line":443,"column":null}},"202":{"start":{"line":444,"column":8},"end":{"line":444,"column":null}},"203":{"start":{"line":447,"column":25},"end":{"line":447,"column":null}},"204":{"start":{"line":448,"column":6},"end":{"line":448,"column":null}},"205":{"start":{"line":448,"column":23},"end":{"line":448,"column":null}},"206":{"start":{"line":450,"column":6},"end":{"line":475,"column":null}},"207":{"start":{"line":452,"column":28},"end":{"line":452,"column":null}},"208":{"start":{"line":453,"column":32},"end":{"line":453,"column":null}},"209":{"start":{"line":454,"column":8},"end":{"line":457,"column":null}},"210":{"start":{"line":455,"column":27},"end":{"line":455,"column":null}},"211":{"start":{"line":456,"column":10},"end":{"line":456,"column":null}},"212":{"start":{"line":459,"column":27},"end":{"line":459,"column":null}},"213":{"start":{"line":460,"column":8},"end":{"line":460,"column":null}},"214":{"start":{"line":460,"column":25},"end":{"line":460,"column":null}},"215":{"start":{"line":463,"column":8},"end":{"line":467,"column":null}},"216":{"start":{"line":464,"column":28},"end":{"line":464,"column":null}},"217":{"start":{"line":465,"column":28},"end":{"line":465,"column":null}},"218":{"start":{"line":466,"column":10},"end":{"line":466,"column":null}},"219":{"start":{"line":466,"column":39},"end":{"line":466,"column":null}},"220":{"start":{"line":469,"column":8},"end":{"line":471,"column":null}},"221":{"start":{"line":470,"column":10},"end":{"line":470,"column":null}},"222":{"start":{"line":472,"column":8},"end":{"line":474,"column":null}},"223":{"start":{"line":473,"column":10},"end":{"line":473,"column":null}},"224":{"start":{"line":479,"column":2},"end":{"line":490,"column":null}},"225":{"start":{"line":497,"column":16},"end":{"line":497,"column":null}},"226":{"start":{"line":498,"column":2},"end":{"line":500,"column":null}},"227":{"start":{"line":499,"column":4},"end":{"line":499,"column":null}},"228":{"start":{"line":501,"column":2},"end":{"line":501,"column":null}}},"fnMap":{"0":{"name":"isValidIONode","decl":{"start":{"line":29,"column":9},"end":{"line":29,"column":23}},"loc":{"start":{"line":29,"column":59},"end":{"line":40,"column":null}},"line":29},"1":{"name":"ioNodeToLGraphNode","decl":{"start":{"line":45,"column":9},"end":{"line":45,"column":28}},"loc":{"start":{"line":45,"column":89},"end":{"line":55,"column":null}},"line":45},"2":{"name":"groupContainsGroup","decl":{"start":{"line":63,"column":9},"end":{"line":63,"column":28}},"loc":{"start":{"line":63,"column":77},"end":{"line":76,"column":null}},"line":63},"3":{"name":"buildGroupHierarchy","decl":{"start":{"line":82,"column":9},"end":{"line":82,"column":29}},"loc":{"start":{"line":82,"column":64},"end":{"line":120,"column":null}},"line":82},"4":{"name":"(anonymous_4)","decl":{"start":{"line":106,"column":36},"end":{"line":106,"column":37}},"loc":{"start":{"line":106,"column":43},"end":{"line":106,"column":57}},"line":106},"5":{"name":"(anonymous_5)","decl":{"start":{"line":108,"column":4},"end":{"line":108,"column":5}},"loc":{"start":{"line":108,"column":12},"end":{"line":108,"column":null}},"line":108},"6":{"name":"nodeInsideGroup","decl":{"start":{"line":125,"column":9},"end":{"line":125,"column":25}},"loc":{"start":{"line":125,"column":72},"end":{"line":135,"column":null}},"line":125},"7":{"name":"buildLayoutGraph","decl":{"start":{"line":141,"column":16},"end":{"line":141,"column":null}},"loc":{"start":{"line":144,"column":15},"end":{"line":491,"column":null}},"line":144},"8":{"name":"(anonymous_8)","decl":{"start":{"line":249,"column":45},"end":{"line":249,"column":46}},"loc":{"start":{"line":249,"column":52},"end":{"line":249,"column":59}},"line":249},"9":{"name":"(anonymous_9)","decl":{"start":{"line":253,"column":37},"end":{"line":253,"column":38}},"loc":{"start":{"line":253,"column":44},"end":{"line":253,"column":57}},"line":253},"10":{"name":"(anonymous_10)","decl":{"start":{"line":380,"column":30},"end":{"line":380,"column":31}},"loc":{"start":{"line":380,"column":43},"end":{"line":380,"column":61}},"line":380},"11":{"name":"(anonymous_11)","decl":{"start":{"line":383,"column":46},"end":{"line":383,"column":47}},"loc":{"start":{"line":383,"column":58},"end":{"line":383,"column":81}},"line":383},"12":{"name":"getTopLevelGroup","decl":{"start":{"line":496,"column":9},"end":{"line":496,"column":26}},"loc":{"start":{"line":496,"column":59},"end":{"line":502,"column":null}},"line":496}},"branchMap":{"0":{"loc":{"start":{"line":30,"column":2},"end":{"line":30,"column":null}},"type":"if","locations":[{"start":{"line":30,"column":2},"end":{"line":30,"column":null}},{"start":{},"end":{}}],"line":30},"1":{"loc":{"start":{"line":30,"column":6},"end":{"line":30,"column":39}},"type":"binary-expr","locations":[{"start":{"line":30,"column":6},"end":{"line":30,"column":14}},{"start":{"line":30,"column":14},"end":{"line":30,"column":39}}],"line":30},"2":{"loc":{"start":{"line":33,"column":2},"end":{"line":33,"column":null}},"type":"if","locations":[{"start":{"line":33,"column":2},"end":{"line":33,"column":null}},{"start":{},"end":{}}],"line":33},"3":{"loc":{"start":{"line":37,"column":2},"end":{"line":37,"column":null}},"type":"if","locations":[{"start":{"line":37,"column":2},"end":{"line":37,"column":null}},{"start":{},"end":{}}],"line":37},"4":{"loc":{"start":{"line":37,"column":6},"end":{"line":37,"column":72}},"type":"binary-expr","locations":[{"start":{"line":37,"column":6},"end":{"line":37,"column":14}},{"start":{"line":37,"column":14},"end":{"line":37,"column":44}},{"start":{"line":37,"column":44},"end":{"line":37,"column":72}}],"line":37},"5":{"loc":{"start":{"line":38,"column":2},"end":{"line":38,"column":null}},"type":"if","locations":[{"start":{"line":38,"column":2},"end":{"line":38,"column":null}},{"start":{},"end":{}}],"line":38},"6":{"loc":{"start":{"line":38,"column":6},"end":{"line":38,"column":75}},"type":"binary-expr","locations":[{"start":{"line":38,"column":6},"end":{"line":38,"column":15}},{"start":{"line":38,"column":15},"end":{"line":38,"column":46}},{"start":{"line":38,"column":46},"end":{"line":38,"column":75}}],"line":38},"7":{"loc":{"start":{"line":49,"column":11},"end":{"line":49,"column":null}},"type":"cond-expr","locations":[{"start":{"line":49,"column":30},"end":{"line":49,"column":40}},{"start":{"line":49,"column":40},"end":{"line":49,"column":null}}],"line":49},"8":{"loc":{"start":{"line":75,"column":9},"end":{"line":75,"column":null}},"type":"binary-expr","locations":[{"start":{"line":75,"column":9},"end":{"line":75,"column":21}},{"start":{"line":75,"column":21},"end":{"line":75,"column":33}},{"start":{"line":75,"column":33},"end":{"line":75,"column":55}},{"start":{"line":75,"column":55},"end":{"line":75,"column":null}}],"line":75},"9":{"loc":{"start":{"line":89,"column":6},"end":{"line":89,"column":null}},"type":"if","locations":[{"start":{"line":89,"column":6},"end":{"line":89,"column":null}},{"start":{},"end":{}}],"line":89},"10":{"loc":{"start":{"line":90,"column":6},"end":{"line":96,"column":null}},"type":"if","locations":[{"start":{"line":90,"column":6},"end":{"line":96,"column":null}},{"start":{},"end":{}}],"line":90},"11":{"loc":{"start":{"line":92,"column":8},"end":{"line":95,"column":null}},"type":"if","locations":[{"start":{"line":92,"column":8},"end":{"line":95,"column":null}},{"start":{},"end":{}}],"line":92},"12":{"loc":{"start":{"line":100,"column":4},"end":{"line":102,"column":null}},"type":"if","locations":[{"start":{"line":100,"column":4},"end":{"line":102,"column":null}},{"start":{},"end":{}}],"line":100},"13":{"loc":{"start":{"line":113,"column":4},"end":{"line":113,"column":null}},"type":"if","locations":[{"start":{"line":113,"column":4},"end":{"line":113,"column":null}},{"start":{},"end":{}}],"line":113},"14":{"loc":{"start":{"line":131,"column":13},"end":{"line":131,"column":null}},"type":"binary-expr","locations":[{"start":{"line":131,"column":13},"end":{"line":131,"column":30}},{"start":{"line":131,"column":30},"end":{"line":131,"column":null}}],"line":131},"15":{"loc":{"start":{"line":132,"column":13},"end":{"line":132,"column":null}},"type":"binary-expr","locations":[{"start":{"line":132,"column":13},"end":{"line":132,"column":30}},{"start":{"line":132,"column":30},"end":{"line":132,"column":null}}],"line":132},"16":{"loc":{"start":{"line":134,"column":9},"end":{"line":134,"column":null}},"type":"binary-expr","locations":[{"start":{"line":134,"column":9},"end":{"line":134,"column":21}},{"start":{"line":134,"column":21},"end":{"line":134,"column":37}},{"start":{"line":134,"column":37},"end":{"line":134,"column":49}},{"start":{"line":134,"column":49},"end":{"line":134,"column":null}}],"line":134},"17":{"loc":{"start":{"line":143,"column":2},"end":{"line":143,"column":null}},"type":"default-arg","locations":[{"start":{"line":143,"column":34},"end":{"line":143,"column":null}}],"line":143},"18":{"loc":{"start":{"line":150,"column":21},"end":{"line":150,"column":null}},"type":"binary-expr","locations":[{"start":{"line":150,"column":21},"end":{"line":150,"column":37}},{"start":{"line":150,"column":37},"end":{"line":150,"column":null}}],"line":150},"19":{"loc":{"start":{"line":154,"column":4},"end":{"line":154,"column":null}},"type":"if","locations":[{"start":{"line":154,"column":4},"end":{"line":154,"column":null}},{"start":{},"end":{}}],"line":154},"20":{"loc":{"start":{"line":154,"column":8},"end":{"line":154,"column":40}},"type":"binary-expr","locations":[{"start":{"line":154,"column":8},"end":{"line":154,"column":17}},{"start":{"line":154,"column":17},"end":{"line":154,"column":40}}],"line":154},"21":{"loc":{"start":{"line":164,"column":2},"end":{"line":170,"column":null}},"type":"if","locations":[{"start":{"line":164,"column":2},"end":{"line":170,"column":null}},{"start":{},"end":{}}],"line":164},"22":{"loc":{"start":{"line":171,"column":2},"end":{"line":177,"column":null}},"type":"if","locations":[{"start":{"line":171,"column":2},"end":{"line":177,"column":null}},{"start":{},"end":{}}],"line":171},"23":{"loc":{"start":{"line":187,"column":2},"end":{"line":190,"column":null}},"type":"if","locations":[{"start":{"line":187,"column":2},"end":{"line":190,"column":null}},{"start":{},"end":{}}],"line":187},"24":{"loc":{"start":{"line":187,"column":6},"end":{"line":187,"column":67}},"type":"binary-expr","locations":[{"start":{"line":187,"column":6},"end":{"line":187,"column":37}},{"start":{"line":187,"column":37},"end":{"line":187,"column":67}}],"line":187},"25":{"loc":{"start":{"line":193,"column":22},"end":{"line":193,"column":null}},"type":"binary-expr","locations":[{"start":{"line":193,"column":22},"end":{"line":193,"column":39}},{"start":{"line":193,"column":39},"end":{"line":193,"column":null}}],"line":193},"26":{"loc":{"start":{"line":196,"column":4},"end":{"line":196,"column":null}},"type":"if","locations":[{"start":{"line":196,"column":4},"end":{"line":196,"column":null}},{"start":{},"end":{}}],"line":196},"27":{"loc":{"start":{"line":196,"column":8},"end":{"line":196,"column":45}},"type":"binary-expr","locations":[{"start":{"line":196,"column":8},"end":{"line":196,"column":18}},{"start":{"line":196,"column":18},"end":{"line":196,"column":32}},{"start":{"line":196,"column":32},"end":{"line":196,"column":45}}],"line":196},"28":{"loc":{"start":{"line":223,"column":6},"end":{"line":228,"column":null}},"type":"if","locations":[{"start":{"line":223,"column":6},"end":{"line":228,"column":null}},{"start":{},"end":{}}],"line":223},"29":{"loc":{"start":{"line":224,"column":8},"end":{"line":227,"column":null}},"type":"if","locations":[{"start":{"line":224,"column":8},"end":{"line":227,"column":null}},{"start":{},"end":{}}],"line":224},"30":{"loc":{"start":{"line":231,"column":4},"end":{"line":234,"column":null}},"type":"if","locations":[{"start":{"line":231,"column":4},"end":{"line":234,"column":null}},{"start":{},"end":{}}],"line":231},"31":{"loc":{"start":{"line":239,"column":23},"end":{"line":241,"column":null}},"type":"cond-expr","locations":[{"start":{"line":240,"column":8},"end":{"line":240,"column":null}},{"start":{"line":241,"column":8},"end":{"line":241,"column":null}}],"line":239},"32":{"loc":{"start":{"line":269,"column":8},"end":{"line":269,"column":null}},"type":"if","locations":[{"start":{"line":269,"column":8},"end":{"line":269,"column":null}},{"start":{},"end":{}}],"line":269},"33":{"loc":{"start":{"line":271,"column":18},"end":{"line":271,"column":null}},"type":"binary-expr","locations":[{"start":{"line":271,"column":18},"end":{"line":271,"column":36}},{"start":{"line":271,"column":36},"end":{"line":271,"column":null}}],"line":271},"34":{"loc":{"start":{"line":272,"column":18},"end":{"line":272,"column":null}},"type":"binary-expr","locations":[{"start":{"line":272,"column":18},"end":{"line":272,"column":36}},{"start":{"line":272,"column":36},"end":{"line":272,"column":null}}],"line":272},"35":{"loc":{"start":{"line":273,"column":19},"end":{"line":273,"column":null}},"type":"binary-expr","locations":[{"start":{"line":273,"column":19},"end":{"line":273,"column":36}},{"start":{"line":273,"column":36},"end":{"line":273,"column":null}}],"line":273},"36":{"loc":{"start":{"line":279,"column":6},"end":{"line":281,"column":null}},"type":"if","locations":[{"start":{"line":279,"column":6},"end":{"line":281,"column":null}},{"start":{},"end":{}}],"line":279},"37":{"loc":{"start":{"line":279,"column":10},"end":{"line":279,"column":43}},"type":"binary-expr","locations":[{"start":{"line":279,"column":10},"end":{"line":279,"column":24}},{"start":{"line":279,"column":24},"end":{"line":279,"column":43}}],"line":279},"38":{"loc":{"start":{"line":308,"column":4},"end":{"line":310,"column":null}},"type":"if","locations":[{"start":{"line":308,"column":4},"end":{"line":310,"column":null}},{"start":{},"end":{}}],"line":308},"39":{"loc":{"start":{"line":313,"column":4},"end":{"line":315,"column":null}},"type":"if","locations":[{"start":{"line":313,"column":4},"end":{"line":315,"column":null}},{"start":{},"end":{}}],"line":313},"40":{"loc":{"start":{"line":319,"column":4},"end":{"line":362,"column":null}},"type":"if","locations":[{"start":{"line":319,"column":4},"end":{"line":362,"column":null}},{"start":{"line":345,"column":11},"end":{"line":362,"column":null}}],"line":319},"41":{"loc":{"start":{"line":324,"column":6},"end":{"line":343,"column":null}},"type":"if","locations":[{"start":{"line":324,"column":6},"end":{"line":343,"column":null}},{"start":{},"end":{}}],"line":324},"42":{"loc":{"start":{"line":355,"column":15},"end":{"line":355,"column":null}},"type":"binary-expr","locations":[{"start":{"line":355,"column":15},"end":{"line":355,"column":33}},{"start":{"line":355,"column":33},"end":{"line":355,"column":null}}],"line":355},"43":{"loc":{"start":{"line":356,"column":16},"end":{"line":356,"column":null}},"type":"binary-expr","locations":[{"start":{"line":356,"column":16},"end":{"line":356,"column":34}},{"start":{"line":356,"column":34},"end":{"line":356,"column":null}}],"line":356},"44":{"loc":{"start":{"line":369,"column":2},"end":{"line":432,"column":null}},"type":"if","locations":[{"start":{"line":369,"column":2},"end":{"line":432,"column":null}},{"start":{},"end":{}}],"line":369},"45":{"loc":{"start":{"line":376,"column":4},"end":{"line":384,"column":null}},"type":"if","locations":[{"start":{"line":376,"column":4},"end":{"line":384,"column":null}},{"start":{"line":378,"column":4},"end":{"line":384,"column":null}}],"line":376},"46":{"loc":{"start":{"line":378,"column":4},"end":{"line":384,"column":null}},"type":"if","locations":[{"start":{"line":378,"column":4},"end":{"line":384,"column":null}},{"start":{"line":381,"column":11},"end":{"line":384,"column":null}}],"line":378},"47":{"loc":{"start":{"line":387,"column":6},"end":{"line":387,"column":null}},"type":"if","locations":[{"start":{"line":387,"column":6},"end":{"line":387,"column":null}},{"start":{},"end":{}}],"line":387},"48":{"loc":{"start":{"line":387,"column":10},"end":{"line":387,"column":45}},"type":"binary-expr","locations":[{"start":{"line":387,"column":10},"end":{"line":387,"column":19}},{"start":{"line":387,"column":19},"end":{"line":387,"column":45}}],"line":387},"49":{"loc":{"start":{"line":388,"column":6},"end":{"line":388,"column":null}},"type":"if","locations":[{"start":{"line":388,"column":6},"end":{"line":388,"column":null}},{"start":{},"end":{}}],"line":388},"50":{"loc":{"start":{"line":388,"column":10},"end":{"line":388,"column":84}},"type":"binary-expr","locations":[{"start":{"line":388,"column":10},"end":{"line":388,"column":48}},{"start":{"line":388,"column":48},"end":{"line":388,"column":84}}],"line":388},"51":{"loc":{"start":{"line":394,"column":6},"end":{"line":396,"column":null}},"type":"if","locations":[{"start":{"line":394,"column":6},"end":{"line":396,"column":null}},{"start":{},"end":{}}],"line":394},"52":{"loc":{"start":{"line":394,"column":10},"end":{"line":394,"column":82}},"type":"binary-expr","locations":[{"start":{"line":394,"column":10},"end":{"line":394,"column":47}},{"start":{"line":394,"column":47},"end":{"line":394,"column":82}}],"line":394},"53":{"loc":{"start":{"line":402,"column":6},"end":{"line":405,"column":null}},"type":"if","locations":[{"start":{"line":402,"column":6},"end":{"line":405,"column":null}},{"start":{},"end":{}}],"line":402},"54":{"loc":{"start":{"line":406,"column":6},"end":{"line":409,"column":null}},"type":"if","locations":[{"start":{"line":406,"column":6},"end":{"line":409,"column":null}},{"start":{},"end":{}}],"line":406},"55":{"loc":{"start":{"line":412,"column":6},"end":{"line":418,"column":null}},"type":"if","locations":[{"start":{"line":412,"column":6},"end":{"line":418,"column":null}},{"start":{},"end":{}}],"line":412},"56":{"loc":{"start":{"line":412,"column":10},"end":{"line":412,"column":38}},"type":"binary-expr","locations":[{"start":{"line":412,"column":10},"end":{"line":412,"column":25}},{"start":{"line":412,"column":25},"end":{"line":412,"column":38}}],"line":412},"57":{"loc":{"start":{"line":415,"column":8},"end":{"line":417,"column":null}},"type":"if","locations":[{"start":{"line":415,"column":8},"end":{"line":417,"column":null}},{"start":{},"end":{}}],"line":415},"58":{"loc":{"start":{"line":423,"column":6},"end":{"line":430,"column":null}},"type":"if","locations":[{"start":{"line":423,"column":6},"end":{"line":430,"column":null}},{"start":{},"end":{}}],"line":423},"59":{"loc":{"start":{"line":423,"column":10},"end":{"line":423,"column":36}},"type":"binary-expr","locations":[{"start":{"line":423,"column":10},"end":{"line":423,"column":24}},{"start":{"line":423,"column":24},"end":{"line":423,"column":36}}],"line":423},"60":{"loc":{"start":{"line":424,"column":8},"end":{"line":426,"column":null}},"type":"if","locations":[{"start":{"line":424,"column":8},"end":{"line":426,"column":null}},{"start":{},"end":{}}],"line":424},"61":{"loc":{"start":{"line":427,"column":8},"end":{"line":429,"column":null}},"type":"if","locations":[{"start":{"line":427,"column":8},"end":{"line":429,"column":null}},{"start":{},"end":{}}],"line":427},"62":{"loc":{"start":{"line":435,"column":2},"end":{"line":477,"column":null}},"type":"if","locations":[{"start":{"line":435,"column":2},"end":{"line":477,"column":null}},{"start":{},"end":{}}],"line":435},"63":{"loc":{"start":{"line":442,"column":6},"end":{"line":445,"column":null}},"type":"if","locations":[{"start":{"line":442,"column":6},"end":{"line":445,"column":null}},{"start":{},"end":{}}],"line":442},"64":{"loc":{"start":{"line":448,"column":6},"end":{"line":448,"column":null}},"type":"if","locations":[{"start":{"line":448,"column":6},"end":{"line":448,"column":null}},{"start":{},"end":{}}],"line":448},"65":{"loc":{"start":{"line":454,"column":8},"end":{"line":457,"column":null}},"type":"if","locations":[{"start":{"line":454,"column":8},"end":{"line":457,"column":null}},{"start":{},"end":{}}],"line":454},"66":{"loc":{"start":{"line":460,"column":8},"end":{"line":460,"column":null}},"type":"if","locations":[{"start":{"line":460,"column":8},"end":{"line":460,"column":null}},{"start":{},"end":{}}],"line":460},"67":{"loc":{"start":{"line":463,"column":8},"end":{"line":467,"column":null}},"type":"if","locations":[{"start":{"line":463,"column":8},"end":{"line":467,"column":null}},{"start":{},"end":{}}],"line":463},"68":{"loc":{"start":{"line":463,"column":12},"end":{"line":463,"column":40}},"type":"binary-expr","locations":[{"start":{"line":463,"column":12},"end":{"line":463,"column":27}},{"start":{"line":463,"column":27},"end":{"line":463,"column":40}}],"line":463},"69":{"loc":{"start":{"line":466,"column":10},"end":{"line":466,"column":null}},"type":"if","locations":[{"start":{"line":466,"column":10},"end":{"line":466,"column":null}},{"start":{},"end":{}}],"line":466},"70":{"loc":{"start":{"line":469,"column":8},"end":{"line":471,"column":null}},"type":"if","locations":[{"start":{"line":469,"column":8},"end":{"line":471,"column":null}},{"start":{},"end":{}}],"line":469},"71":{"loc":{"start":{"line":472,"column":8},"end":{"line":474,"column":null}},"type":"if","locations":[{"start":{"line":472,"column":8},"end":{"line":474,"column":null}},{"start":{},"end":{}}],"line":472}},"s":{"0":48,"1":48,"2":0,"3":0,"4":0,"5":0,"6":0,"7":0,"8":0,"9":0,"10":0,"11":0,"12":0,"13":1,"14":272,"15":272,"16":272,"17":272,"18":272,"19":272,"20":272,"21":272,"22":272,"23":24,"24":74,"25":74,"26":74,"27":346,"28":74,"29":272,"30":24,"31":24,"32":24,"33":24,"34":74,"35":74,"36":24,"37":24,"38":74,"39":24,"40":50,"41":24,"42":74,"43":74,"44":0,"45":74,"46":74,"47":74,"48":24,"49":1074,"50":1074,"51":1074,"52":1074,"53":1074,"54":1074,"55":1074,"56":24,"57":24,"58":24,"59":24,"60":24,"61":24,"62":273,"63":0,"64":273,"65":24,"66":24,"67":24,"68":0,"69":0,"70":0,"71":0,"72":0,"73":24,"74":0,"75":0,"76":0,"77":0,"78":0,"79":24,"80":24,"81":24,"82":24,"83":24,"84":0,"85":0,"86":24,"87":24,"88":74,"89":0,"90":74,"91":74,"92":24,"93":24,"94":24,"95":273,"96":273,"97":273,"98":1074,"99":144,"100":132,"101":132,"102":273,"103":120,"104":120,"105":24,"106":74,"107":74,"108":24,"109":74,"110":24,"111":24,"112":24,"113":36,"114":128,"115":36,"116":36,"117":36,"118":74,"119":74,"120":74,"121":74,"122":74,"123":74,"124":120,"125":120,"126":0,"127":120,"128":120,"129":120,"130":120,"131":120,"132":120,"133":120,"134":74,"135":68,"136":74,"137":74,"138":24,"139":24,"140":74,"141":74,"142":74,"143":24,"144":24,"145":273,"146":59,"147":214,"148":0,"149":214,"150":214,"151":104,"152":104,"153":50,"154":50,"155":110,"156":110,"157":24,"158":24,"159":24,"160":24,"161":0,"162":0,"163":0,"164":0,"165":0,"166":24,"167":294,"168":0,"169":294,"170":0,"171":294,"172":294,"173":294,"174":0,"175":294,"176":294,"177":294,"178":160,"179":160,"180":294,"181":88,"182":88,"183":294,"184":64,"185":64,"186":64,"187":24,"188":270,"189":270,"190":270,"191":270,"192":204,"193":270,"194":204,"195":24,"196":0,"197":0,"198":0,"199":0,"200":0,"201":0,"202":0,"203":0,"204":0,"205":0,"206":0,"207":0,"208":0,"209":0,"210":0,"211":0,"212":0,"213":0,"214":0,"215":0,"216":0,"217":0,"218":0,"219":0,"220":0,"221":0,"222":0,"223":0,"224":24,"225":480,"226":480,"227":54,"228":480},"f":{"0":48,"1":0,"2":272,"3":24,"4":74,"5":50,"6":1074,"7":24,"8":74,"9":128,"10":0,"11":0,"12":480},"b":{"0":[48,0],"1":[48,0],"2":[0,0],"3":[0,0],"4":[0,0,0],"5":[0,0],"6":[0,0,0],"7":[0,0],"8":[272,152,101,36],"9":[74,272],"10":[24,248],"11":[24,0],"12":[24,50],"13":[0,74],"14":[1074,0],"15":[1074,0],"16":[1074,720,248,200],"17":[24],"18":[24,0],"19":[0,273],"20":[273,273],"21":[0,24],"22":[0,24],"23":[0,24],"24":[24,24],"25":[24,0],"26":[0,74],"27":[74,74,74],"28":[144,930],"29":[132,12],"30":[120,153],"31":[24,50],"32":[0,120],"33":[120,0],"34":[120,0],"35":[120,0],"36":[68,6],"37":[74,68],"38":[59,214],"39":[0,214],"40":[104,110],"41":[50,54],"42":[110,0],"43":[110,0],"44":[24,0],"45":[24,0],"46":[0,0],"47":[0,294],"48":[294,294],"49":[0,294],"50":[294,294],"51":[0,294],"52":[294,294],"53":[160,134],"54":[88,206],"55":[64,230],"56":[294,160],"57":[24,40],"58":[270,0],"59":[270,270],"60":[204,66],"61":[204,66],"62":[0,24],"63":[0,0],"64":[0,0],"65":[0,0],"66":[0,0],"67":[0,0],"68":[0,0],"69":[0,0],"70":[0,0],"71":[0,0]},"meta":{"lastBranch":72,"lastFunction":13,"lastStatement":229,"seen":{"f:29:9:29:23":0,"b:30:2:30:Infinity:undefined:undefined:undefined:undefined":0,"s:30:2:30:Infinity":0,"b:30:6:30:14:30:14:30:39":1,"s:30:39:30:Infinity":1,"s:31:20:31:Infinity":2,"b:33:2:33:Infinity:undefined:undefined:undefined:undefined":2,"s:33:2:33:Infinity":3,"s:33:40:33:Infinity":4,"s:35:14:35:Infinity":5,"s:36:15:36:Infinity":6,"b:37:2:37:Infinity:undefined:undefined:undefined:undefined":3,"s:37:2:37:Infinity":7,"b:37:6:37:14:37:14:37:44:37:44:37:72":4,"s:37:72:37:Infinity":8,"b:38:2:38:Infinity:undefined:undefined:undefined:undefined":5,"s:38:2:38:Infinity":9,"b:38:6:38:15:38:15:38:46:38:46:38:75":6,"s:38:75:38:Infinity":10,"s:39:2:39:Infinity":11,"f:45:9:45:28":1,"s:46:2:54:Infinity":12,"b:49:30:49:40:49:40:49:Infinity":7,"s:58:27:58:Infinity":13,"f:63:9:63:28":2,"s:64:13:64:Infinity":14,"s:65:13:65:Infinity":15,"s:66:13:66:Infinity":16,"s:67:13:67:Infinity":17,"s:69:13:69:Infinity":18,"s:70:13:70:Infinity":19,"s:71:13:71:Infinity":20,"s:72:13:72:Infinity":21,"s:75:2:75:Infinity":22,"b:75:9:75:21:75:21:75:33:75:33:75:55:75:55:75:Infinity":8,"f:82:9:82:29":3,"s:84:2:103:Infinity":23,"s:85:41:85:Infinity":24,"s:86:19:86:Infinity":25,"s:88:4:97:Infinity":26,"b:89:6:89:Infinity:undefined:undefined:undefined:undefined":9,"s:89:6:89:Infinity":27,"s:89:27:89:Infinity":28,"b:90:6:96:Infinity:undefined:undefined:undefined:undefined":10,"s:90:6:96:Infinity":29,"s:91:21:91:Infinity":30,"b:92:8:95:Infinity:undefined:undefined:undefined:undefined":11,"s:92:8:95:Infinity":31,"s:93:10:93:Infinity":32,"s:94:10:94:Infinity":33,"s:99:4:99:Infinity":34,"b:100:4:102:Infinity:undefined:undefined:undefined:undefined":12,"s:100:4:102:Infinity":35,"s:101:6:101:Infinity":36,"s:106:16:106:Infinity":37,"f:106:36:106:37":4,"s:106:43:106:57":38,"s:107:62:109:Infinity":39,"f:108:4:108:5":5,"s:108:12:108:Infinity":40,"s:111:2:119:Infinity":41,"s:112:17:112:Infinity":42,"b:113:4:113:Infinity:undefined:undefined:undefined:undefined":13,"s:113:4:113:Infinity":43,"s:113:15:113:Infinity":44,"s:114:29:114:Infinity":45,"s:115:4:115:Infinity":46,"s:116:4:118:Infinity":47,"s:117:6:117:Infinity":48,"f:125:9:125:25":6,"s:126:13:126:Infinity":49,"s:127:13:127:Infinity":50,"s:128:13:128:Infinity":51,"s:129:13:129:Infinity":52,"s:131:13:131:Infinity":53,"b:131:13:131:30:131:30:131:Infinity":14,"s:132:13:132:Infinity":54,"b:132:13:132:30:132:30:132:Infinity":15,"s:134:2:134:Infinity":55,"b:134:9:134:21:134:21:134:37:134:37:134:49:134:49:134:Infinity":16,"f:141:16:141:Infinity":7,"b:143:34:143:Infinity":17,"s:145:35:145:Infinity":56,"s:146:16:146:Infinity":57,"s:147:32:147:Infinity":58,"s:150:21:150:Infinity":59,"b:150:21:150:37:150:37:150:Infinity":18,"s:151:19:151:Infinity":60,"s:153:2:156:Infinity":61,"b:154:4:154:Infinity:undefined:undefined:undefined:undefined":19,"s:154:4:154:Infinity":62,"b:154:8:154:17:154:17:154:40":20,"s:154:40:154:Infinity":63,"s:155:4:155:Infinity":64,"s:160:18:160:Infinity":65,"s:163:19:163:Infinity":66,"b:164:2:170:Infinity:undefined:undefined:undefined:undefined":21,"s:164:2:170:Infinity":67,"s:165:22:165:Infinity":68,"s:166:28:166:Infinity":69,"s:167:4:167:Infinity":70,"s:168:4:168:Infinity":71,"s:169:4:169:Infinity":72,"b:171:2:177:Infinity:undefined:undefined:undefined:undefined":22,"s:171:2:177:Infinity":73,"s:172:23:172:Infinity":74,"s:173:29:173:Infinity":75,"s:174:4:174:Infinity":76,"s:175:4:175:Infinity":77,"s:176:4:176:Infinity":78,"s:180:8:180:Infinity":79,"s:181:28:181:Infinity":80,"s:184:38:184:Infinity":81,"s:185:28:185:Infinity":82,"b:187:2:190:Infinity:undefined:undefined:undefined:undefined":23,"s:187:2:190:Infinity":83,"b:187:6:187:37:187:37:187:67":24,"s:188:4:188:Infinity":84,"s:189:4:189:Infinity":85,"s:193:22:193:Infinity":86,"b:193:22:193:39:193:39:193:Infinity":25,"s:195:2:209:Infinity":87,"b:196:4:196:Infinity:undefined:undefined:undefined:undefined":26,"s:196:4:196:Infinity":88,"b:196:8:196:18:196:18:196:32:196:32:196:45":27,"s:196:45:196:Infinity":89,"s:198:37:206:Infinity":90,"s:208:4:208:Infinity":91,"s:212:2:212:Infinity":92,"s:216:22:216:Infinity":93,"s:218:2:235:Infinity":94,"s:219:40:219:Infinity":95,"s:220:19:220:Infinity":96,"s:222:4:229:Infinity":97,"b:223:6:228:Infinity:undefined:undefined:undefined:undefined":28,"s:223:6:228:Infinity":98,"b:224:8:227:Infinity:undefined:undefined:undefined:undefined":29,"s:224:8:227:Infinity":99,"s:225:10:225:Infinity":100,"s:226:10:226:Infinity":101,"b:231:4:234:Infinity:undefined:undefined:undefined:undefined":30,"s:231:4:234:Infinity":102,"s:232:6:232:Infinity":103,"s:233:6:233:Infinity":104,"s:238:2:245:Infinity":105,"s:239:23:241:Infinity":106,"b:240:8:240:Infinity:241:8:241:Infinity":31,"s:242:4:244:Infinity":107,"s:249:19:249:Infinity":108,"f:249:45:249:46":8,"s:249:52:249:59":109,"s:250:41:250:Infinity":110,"s:252:2:254:Infinity":111,"s:252:15:252:18":112,"s:253:4:253:Infinity":113,"f:253:37:253:38":9,"s:253:44:253:57":114,"s:257:2:297:Infinity":115,"s:257:19:257:29":116,"s:258:4:296:Infinity":117,"s:259:23:259:Infinity":118,"s:260:24:260:Infinity":119,"s:263:17:263:Infinity":120,"s:264:17:264:Infinity":121,"s:265:23:265:Infinity":122,"s:267:6:277:Infinity":123,"s:268:21:268:Infinity":124,"b:269:8:269:Infinity:undefined:undefined:undefined:undefined":32,"s:269:8:269:Infinity":125,"s:269:19:269:Infinity":126,"s:270:8:270:Infinity":127,"s:271:18:271:Infinity":128,"b:271:18:271:36:271:36:271:Infinity":33,"s:272:18:272:Infinity":129,"b:272:18:272:36:272:36:272:Infinity":34,"s:273:19:273:Infinity":130,"b:273:19:273:36:273:36:273:Infinity":35,"s:274:8:274:Infinity":131,"s:275:8:275:Infinity":132,"s:276:8:276:Infinity":133,"b:279:6:281:Infinity:undefined:undefined:undefined:undefined":36,"s:279:6:281:Infinity":134,"b:279:10:279:24:279:24:279:43":37,"s:280:8:280:Infinity":135,"s:285:30:285:Infinity":136,"s:286:6:289:Infinity":137,"s:287:8:287:Infinity":138,"s:288:8:288:Infinity":139,"s:290:6:290:Infinity":140,"s:293:6:293:Infinity":141,"s:294:6:295:Infinity":142,"s:304:31:304:Infinity":143,"s:306:2:363:Infinity":144,"b:308:4:310:Infinity:undefined:undefined:undefined:undefined":38,"s:308:4:310:Infinity":145,"s:309:6:309:Infinity":146,"b:313:4:315:Infinity:undefined:undefined:undefined:undefined":39,"s:313:4:315:Infinity":147,"s:314:6:314:Infinity":148,"s:317:18:317:Infinity":149,"b:319:4:362:Infinity:345:11:362:Infinity":40,"s:319:4:362:Infinity":150,"s:322:28:322:Infinity":151,"b:324:6:343:Infinity:undefined:undefined:undefined:undefined":41,"s:324:6:343:Infinity":152,"s:326:8:326:Infinity":153,"s:329:8:342:Infinity":154,"s:347:28:347:Infinity":155,"s:348:6:361:Infinity":156,"b:355:15:355:33:355:33:355:Infinity":42,"b:356:16:356:34:356:34:356:Infinity":43,"s:368:16:368:Infinity":157,"b:369:2:432:Infinity:undefined:undefined:undefined:undefined":44,"s:369:2:432:Infinity":158,"b:376:4:384:Infinity:378:4:384:Infinity":45,"s:376:4:384:Infinity":159,"s:377:6:377:Infinity":160,"b:378:4:384:Infinity:381:11:384:Infinity":46,"s:378:4:384:Infinity":161,"s:380:6:380:Infinity":162,"f:380:30:380:31":10,"s:380:43:380:61":163,"s:383:6:383:Infinity":164,"f:383:46:383:47":11,"s:383:58:383:81":165,"s:386:4:431:Infinity":166,"b:387:6:387:Infinity:undefined:undefined:undefined:undefined":47,"s:387:6:387:Infinity":167,"b:387:10:387:19:387:19:387:45":48,"s:387:45:387:Infinity":168,"b:388:6:388:Infinity:undefined:undefined:undefined:undefined":49,"s:388:6:388:Infinity":169,"b:388:10:388:48:388:48:388:84":50,"s:388:84:388:Infinity":170,"s:390:21:390:Infinity":171,"s:391:21:391:Infinity":172,"b:394:6:396:Infinity:undefined:undefined:undefined:undefined":51,"s:394:6:396:Infinity":173,"b:394:10:394:47:394:47:394:82":52,"s:395:8:395:Infinity":174,"s:399:26:399:Infinity":175,"s:400:26:400:Infinity":176,"b:402:6:405:Infinity:undefined:undefined:undefined:undefined":53,"s:402:6:405:Infinity":177,"s:403:25:403:Infinity":178,"s:404:8:404:Infinity":179,"b:406:6:409:Infinity:undefined:undefined:undefined:undefined":54,"s:406:6:409:Infinity":180,"s:407:25:407:Infinity":181,"s:408:8:408:Infinity":182,"b:412:6:418:Infinity:undefined:undefined:undefined:undefined":55,"s:412:6:418:Infinity":183,"b:412:10:412:25:412:25:412:38":56,"s:413:26:413:Infinity":184,"s:414:26:414:Infinity":185,"b:415:8:417:Infinity:undefined:undefined:undefined:undefined":57,"s:415:8:417:Infinity":186,"s:416:10:416:Infinity":187,"s:420:25:420:Infinity":188,"s:421:25:421:Infinity":189,"b:423:6:430:Infinity:undefined:undefined:undefined:undefined":58,"s:423:6:430:Infinity":190,"b:423:10:423:24:423:24:423:36":59,"b:424:8:426:Infinity:undefined:undefined:undefined:undefined":60,"s:424:8:426:Infinity":191,"s:425:10:425:Infinity":192,"b:427:8:429:Infinity:undefined:undefined:undefined:undefined":61,"s:427:8:429:Infinity":193,"s:428:10:428:Infinity":194,"b:435:2:477:Infinity:undefined:undefined:undefined:undefined":62,"s:435:2:477:Infinity":195,"s:436:10:436:Infinity":196,"s:438:4:476:Infinity":197,"s:440:26:440:Infinity":198,"s:441:30:441:Infinity":199,"b:442:6:445:Infinity:undefined:undefined:undefined:undefined":63,"s:442:6:445:Infinity":200,"s:443:25:443:Infinity":201,"s:444:8:444:Infinity":202,"s:447:25:447:Infinity":203,"b:448:6:448:Infinity:undefined:undefined:undefined:undefined":64,"s:448:6:448:Infinity":204,"s:448:23:448:Infinity":205,"s:450:6:475:Infinity":206,"s:452:28:452:Infinity":207,"s:453:32:453:Infinity":208,"b:454:8:457:Infinity:undefined:undefined:undefined:undefined":65,"s:454:8:457:Infinity":209,"s:455:27:455:Infinity":210,"s:456:10:456:Infinity":211,"s:459:27:459:Infinity":212,"b:460:8:460:Infinity:undefined:undefined:undefined:undefined":66,"s:460:8:460:Infinity":213,"s:460:25:460:Infinity":214,"b:463:8:467:Infinity:undefined:undefined:undefined:undefined":67,"s:463:8:467:Infinity":215,"b:463:12:463:27:463:27:463:40":68,"s:464:28:464:Infinity":216,"s:465:28:465:Infinity":217,"b:466:10:466:Infinity:undefined:undefined:undefined:undefined":69,"s:466:10:466:Infinity":218,"s:466:39:466:Infinity":219,"b:469:8:471:Infinity:undefined:undefined:undefined:undefined":70,"s:469:8:471:Infinity":220,"s:470:10:470:Infinity":221,"b:472:8:474:Infinity:undefined:undefined:undefined:undefined":71,"s:472:8:474:Infinity":222,"s:473:10:473:Infinity":223,"s:479:2:490:Infinity":224,"f:496:9:496:26":12,"s:497:16:497:Infinity":225,"s:498:2:500:Infinity":226,"s:499:4:499:Infinity":227,"s:501:2:501:Infinity":228}}}
,"C:\\Projects\\comfy-node-organizer\\src\\layout\\groups.ts": {"path":"C:\\Projects\\comfy-node-organizer\\src\\layout\\groups.ts","statementMap":{"0":{"start":{"line":5,"column":27},"end":{"line":5,"column":null}},"1":{"start":{"line":12,"column":46},"end":{"line":12,"column":null}},"2":{"start":{"line":14,"column":2},"end":{"line":17,"column":null}},"3":{"start":{"line":15,"column":4},"end":{"line":15,"column":null}},"4":{"start":{"line":16,"column":4},"end":{"line":16,"column":null}},"5":{"start":{"line":19,"column":21},"end":{"line":19,"column":null}},"6":{"start":{"line":20,"column":19},"end":{"line":20,"column":null}},"7":{"start":{"line":23,"column":2},"end":{"line":91,"column":null}},"8":{"start":{"line":23,"column":19},"end":{"line":23,"column":29}},"9":{"start":{"line":24,"column":4},"end":{"line":90,"column":null}},"10":{"start":{"line":25,"column":48},"end":{"line":25,"column":null}},"11":{"start":{"line":28,"column":6},"end":{"line":31,"column":null}},"12":{"start":{"line":29,"column":8},"end":{"line":29,"column":null}},"13":{"start":{"line":30,"column":8},"end":{"line":30,"column":null}},"14":{"start":{"line":34,"column":17},"end":{"line":34,"column":null}},"15":{"start":{"line":35,"column":17},"end":{"line":35,"column":null}},"16":{"start":{"line":36,"column":17},"end":{"line":36,"column":null}},"17":{"start":{"line":37,"column":17},"end":{"line":37,"column":null}},"18":{"start":{"line":40,"column":6},"end":{"line":53,"column":null}},"19":{"start":{"line":41,"column":21},"end":{"line":41,"column":null}},"20":{"start":{"line":42,"column":8},"end":{"line":42,"column":null}},"21":{"start":{"line":42,"column":19},"end":{"line":42,"column":null}},"22":{"start":{"line":44,"column":19},"end":{"line":44,"column":null}},"23":{"start":{"line":45,"column":19},"end":{"line":45,"column":null}},"24":{"start":{"line":46,"column":19},"end":{"line":46,"column":null}},"25":{"start":{"line":47,"column":19},"end":{"line":47,"column":null}},"26":{"start":{"line":49,"column":8},"end":{"line":49,"column":null}},"27":{"start":{"line":50,"column":8},"end":{"line":50,"column":null}},"28":{"start":{"line":51,"column":8},"end":{"line":51,"column":null}},"29":{"start":{"line":52,"column":8},"end":{"line":52,"column":null}},"30":{"start":{"line":56,"column":6},"end":{"line":67,"column":null}},"31":{"start":{"line":57,"column":19},"end":{"line":57,"column":null}},"32":{"start":{"line":58,"column":19},"end":{"line":58,"column":null}},"33":{"start":{"line":59,"column":19},"end":{"line":59,"column":null}},"34":{"start":{"line":60,"column":19},"end":{"line":60,"column":null}},"35":{"start":{"line":61,"column":19},"end":{"line":61,"column":null}},"36":{"start":{"line":63,"column":8},"end":{"line":63,"column":null}},"37":{"start":{"line":64,"column":8},"end":{"line":64,"column":null}},"38":{"start":{"line":65,"column":8},"end":{"line":65,"column":null}},"39":{"start":{"line":66,"column":8},"end":{"line":66,"column":null}},"40":{"start":{"line":70,"column":6},"end":{"line":73,"column":null}},"41":{"start":{"line":71,"column":8},"end":{"line":71,"column":null}},"42":{"start":{"line":72,"column":8},"end":{"line":72,"column":null}},"43":{"start":{"line":76,"column":22},"end":{"line":76,"column":null}},"44":{"start":{"line":77,"column":19},"end":{"line":77,"column":null}},"45":{"start":{"line":78,"column":19},"end":{"line":78,"column":null}},"46":{"start":{"line":79,"column":23},"end":{"line":79,"column":null}},"47":{"start":{"line":80,"column":24},"end":{"line":80,"column":null}},"48":{"start":{"line":82,"column":6},"end":{"line":84,"column":null}},"49":{"start":{"line":87,"column":6},"end":{"line":87,"column":null}},"50":{"start":{"line":89,"column":6},"end":{"line":89,"column":null}},"51":{"start":{"line":93,"column":2},"end":{"line":93,"column":null}},"52":{"start":{"line":107,"column":2},"end":{"line":110,"column":null}},"53":{"start":{"line":108,"column":4},"end":{"line":108,"column":null}},"54":{"start":{"line":109,"column":4},"end":{"line":109,"column":null}},"55":{"start":{"line":111,"column":2},"end":{"line":114,"column":null}},"56":{"start":{"line":112,"column":4},"end":{"line":112,"column":null}},"57":{"start":{"line":113,"column":4},"end":{"line":113,"column":null}},"58":{"start":{"line":117,"column":12},"end":{"line":117,"column":null}},"59":{"start":{"line":121,"column":2},"end":{"line":124,"column":null}},"60":{"start":{"line":122,"column":4},"end":{"line":122,"column":null}},"61":{"start":{"line":123,"column":4},"end":{"line":123,"column":null}},"62":{"start":{"line":125,"column":2},"end":{"line":128,"column":null}},"63":{"start":{"line":126,"column":4},"end":{"line":126,"column":null}},"64":{"start":{"line":127,"column":4},"end":{"line":127,"column":null}},"65":{"start":{"line":131,"column":2},"end":{"line":137,"column":null}},"66":{"start":{"line":132,"column":14},"end":{"line":132,"column":null}},"67":{"start":{"line":133,"column":4},"end":{"line":133,"column":null}},"68":{"start":{"line":134,"column":4},"end":{"line":134,"column":null}},"69":{"start":{"line":135,"column":4},"end":{"line":135,"column":null}},"70":{"start":{"line":136,"column":4},"end":{"line":136,"column":null}},"71":{"start":{"line":140,"column":15},"end":{"line":140,"column":null}},"72":{"start":{"line":141,"column":2},"end":{"line":146,"column":null}},"73":{"start":{"line":142,"column":4},"end":{"line":142,"column":null}},"74":{"start":{"line":143,"column":4},"end":{"line":143,"column":null}},"75":{"start":{"line":144,"column":4},"end":{"line":144,"column":null}},"76":{"start":{"line":145,"column":4},"end":{"line":145,"column":null}}},"fnMap":{"0":{"name":"resizeGroupsToFit","decl":{"start":{"line":11,"column":16},"end":{"line":11,"column":34}},"loc":{"start":{"line":11,"column":62},"end":{"line":94,"column":null}},"line":11},"1":{"name":"updateGroupBounds","decl":{"start":{"line":99,"column":9},"end":{"line":99,"column":null}},"loc":{"start":{"line":105,"column":8},"end":{"line":147,"column":null}},"line":105}},"branchMap":{"0":{"loc":{"start":{"line":14,"column":2},"end":{"line":17,"column":null}},"type":"if","locations":[{"start":{"line":14,"column":2},"end":{"line":17,"column":null}},{"start":{},"end":{}}],"line":14},"1":{"loc":{"start":{"line":14,"column":6},"end":{"line":14,"column":35}},"type":"binary-expr","locations":[{"start":{"line":14,"column":6},"end":{"line":14,"column":24}},{"start":{"line":14,"column":24},"end":{"line":14,"column":35}}],"line":14},"2":{"loc":{"start":{"line":28,"column":6},"end":{"line":31,"column":null}},"type":"if","locations":[{"start":{"line":28,"column":6},"end":{"line":31,"column":null}},{"start":{},"end":{}}],"line":28},"3":{"loc":{"start":{"line":28,"column":10},"end":{"line":28,"column":60}},"type":"binary-expr","locations":[{"start":{"line":28,"column":10},"end":{"line":28,"column":34}},{"start":{"line":28,"column":34},"end":{"line":28,"column":60}}],"line":28},"4":{"loc":{"start":{"line":42,"column":8},"end":{"line":42,"column":null}},"type":"if","locations":[{"start":{"line":42,"column":8},"end":{"line":42,"column":null}},{"start":{},"end":{}}],"line":42},"5":{"loc":{"start":{"line":44,"column":19},"end":{"line":44,"column":null}},"type":"binary-expr","locations":[{"start":{"line":44,"column":19},"end":{"line":44,"column":36}},{"start":{"line":44,"column":36},"end":{"line":44,"column":null}}],"line":44},"6":{"loc":{"start":{"line":45,"column":19},"end":{"line":45,"column":null}},"type":"binary-expr","locations":[{"start":{"line":45,"column":19},"end":{"line":45,"column":36}},{"start":{"line":45,"column":36},"end":{"line":45,"column":null}}],"line":45},"7":{"loc":{"start":{"line":46,"column":19},"end":{"line":46,"column":null}},"type":"binary-expr","locations":[{"start":{"line":46,"column":19},"end":{"line":46,"column":37}},{"start":{"line":46,"column":37},"end":{"line":46,"column":null}}],"line":46},"8":{"loc":{"start":{"line":47,"column":19},"end":{"line":47,"column":null}},"type":"binary-expr","locations":[{"start":{"line":47,"column":19},"end":{"line":47,"column":37}},{"start":{"line":47,"column":37},"end":{"line":47,"column":null}}],"line":47},"9":{"loc":{"start":{"line":70,"column":6},"end":{"line":73,"column":null}},"type":"if","locations":[{"start":{"line":70,"column":6},"end":{"line":73,"column":null}},{"start":{},"end":{}}],"line":70},"10":{"loc":{"start":{"line":107,"column":2},"end":{"line":110,"column":null}},"type":"if","locations":[{"start":{"line":107,"column":2},"end":{"line":110,"column":null}},{"start":{},"end":{}}],"line":107},"11":{"loc":{"start":{"line":111,"column":2},"end":{"line":114,"column":null}},"type":"if","locations":[{"start":{"line":111,"column":2},"end":{"line":114,"column":null}},{"start":{},"end":{}}],"line":111},"12":{"loc":{"start":{"line":121,"column":2},"end":{"line":124,"column":null}},"type":"if","locations":[{"start":{"line":121,"column":2},"end":{"line":124,"column":null}},{"start":{},"end":{}}],"line":121},"13":{"loc":{"start":{"line":125,"column":2},"end":{"line":128,"column":null}},"type":"if","locations":[{"start":{"line":125,"column":2},"end":{"line":128,"column":null}},{"start":{},"end":{}}],"line":125},"14":{"loc":{"start":{"line":131,"column":2},"end":{"line":137,"column":null}},"type":"if","locations":[{"start":{"line":131,"column":2},"end":{"line":137,"column":null}},{"start":{},"end":{}}],"line":131},"15":{"loc":{"start":{"line":141,"column":2},"end":{"line":146,"column":null}},"type":"if","locations":[{"start":{"line":141,"column":2},"end":{"line":146,"column":null}},{"start":{},"end":{}}],"line":141}},"s":{"0":1,"1":24,"2":24,"3":0,"4":0,"5":24,"6":24,"7":24,"8":24,"9":36,"10":74,"11":74,"12":0,"13":0,"14":74,"15":74,"16":74,"17":74,"18":74,"19":120,"20":120,"21":0,"22":120,"23":120,"24":120,"25":120,"26":120,"27":120,"28":120,"29":120,"30":74,"31":24,"32":24,"33":24,"34":24,"35":24,"36":24,"37":24,"38":24,"39":24,"40":74,"41":0,"42":0,"43":74,"44":74,"45":74,"46":74,"47":74,"48":74,"49":74,"50":74,"51":24,"52":74,"53":74,"54":74,"55":74,"56":74,"57":74,"58":74,"59":74,"60":0,"61":0,"62":74,"63":0,"64":0,"65":74,"66":0,"67":0,"68":0,"69":0,"70":0,"71":74,"72":74,"73":0,"74":0,"75":0,"76":0},"f":{"0":24,"1":74},"b":{"0":[0,24],"1":[24,24],"2":[0,74],"3":[74,6],"4":[0,120],"5":[120,0],"6":[120,0],"7":[120,0],"8":[120,0],"9":[0,74],"10":[74,0],"11":[74,0],"12":[0,74],"13":[0,74],"14":[0,74],"15":[0,74]},"meta":{"lastBranch":16,"lastFunction":2,"lastStatement":77,"seen":{"s:5:27:5:Infinity":0,"f:11:16:11:34":0,"s:12:46:12:Infinity":1,"b:14:2:17:Infinity:undefined:undefined:undefined:undefined":0,"s:14:2:17:Infinity":2,"b:14:6:14:24:14:24:14:35":1,"s:15:4:15:Infinity":3,"s:16:4:16:Infinity":4,"s:19:21:19:Infinity":5,"s:20:19:20:Infinity":6,"s:23:2:91:Infinity":7,"s:23:19:23:29":8,"s:24:4:90:Infinity":9,"s:25:48:25:Infinity":10,"b:28:6:31:Infinity:undefined:undefined:undefined:undefined":2,"s:28:6:31:Infinity":11,"b:28:10:28:34:28:34:28:60":3,"s:29:8:29:Infinity":12,"s:30:8:30:Infinity":13,"s:34:17:34:Infinity":14,"s:35:17:35:Infinity":15,"s:36:17:36:Infinity":16,"s:37:17:37:Infinity":17,"s:40:6:53:Infinity":18,"s:41:21:41:Infinity":19,"b:42:8:42:Infinity:undefined:undefined:undefined:undefined":4,"s:42:8:42:Infinity":20,"s:42:19:42:Infinity":21,"s:44:19:44:Infinity":22,"b:44:19:44:36:44:36:44:Infinity":5,"s:45:19:45:Infinity":23,"b:45:19:45:36:45:36:45:Infinity":6,"s:46:19:46:Infinity":24,"b:46:19:46:37:46:37:46:Infinity":7,"s:47:19:47:Infinity":25,"b:47:19:47:37:47:37:47:Infinity":8,"s:49:8:49:Infinity":26,"s:50:8:50:Infinity":27,"s:51:8:51:Infinity":28,"s:52:8:52:Infinity":29,"s:56:6:67:Infinity":30,"s:57:19:57:Infinity":31,"s:58:19:58:Infinity":32,"s:59:19:59:Infinity":33,"s:60:19:60:Infinity":34,"s:61:19:61:Infinity":35,"s:63:8:63:Infinity":36,"s:64:8:64:Infinity":37,"s:65:8:65:Infinity":38,"s:66:8:66:Infinity":39,"b:70:6:73:Infin
[...]
":[43,43],"19":[0,43],"20":[43,43],"21":[50,110],"22":[0,110],"23":[110,0],"24":[0,110],"25":[110,110],"26":[110,0],"27":[24,0],"28":[24,24,24],"29":[0,50],"30":[0,50],"31":[0,24],"32":[24,24,0],"33":[0,0],"34":[0,0],"35":[0,0],"36":[0,0,0],"37":[0,120],"38":[140,24],"39":[0,120],"40":[88,8],"41":[96,88],"42":[24,64],"43":[88,24],"44":[24,0],"45":[20,24],"46":[44,0],"47":[44,0],"48":[44,0],"49":[24,24],"50":[24,0],"51":[24,0],"52":[0,44],"53":[44,0],"54":[44,0],"55":[0,120],"56":[0,120],"57":[120,120],"58":[0,74],"59":[74,6],"60":[68,6],"61":[12,56],"62":[0,28],"63":[16,0],"64":[16,0],"65":[44,0],"66":[44,0],"67":[44,0],"68":[20,0],"69":[20,0],"70":[76,0],"71":[76,0],"72":[76,0],"73":[76,0],"74":[24,0],"75":[0,204],"76":[0,204],"77":[32,86],"78":[0,86],"79":[2,22],"80":[0,118],"81":[0,118],"82":[0,24],"83":[24,0],"84":[24,50],"85":[50,0],"86":[74,0],"87":[74,0],"88":[74,0],"89":[74,0],"90":[120,153],"91":[0,153],"92":[153,153],"93":[153,0],"94":[43,110],"95":[273,0],"96":[273,0],"97":[273,0],"98":[273,0],"99":[18,32],"100":[50,18,18],"101":[18,0],"102":[48,0],"103":[32,0],"104":[32,32],"105":[23,33],"106":[587,93],"107":[1455,1233],"108":[437,1018],"109":[50,968],"110":[10,13],"111":[23,23],"112":[471,38],"113":[875,415],"114":[794,81],"115":[0,81],"116":[0,23],"117":[6,0],"118":[0,0],"119":[6,0],"120":[0,24],"121":[1,23]},"meta":{"lastBranch":122,"lastFunction":30,"lastStatement":413,"seen":{"s:24:27:24:Infinity":0,"f:29:9:29:34":0,"s:30:50:30:Infinity":1,"b:32:2:34:Infinity:undefined:undefined:undefined:undefined":0,"s:32:2:34:Infinity":2,"b:32:6:32:28:32:28:32:60:32:60:32:71":1,"s:33:4:33:Infinity":3,"s:36:17:36:Infinity":4,"s:37:2:42:Infinity":5,"s:38:17:38:Infinity":6,"b:39:4:41:Infinity:undefined:undefined:undefined:undefined":2,"s:39:4:41:Infinity":7,"s:40:6:40:Infinity":8,"b:40:36:40:54:40:54:40:57":3,"s:43:2:43:Infinity":9,"f:50:16:50:38":1,"s:51:29:51:Infinity":10,"s:52:32:52:Infinity":11,"s:54:10:54:Infinity":12,"s:55:2:58:Infinity":13,"s:56:4:56:Infinity":14,"s:57:4:57:Infinity":15,"f:66:16:66:43":2,"s:67:29:67:Infinity":16,"s:68:32:68:Infinity":17,"s:71:22:71:Infinity":18,"s:72:2:76:Infinity":19,"s:73:4:75:Infinity":20,"s:74:6:74:Infinity":21,"s:79:10:79:Infinity":22,"s:80:2:83:Infinity":23,"s:81:4:81:Infinity":24,"s:82:4:82:Infinity":25,"s:86:2:91:Infinity":26,"s:87:4:90:Infinity":27,"s:88:21:88:Infinity":28,"b:88:21:88:49:88:49:88:Infinity":4,"s:89:6:89:Infinity":29,"f:99:16:99:37":3,"s:100:29:100:Infinity":30,"s:103:21:103:Infinity":31,"s:105:2:163:Infinity":32,"s:107:23:107:Infinity":33,"f:107:42:107:43":4,"s:107:49:107:72":34,"s:108:28:108:Infinity":35,"f:108:47:108:48":5,"s:108:54:108:78":36,"s:110:12:110:Infinity":37,"s:111:68:111:Infinity":38,"s:114:4:119:Infinity":39,"s:115:6:115:Infinity":40,"s:116:6:116:Infinity":41,"s:117:6:117:Infinity":42,"s:118:6:118:Infinity":43,"b:122:4:162:Infinity:undefined:undefined:undefined:undefined":5,"s:122:4:162:Infinity":44,"s:124:20:124:Infinity":45,"s:125:6:127:Infinity":46,"s:126:8:126:Infinity":47,"s:130:22:130:Infinity":48,"f:130:42:130:43":6,"s:130:49:130:53":49,"s:131:12:131:Infinity":50,"s:133:6:133:Infinity":51,"s:136:6:155:Infinity":52,"s:137:19:137:Infinity":53,"s:138:19:138:Infinity":54,"s:141:8:145:Infinity":55,"b:142:10:144:Infinity:undefined:undefined:undefined:undefined":6,"s:142:10:144:Infinity":56,"b:142:14:142:38:142:38:142:70":7,"s:143:12:143:Infinity":57,"s:147:8:154:Infinity":58,"s:148:23:148:Infinity":59,"f:148:44:148:45":7,"s:148:51:148:66":60,"b:149:10:153:Infinity:undefined:undefined:undefined:undefined":8,"s:149:10:153:Infinity":61,"s:150:12:150:Infinity":62,"s:151:12:151:Infinity":63,"s:152:12:152:Infinity":64,"s:158:12:158:Infinity":65,"b:159:6:161:Infinity:undefined:undefined:undefined:undefined":9,"s:159:6:161:Infinity":66,"s:160:8:160:Infinity":67,"s:165:2:165:Infinity":68,"f:172:16:172:39":8,"s:173:63:173:Infinity":69,"b:175:2:177:Infinity:undefined:undefined:undefined:undefined":10,"s:175:2:177:Infinity":70,"b:175:6:175:28:175:28:175:60:175:60:175:71":11,"s:176:4:176:Infinity":71,"s:180:43:180:Infinity":72,"s:181:2:186:Infinity":73,"b:182:4:184:Infinity:undefined:undefined:undefined:undefined":12,"s:182:4:184:Infinity":74,"s:183:6:183:Infinity":75,"s:185:4:185:Infinity":76,"b:188:2:191:Infinity:undefined:undefined:undefined:undefined":13,"s:188:2:191:Infinity":77,"s:189:4:189:Infinity":78,"s:190:4:190:Infinity":79,"s:194:16:194:Infinity":80,"s:195:2:203:Infinity":81,"s:196:17:196:Infinity":82,"b:197:4:202:Infinity:undefined:undefined:undefined:undefined":14,"s:197:4:202:Infinity":83,"s:198:6:201:Infinity":84,"b:199:15:199:33:199:33:199:Infinity":15,"b:200:16:200:34:200:34:200:Infinity":16,"s:206:8:209:Infinity":85,"s:212:12:212:Infinity":86,"s:213:12:213:Infinity":87,"s:215:2:227:Infinity":88,"s:216:4:226:Infinity":89,"s:217:19:217:Infinity":90,"b:218:6:225:Infinity:undefined:undefined:undefined:undefined":17,"s:218:6:225:Infinity":91,"b:218:10:218:18:218:18:218:28":18,"b:220:8:222:Infinity:undefined:undefined:undefined:undefined":19,"s:220:8:222:Infinity":92,"b:220:12:220:34:220:34:220:47":20,"s:221:10:221:Infinity":93,"s:223:8:223:Infinity":94,"s:224:8:224:Infinity":95,"s:229:2:231:Infinity":96,"f:239:16:239:31":9,"s:240:83:240:Infinity":97,"s:243:2:271:Infinity":98,"b:244:4:247:Infinity:undefined:undefined:undefined:undefined":21,"s:244:4:247:Infinity":99,"s:246:6:246:Infinity":100,"b:250:4:257:Infinity:undefined:undefined:undefined:undefined":22,"s:250:4:257:Infinity":101,"b:250:8:250:35:250:35:250:61":23,"s:251:6:251:Infinity":102,"s:252:6:252:Infinity":103,"s:253:6:255:Infinity":104,"s:256:6:256:Infinity":105,"s:259:22:259:Infinity":106,"b:262:4:264:Infinity:undefined:undefined:undefined:undefined":24,"s:262:4:264:Infinity":107,"b:262:8:262:35:262:35:262:53":25,"s:263:6:263:Infinity":108,"b:267:4:270:Infinity:undefined:undefined:undefined:undefined":26,"s:267:4:270:Infinity":109,"s:268:6:268:Infinity":110,"s:269:6:269:Infinity":111,"b:274:2:291:Infinity:undefined:undefined:undefined:undefined":27,"s:274:2:291:Infinity":112,"b:274:6:274:30:274:30:274:42:274:42:274:50":28,"s:276:27:276:Infinity":113,"f:276:41:276:42":10,"s:276:48:276:62":114,"s:278:4:290:Infinity":115,"s:279:20:279:Infinity":116,"b:280:6:280:Infinity:undefined:undefined:undefined:undefined":29,"s:280:6:280:Infinity":117,"s:280:31:280:Infinity":118,"s:282:22:282:Infinity":119,"b:283:6:283:Infinity:undefined:undefined:undefined:undefined":30,"s:283:6:283:Infinity":120,"s:283:20:283:Infinity":121,"s:286:21:286:Infinity":122,"s:287:21:287:Infinity":123,"s:289:6:289:Infinity":124,"s:294:2:294:Infinity":125,"b:297:2:335:Infinity:undefined:undefined:undefined:undefined":31,"s:297:2:335:Infinity":126,"b:297:6:297:23:297:23:297:51:297:51:297:61":32,"s:299:22:299:Infinity":127,"s:300:18:300:Infinity":128,"s:302:4:309:Infinity":129,"b:303:6:305:Infinity:undefined:undefined:undefined:undefined":33,"s:303:6:305:Infinity":130,"s:304:8:304:Infinity":131,"b:306:6:308:Infinity:undefined:undefined:undefined:undefined":34,"s:306:6:308:Infinity":132,"s:307:8:307:Infinity":133,"s:312:4:315:Infinity":134,"s:313:6:313:Infinity":135,"s:314:6:314:Infinity":136,"s:318:4:318:Infinity":137,"s:321:4:330:Infinity":138,"s:322:6:329:Infinity":139,"s:323:20:323:Infinity":140,"s:324:21:324:Infinity":141,"b:325:8:328:Infinity:undefined:undefined:undefined:undefined":35,"s:325:8:328:Infinity":142,"b:325:12:325:19:325:19:325:27:325:27:325:37":36,"s:326:10:326:Infinity":143,"s:327:10:327:Infinity":144,"s:332:4:334:Infinity":145,"f:342:9:342:Infinity":11,"s:346:41:346:Infinity":146,"s:349:23:349:Infinity":147,"s:350:2:361:Infinity":148,"s:351:17:351:Infinity":149,"b:352:4:352:Infinity:undefined:undefined:undefined:undefined":37,"s:352:4:352:Infinity":150,"s:352:24:352:Infinity":151,"s:354:4:360:Infinity":152,"b:355:6:359:Infinity:undefined:undefined:undefined:undefined":38,"s:355:6:359:Infinity":153,"s:356:8:358:Infinity":154,"s:357:10:357:Infinity":155,"s:364:2:376:Infinity":156,"s:365:17:365:Infinity":157,"b:366:4:366:Infinity:undefined:undefined:undefined:undefined":39,"s:366:4:366:Infinity":158,"s:366:23:366:Infinity":159,"s:368:4:375:Infinity":160,"b:369:6:374:Infinity:undefined:undefined:undefined:undefined":40,"s:369:6:374:Infinity":161,"b:369:10:369:33:369:33:369:59":41,"s:370:25:370:Infinity":162,"b:371:8:373:Infinity:undefined:undefined:undefined:undefined":42,"s:371:8:373:Infinity":163,"b:371:12:371:38:371:38:371:63":43,"s:372:10:372:Infinity":164,"s:378:2:378:Infinity":165,"f:385:9:385:Infinity":12,"s:391:21:391:Infinity":166,"s:392:19:392:Infinity":167,"s:394:2:397:Infinity":168,"s:395:4:395:Infinity":169,"s:396:4:396:Infinity":170,"s:399:2:402:Infinity":171,"s:400:4:400:Infinity":172,"s:401:4:401:Infinity":173,"b:401:26:401:50:401:50:401:55":44,"s:405:20:405:Infinity":174,"s:406:26:406:Infinity":175,"s:409:2:414:Infinity":176,"b:410:4:413:Infinity:undefined:undefined:undefined:undefined":45,"s:410:4:413:Infinity":177,"b:410:9:410:29:410:29:410:36":46,"s:411:6:411:Infinity":178,"s:412:6:412:Infinity":179,"s:416:2:432:Infinity":180,"s:417:20:417:Infinity":181,"s:418:25:418:Infinity":182,"b:418:25:418:51:418:51:418:Infinity":47,"s:420:4:431:Infinity":183,"b:420:23:420:50:420:50:420:54":48,"s:422:24:422:Infinity":184,"b:422:24:422:47:422:47:422:Infinity":49,"s:423:6:423:Infinity":185,"s:426:12:426:Infinity":186,"b:426:27:426:49:426:49:426:54":50,"s:427:6:427:Infinity":187,"b:428:6:430:Infinity:undefined:undefined:undefined:undefined":51,"s:428:6:430:Infinity":188,"s:429:8:429:Infinity":189,"s:435:2:439:Infinity":190,"b:436:4:438:Infinity:undefined:undefined:undefined:undefined":52,"s:436:4:438:Infinity":191,"s:437:6:437:Infinity":192,"s:442:19:442:Infinity":193,"s:443:33:443:Infinity":194,"f:443:70:443:76":13,"s:443:76:443:78":195,"s:445:2:451:Infinity":196,"s:446:17:446:Infinity":197,"b:447:4:450:Infinity:undefined:undefined:undefined:undefined":53,"s:447:4:450:Infinity":198,"s:448:20:448:Infinity":199,"b:448:20:448:41:448:41:448:Infinity":54,"s:449:6:449:Infinity":200,"s:453:2:453:Infinity":201,"f:461:9:461:Infinity":14,"s:469:32:469:Infinity":202,"s:470:2:475:Infinity":203,"s:471:17:471:Infinity":204,"b:472:4:472:Infinity:undefined:undefined:undefined:undefined":55,"s:472:4:472:Infinity":205,"s:472:15:472:Infinity":206,"b:473:4:473:Infinity:undefined:undefined:undefined:undefined":56,"s:473:4:473:Infinity":207,"b:473:8:473:30:473:30:473:43":57,"s:473:43:473:Infinity":208,"s:474:4:474:Infinity":209,"b:478:2:480:Infinity:undefined:undefined:undefined:undefined":58,"s:478:2:480:Infinity":210,"b:478:6:478:30:478:30:478:62":59,"s:479:4:479:Infinity":211,"s:482:2:482:Infinity":212,"s:485:16:485:Infinity":213,"s:487:15:487:Infinity":214,"b:489:2:553:Infinity:undefined:undefined:undefined:undefined":60,"s:489:2:553:Infinity":215,"b:490:4:552:Infinity:519:11:552:Infinity":61,"s:490:4:552:Infinity":216,"s:492:21:492:Infinity":217,"s:494:14:494:Infinity":218,"s:495:6:518:Infinity":219,"s:495:26:495:29":220,"s:496:22:496:Infinity":221,"b:497:8:497:Infinity:undefined:undefined:undefined:undefined":62,"s:497:8:497:Infinity":222,"s:497:32:497:Infinity":223,"s:500:8:500:Infinity":224,"f:500:19:500:20":15,"s:500:23:500:72":225,"b:500:30:500:45:500:45:500:53":63,"b:500:53:500:68:500:68:500:72":64,"s:502:16:502:Infinity":226,"s:503:28:503:Infinity":227,"s:505:8:514:Infinity":228,"b:506:10:510:Infinity:undefined:undefined:undefined:undefined":65,"s:506:10:510:Infinity":229,"s:507:12:507:Infinity":230,"s:508:12:508:Infinity":231,"s:509:12:509:Infinity":232,"s:512:10:512:Infinity":233,"b:512:50:512:68:512:68:512:71":66,"s:513:10:513:Infinity":234,"b:513:16:513:34:513:34:513:41":67,"s:516:8:516:Infinity":235,"s:517:8:517:Infinity":236,"s:522:6:522:Infinity":237,"f:522:19:522:20":16,"s:522:23:522:72":238,"b:522:30:522:45:522:45:522:53":68,"b:522:53:522:68:522:68:522:72":69,"s:525:20:525:Infinity":239,"s:526:6:531:Infinity":240,"s:527:8:530:Infinity":241,"b:528:17:528:35:528:35:528:Infinity":70,"b:529:18:529:36:529:36:529:Infinity":71,"s:534:22:534:Infinity":242,"f:534:34:534:35":17,"s:534:41:534:45":243,"s:535:12:535:Infinity":244,"s:537:14:537:Infinity":245,"s:538:6:550:Infinity":246,"s:539:16:539:Infinity":247,"s:540:8:548:Infinity":248,"s:541:23:541:Infinity":249,"b:542:10:547:Infinity:undefined:undefined:undefined:undefined":72,"s:542:10:547:Infinity":250,"s:543:12:543:Infinity":251,"s:544:12:544:Infinity":252,"s:545:12:545:Infinity":253,"s:546:12:546:Infinity":254,"b:546:18:546:36:546:36:546:43":73,"s:549:8:549:Infinity":255,"s:551:6:551:Infinity":256,"s:556:2:572:Infinity":257,"s:558:24:558:Infinity":258,"s:559:24:559:Infinity":259,"s:562:22:562:Infinity":260,"b:565:4:569:Infinity:undefined:undefined:undefined:undefined":74,"s:565:4:569:Infinity":261,"s:566:6:566:Infinity":262,"s:567:6:567:Infinity":263,"s:568:6:568:Infinity":264,"s:571:4:571:Infinity":265,"s:574:2:574:Infinity":266,"f:582:9:582:24":18,"b:583:2:583:Infinity:undefined:undefined:undefined:undefined":75,"s:583:2:583:Infinity":267,"s:583:26:583:Infinity":268,"s:585:13:585:Infinity":269,"s:586:13:586:Infinity":270,"s:588:2:591:Infinity":271,"s:589:4:589:Infinity":272,"s:590:4:590:Infinity":273,"b:593:2:593:Infinity:undefined:undefined:undefined:undefined":76,"s:593:2:593:Infinity":274,"s:593:25:593:Infinity":275,"s:594:2:594:Infinity":276,"f:602:16:602:34":19,"s:603:21:603:Infinity":277,"s:607:23:607:Infinity":278,"s:609:2:622:Infinity":279,"s:610:28:610:Infinity":280,"f:610:47:610:48":20,"s:610:54:610:78":281,"b:612:4:615:Infinity:undefined:undefined:undefined:undefined":77,"s:612:4:615:Infinity":282,"s:614:6:614:Infinity":283,"s:617:19:617:Infinity":284,"b:618:4:618:Infinity:undefined:undefined:undefined:undefined":78,"s:618:4:618:Infinity":285,"s:618:17:618:Infinity":286,"s:620:24:620:Infinity":287,"s:621:4:621:Infinity":288,"b:625:2:625:Infinity:undefined:undefined:undefined:undefined":79,"s:625:2:625:Infinity":289,"s:625:28:625:Infinity":290,"s:628:2:640:Infinity":291,"b:629:4:629:Infinity:undefined:undefined:undefined:undefined":80,"s:629:4:629:Infinity":292,"s:629:34:629:Infinity":293,"s:631:19:631:Infinity":294,"b:632:4:632:Infinity:undefined:undefined:undefined:undefined":81,"s:632:4:632:Infinity":295,"s:632:17:632:Infinity":296,"s:634:24:634:Infinity":297,"s:635:10:635:Infinity":298,"s:637:4:639:Infinity":299,"s:638:6:638:Infinity":300,"f:647:9:647:25":21,"s:648:35:648:Infinity":301,"s:649:63:649:Infinity":302,"b:651:2:651:Infinity:undefined:undefined:undefined:undefined":82,"s:651:2:651:Infinity":303,"s:651:17:651:Infinity":304,"s:654:2:667:Infinity":305,"b:654:19:654:29:654:29:654:33":83,"b:655:4:655:Infinity:undefined:undefined:undefined:undefined":84,"s:655:4:655:Infinity":306,"s:655:24:655:Infinity":307,"s:656:4:666:Infinity":308,"b:657:19:657:37:657:37:657:52":85,"b:660:9:660:30:660:30:660:Infinity":86,"b:661:9:661:30:661:30:661:Infinity":87,"b:662:13:662:35:662:35:662:Infinity":88,"b:663:14:663:36:663:36:663:Infinity":89,"s:670:2:685:Infinity":309,"b:671:4:671:Infinity:undefined:undefined:undefined:undefined":90,"s:671:4:671:Infinity":310,"s:671:34:671:Infinity":311,"b:672:4:672:Infinity:undefined:undefined:undefined:undefined":91,"s:672:4:672:Infinity":312,"b:672:8:672:30:672:30:672:43":92,"s:672:43:672:Infinity":313,"s:674:27:674:Infinity":314,"b:674:27:674:61:674:61:674:Infinity":93,"s:675:4:684:Infinity":315,"b:678:33:678:38:678:38:678:Infinity":94,"b:679:9:679:26:679:26:679:Infinity":95,"b:680:9:680:26:680:26:680:Infinity":96,"b:681:13:681:31:681:31:681:Infinity":97,"b:682:14:682:32:682:32:682:Infinity":98,"s:687:2:687:Infinity":316,"f:694:9:694:Infinity":22,"b:700:2:719:Infinity:716:2:719:Infinity":99,"s:700:2:719:Infinity":317,"b:700:6:700:33:700:33:700:49:700:49:700:69":100,"b:702:4:705:Infinity:undefined:undefined:undefined:undefined":101,"s:702:4:705:Infinity":318,"s:703:6:703:Infinity":319,"s:704:6:704:Infinity":320,"s:707:4:713:Infinity":321,"s:708:19:708:Infinity":322,"b:709:6:712:Infinity:undefined:undefined:undefined:undefined":102,"s:709:6:712:Infinity":323,"s:710:8:710:Infinity":324,"s:711:8:711:Infinity":325,"s:715:4:715:Infinity":326,"b:716:2:719:Infinity:undefined:undefined:undefined:undefined":103,"s:716:2:719:Infinity":327,"b:716:13:716:39:716:39:716:57":104,"s:717:4:717:Infinity":328,"s:718:4:718:Infinity":329,"f:728:9:728:Infinity":23,"s:733:19:733:Infinity":330,"s:734:19:734:Infinity":331,"s:735:24:735:Infinity":332,"s:737:16:737:Infinity":333,"s:738:2:770:Infinity":334,"b:738:9:738:20:738:20:738:48":105,"s:739:4:739:Infinity":335,"s:740:4:740:Infinity":336,"s:743:4:743:Infinity":337,"f:743:18:743:19":24,"s:743:28:743:64":338,"b:743:28:743:41:743:41:743:64":106,"s:745:4:769:Infinity":339,"s:745:17:745:20":340,"s:746:21:746:Infinity":341,"s:748:6:768:Infinity":342,"s:748:19:748:26":343,"s:749:23:749:Infinity":344,"s:753:10:754:Infinity":345,"b:753:10:753:Infinity:754:10:754:Infinity":107,"b:755:8:755:Infinity:undefined:undefined:undefined:undefined":108,"s:755:8:755:Infinity":346,"s:755:23:755:Infinity":347,"s:758:26:758:Infinity":348,"b:759:8:767:Infinity:undefined:undefined:undefined:undefined":109,"s:759:8:767:Infinity":349,"s:761:21:761:Infinity":350,"s:762:10:762:Infinity":351,"s:763:10:763:Infinity":352,"s:764:10:764:Infinity":353,"s:765:10:765:Infinity":354,"s:766:10:766:Infinity":355,"b:772:2:774:Infinity:undefined:undefined:undefined:undefined":110,"s:772:2:774:Infinity":356,"s:773:4:773:Infinity":357,"s:775:2:775:Infinity":358,"f:784:9:784:Infinity":25,"s:789:19:789:Infinity":359,"s:790:19:790:Infinity":360,"s:791:24:791:Infinity":361,"s:793:16:793:Infinity":362,"s:794:2:826:Infinity":363,"b:794:9:794:20:794:20:794:48":111,"s:795:4:795:Infinity":364,"s:796:4:796:Infinity":365,"s:799:4:799:Infinity":366,"f:799:18:799:19":26,"s:799:28:799:64":367,"b:799:28:799:41:799:41:799:64":112,"s:801:4:825:Infinity":368,"s:801:17:801:20":369,"s:802:21:802:Infinity":370,"s:804:6:824:Infinity":371,"s:804:19:804:26":372,"s:805:23:805:Infinity":373,"s:809:10:810:Infinity":374,"b:809:10:809:Infinity:810:10:810:Infinity":113,"b:811:8:811:Infinity:undefined:undefined:undefined:undefined":114,"s:811:8:811:Infinity":375,"s:811:23:811:Infinity":376,"s:814:26:814:Infinity":377,"b:815:8:823:Infinity:undefined:undefined:undefined:undefined":115,"s:815:8:823:Infinity":378,"s:817:21:817:Infinity":379,"s:818:10:818:Infinity":380,"s:819:10:819:Infinity":381,"s:820:10:820:Infinity":382,"s:821:10:821:Infinity":383,"s:822:10:822:Infinity":384,"b:828:2:830:Infinity:undefined:undefined:undefined:undefined":116,"s:828:2:830:Infinity":385,"s:829:4:829:Infinity":386,"s:831:2:831:Infinity":387,"f:837:9:837:Infinity":27,"s:844:2:850:Infinity":388,"s:845:17:845:Infinity":389,"b:846:4:849:Infinity:undefined:undefined:undefined:undefined":117,"s:846:4:849:Infinity":390,"s:847:6:847:Infinity":391,"s:848:6:848:Infinity":392,"s:852:2:858:Infinity":393,"b:853:4:856:Infinity:undefined:undefined:undefined:undefined":118,"s:853:4:856:Infinity":394,"s:854:6:854:Infinity":395,"s:855:6:855:Infinity":396,"s:857:4:857:Infinity":397,"f:864:9:864:Infinity":28,"s:870:2:876:Infinity":398,"b:871:4:874:Infinity:undefined:undefined:undefined:undefined":119,"s:871:4:874:Infinity":399,"s:872:6:872:Infinity":400,"s:873:6:873:Infinity":401,"s:875:4:875:Infinity":402,"f:884:16:884:35":29,"s:885:31:885:Infinity":403,"b:886:2:886:Infinity:undefined:undefined:undefined:undefined":120,"s:886:2:886:Infinity":404,"s:886:17:886:Infinity":405,"s:888:19:888:Infinity":406,"b:889:2:892:Infinity:undefined:undefined:undefined:undefined":121,"s:889:2:892:Infinity":407,"s:890:4:890:Infinity":408,"s:891:4:891:Infinity":409,"s:895:2:895:Infinity":410,"s:898:2:898:Infinity":411,"s:900:2:900:Infinity":412}}}
,"C:\\Projects\\comfy-node-organizer\\src\\layout\\types.ts": {"path":"C:\\Projects\\comfy-node-organizer\\src\\layout\\types.ts","statementMap":{"0":{"start":{"line":180,"column":44},"end":{"line":191,"column":null}}},"fnMap":{},"branchMap":{},"s":{"0":1},"f":{},"b":{},"meta":{"lastBranch":0,"lastFunction":0,"lastStatement":1,"seen":{"s:180:44:191:Infinity":0}}}
}
